 Fermi distribution function

Geometry optimization step: 873


********************************************************************************
 iSCC Total electronic   Diff electronic      SCC error    
    3   -0.99861573E+02   -0.99475983E-13    0.76168823E-07
********************************************************************************

Coordinates of moved atoms (au):
    1      0.00253147     16.08286242      0.00000000
    2      2.30287222     15.89143338     -0.00000000
    3      4.89994516     15.68017703     -0.00000001
    4      7.22730443     15.49583168     -0.00000002
    5      9.80323658     15.30212249     -0.00000002
    6     12.14189552     15.13462722     -0.00000000
    7     14.71124652     14.96598013      0.00000000
    8     17.05591033     14.82387007      0.00000002
    9     19.62344432     14.68811404      0.00000003
   10     21.97197776     14.57952704      0.00000002
   11     24.53950244     14.48418450      0.00000001
   12     26.89057136     14.41614320     -0.00000001
   13     29.45854613     14.36707771     -0.00000001
   14     31.81090572     14.34419796     -0.00000000
   15     34.37909680     14.34442710      0.00000000
   16     36.73144887     14.36785206      0.00000001
   17     39.29941448     14.41713798      0.00000001
   18     41.65048167     14.48517032     -0.00000001
   19     44.21801153     14.58026030     -0.00000002
   20     46.56656887     14.68832144     -0.00000003
   21     49.13412425     14.82371546     -0.00000002
   22     51.47881011     14.96549317     -0.00000001
   23     54.04817049     15.13406344      0.00000001
   24     56.38682764     15.30158834      0.00000002
   25     58.96275573     15.49537403      0.00000002
   26     61.29010927     15.67979428      0.00000001
   27     63.88716557     15.89120363      0.00000000
   28     66.18749852     16.08272883     -0.00000000
   29      0.00248766      0.16898566     -0.00000004
   30      2.30280939      0.36058443     -0.00000006
   31      4.89985994      0.57194678     -0.00000006
   32      7.22722203      0.75621182     -0.00000002
   33      9.80315599      0.94979415      0.00000000
   34     12.14182712      1.11707022      0.00000003
   35     14.71119277      1.28542653      0.00000004
   36     17.05588218      1.42706552      0.00000003
   37     19.62343640      1.56233334      0.00000001
   38     21.97199096      1.67038216     -0.00000001
   39     24.53952240      1.76528537     -0.00000003
   40     26.89059472      1.83304963     -0.00000003
   41     29.45856136      1.88198043     -0.00000003
   42     31.81091316      1.90503278     -0.00000001
   43     34.37909530      1.90497434      0.00000001
   44     36.73144623      1.88179890      0.00000003
   45     39.29941119      1.83280457      0.00000003
   46     41.65048251      1.76503024      0.00000003
   47     44.21801622      1.67017169      0.00000001
   48     46.56657560      1.56222615     -0.00000001
   49     49.13413606      1.42706485     -0.00000003
   50     51.47883363      1.28554607     -0.00000004
   51     54.04820399      1.11727509     -0.00000003
   52     56.38687904      0.95006154     -0.00000000
   53     58.96281223      0.75648645      0.00000002
   54     61.29017019      0.57218964      0.00000006
   55     63.88721530      0.36075421      0.00000006
   56     66.18752822      0.16907048      0.00000004
   57     -2.00860416     16.25164350      0.00000000
   58     68.19861649     16.25164350     -0.00000000
   59     68.19861649      0.00000000     -0.00000000
   60     -2.00860416      0.00000000      0.00000000

 Total charge:    -0.00000000

 Atomic gross charges (e)
 Atom           Charge
    1      -0.23870207
    2       0.05716297
    3      -0.00277556
    4      -0.00047725
    5       0.00044347
    6      -0.00170586
    7       0.00039290
    8      -0.00151840
    9       0.00016127
   10      -0.00119785
   11      -0.00008326
   12      -0.00088769
   13      -0.00033589
   14      -0.00060149
   15      -0.00060178
   16      -0.00033543
   17      -0.00088774
   18      -0.00008327
   19      -0.00119744
   20       0.00016089
   21      -0.00151828
   22       0.00039264
   23      -0.00170585
   24       0.00044358
   25      -0.00047748
   26      -0.00277524
   27       0.05716306
   28      -0.23870224
   29      -0.23870257
   30       0.05716332
   31      -0.00277540
   32      -0.00047720
   33       0.00044350
   34      -0.00170575
   35       0.00039266
   36      -0.00151815
   37       0.00016096
   38      -0.00119751
   39      -0.00008332
   40      -0.00088769
   41      -0.00033559
   42      -0.00060154
   43      -0.00060169
   44      -0.00033556
   45      -0.00088767
   46      -0.00008330
   47      -0.00119763
   48       0.00016105
   49      -0.00151835
   50       0.00039274
   51      -0.00170577
   52       0.00044358
   53      -0.00047712
   54      -0.00277537
   55       0.05716333
   56      -0.23870240
   57       0.19012466
   58       0.19012463
   59       0.19012419
   60       0.19012423


 Atomic net (on-site) populations and hybridisation ratios
 Atom       Population         Hybrid.
    1       3.07771043      0.23057239
    2       2.68838676      0.32790331
    3       2.78734335      0.30316416
    4       2.76515878      0.30871030
    5       2.77750776      0.30562306
    6       2.77244525      0.30688869
    7       2.77587806      0.30603048
    8       2.77453563      0.30636609
    9       2.77547572      0.30613107
   10       2.77525800      0.30618550
   11       2.77540818      0.30614795
   12       2.77548180      0.30612955
   13       2.77545015      0.30613746
   14       2.77550115      0.30612471
   15       2.77550085      0.30612479
   16       2.77544752      0.30613812
   17       2.77547993      0.30613002
   18       2.77540646      0.30614839
   19       2.77525616      0.30618596
   20       2.77547675      0.30613081
   21       2.77453659      0.30636585
   22       2.77588010      0.30602997
   23       2.77244644      0.30688839
   24       2.77750798      0.30562301
   25       2.76515972      0.30871007
   26       2.78734193      0.30316452
   27       2.68838577      0.32790356
   28       3.07771004      0.23057249
   29       3.07770591      0.23057352
   30       2.68838147      0.32790463
   31       2.78733906      0.30316524
   32       2.76515608      0.30871098
   33       2.77750479      0.30562380
   34       2.77244321      0.30688920
   35       2.77587653      0.30603087
   36       2.77453318      0.30636670
   37       2.77547382      0.30613154
   38       2.77525412      0.30618647
   39       2.77540461      0.30614885
   40       2.77547781      0.30613055
   41       2.77544525      0.30613869
   42       2.77549724      0.30612569
   43       2.77549752      0.30612562
   44       2.77544521      0.30613870
   45       2.77547733      0.30613067
   46       2.77540449      0.30614888
   47       2.77525441      0.30618640
   48       2.77547382      0.30613154
   49       2.77453390      0.30636652
   50       2.77587651      0.30603087
   51       2.77244281      0.30688930
   52       2.77750432      0.30562392
   53       2.76515505      0.30871124
   54       2.78733870      0.30316533
   55       2.68838098      0.32790476
   56       3.07770542      0.23057365
   57       0.44647094      0.55352906
   58       0.44647024      0.55352976
   59       0.44646870      0.55353130
   60       0.44646826      0.55353174

Nr. of electrons (up):    228.00000000
Atom populations (up)
 Atom       Population
    1       4.23870207
    2       3.94283703
    3       4.00277556
    4       4.00047725
    5       3.99955653
    6       4.00170586
    7       3.99960710
    8       4.00151840
    9       3.99983873
   10       4.00119785
   11       4.00008326
   12       4.00088769
   13       4.00033589
   14       4.00060149
   15       4.00060178
   16       4.00033543
   17       4.00088774
   18       4.00008327
   19       4.00119744
   20       3.99983911
   21       4.00151828
   22       3.99960736
   23       4.00170585
   24       3.99955642
   25       4.00047748
   26       4.00277524
   27       3.94283694
   28       4.23870224
   29       4.23870257
   30       3.94283668
   31       4.00277540
   32       4.00047720
   33       3.99955650
   34       4.00170575
   35       3.99960734
   36       4.00151815
   37       3.99983904
   38       4.00119751
   39       4.00008332
   40       4.00088769
   41       4.00033559
   42       4.00060154
   43       4.00060169
   44       4.00033556
   45       4.00088767
   46       4.00008330
   47       4.00119763
   48       3.99983895
   49       4.00151835
   50       3.99960726
   51       4.00170577
   52       3.99955642
   53       4.00047712
   54       4.00277537
   55       3.94283667
   56       4.23870240
   57       0.80987534
   58       0.80987537
   59       0.80987581
   60       0.80987577

l-shell populations (up)
 Atom Sh.   l       Population
    1   1   0       1.27575586
    1   2   1       2.96294620
    2   1   0       1.15742593
    2   2   1       2.78541110
    3   1   0       1.16695195
    3   2   1       2.83582361
    4   1   0       1.16097770
    4   2   1       2.83949955
    5   1   0       1.16238150
    5   2   1       2.83717503
    6   1   0       1.16084164
    6   2   1       2.84086422
    7   1   0       1.16166892
    7   2   1       2.83793818
    8   1   0       1.16100184
    8   2   1       2.84051657
    9   1   0       1.16143551
    9   2   1       2.83840323
   10   1   0       1.16109893
   10   2   1       2.84009892
   11   1   0       1.16132289
   11   2   1       2.83876037
   12   1   0       1.16115935
   12   2   1       2.83972834
   13   1   0       1.16125572
   13   2   1       2.83908016
   14   1   0       1.16120611
   14   2   1       2.83939537
   15   1   0       1.16120588
   15   2   1       2.83939590
   16   1   0       1.16125480
   16   2   1       2.83908062
   17   1   0       1.16115852
   17   2   1       2.83972923
   18   1   0       1.16132214
   18   2   1       2.83876113
   19   1   0       1.16109830
   19   2   1       2.84009914
   20   1   0       1.16143575
   20   2   1       2.83840336
   21   1   0       1.16100231
   21   2   1       2.84051597
   22   1   0       1.16166969
   22   2   1       2.83793767
   23   1   0       1.16084217
   23   2   1       2.84086368
   24   1   0       1.16238171
   24   2   1       2.83717472
   25   1   0       1.16097796
   25   2   1       2.83949952
   26   1   0       1.16695145
   26   2   1       2.83582379
   27   1   0       1.15742551
   27   2   1       2.78541143
   28   1   0       1.27575542
   28   2   1       2.96294682
   29   1   0       1.27575306
   29   2   1       2.96294951
   30   1   0       1.15742380
   30   2   1       2.78541288
   31   1   0       1.16694988
   31   2   1       2.83582552
   32   1   0       1.16097646
   32   2   1       2.83950074
   33   1   0       1.16238016
   33   2   1       2.83717634
   34   1   0       1.16084073
   34   2   1       2.84086503
   35   1   0       1.16166808
   35   2   1       2.83793926
   36   1   0       1.16100083
   36   2   1       2.84051732
   37   1   0       1.16143445
   37   2   1       2.83840459
   38   1   0       1.16109734
   38   2   1       2.84010016
   39   1   0       1.16132123
   39   2   1       2.83876208
   40   1   0       1.16115756
   40   2   1       2.83973013
   41   1   0       1.16125368
   41   2   1       2.83908191
   42   1   0       1.16120435
   42   2   1       2.83939719
   43   1   0       1.16120441
   43   2   1       2.83939729
   44   1   0       1.16125367
   44   2   1       2.83908190
   45   1   0       1.16115739
   45   2   1       2.83973028
   46   1   0       1.16132121
   46   2   1       2.83876209
   47   1   0       1.16109741
   47   2   1       2.84010021
   48   1   0       1.16143452
   48   2   1       2.83840444
   49   1   0       1.16100102
   49   2   1       2.84051733
   50   1   0       1.16166810
   50   2   1       2.83793916
   51   1   0       1.16084055
   51   2   1       2.84086522
   52   1   0       1.16237996
   52   2   1       2.83717646
   53   1   0       1.16097608
   53   2   1       2.83950104
   54   1   0       1.16694975
   54   2   1       2.83582562
   55   1   0       1.15742359
   55   2   1       2.78541307
   56   1   0       1.27575304
   56   2   1       2.96294937
   57   1   0       0.80987534
   57   2   1       0.00000000
   58   1   0       0.80987537
   58   2   1       0.00000000
   59   1   0       0.80987581
   59   2   1       0.00000000
   60   1   0       0.80987577
   60   2   1       0.00000000

Orbital populations (up)
 Atom Sh.   l   m       Population  Label
    1   1   0   0       1.27575586  s
    1   2   1  -1       1.02424972  p_y
    1   2   1   0       1.02505324  p_z
    1   2   1   1       0.91364324  p_x
    2   1   0   0       1.15742593  s
    2   2   1  -1       0.97439205  p_y
    2   2   1   0       0.97533191  p_z
    2   2   1   1       0.83568714  p_x
    3   1   0   0       1.16695195  s
    3   2   1  -1       0.99633214  p_y
    3   2   1   0       0.99737274  p_z
    3   2   1   1       0.84211872  p_x
    4   1   0   0       1.16097770  s
    4   2   1  -1       0.99923750  p_y
    4   2   1   0       1.00017536  p_z
    4   2   1   1       0.84008669  p_x
    5   1   0   0       1.16238150  s
    5   2   1  -1       0.99828640  p_y
    5   2   1   0       0.99919322  p_z
    5   2   1   1       0.83969541  p_x
    6   1   0   0       1.16084164  s
    6   2   1  -1       1.00029591  p_y
    6   2   1   0       1.00103316  p_z
    6   2   1   1       0.83953515  p_x
    7   1   0   0       1.16166892  s
    7   2   1  -1       0.99891404  p_y
    7   2   1   0       0.99960150  p_z
    7   2   1   1       0.83942264  p_x
    8   1   0   0       1.16100184  s
    8   2   1  -1       1.00037466  p_y
    8   2   1   0       1.00086873  p_z
    8   2   1   1       0.83927317  p_x
    9   1   0   0       1.16143551  s
    9   2   1  -1       0.99937818  p_y
    9   2   1   0       0.99981628  p_z
    9   2   1   1       0.83920877  p_x
   10   1   0   0       1.16109893  s
   10   2   1  -1       1.00040189  p_y
   10   2   1   0       1.00065726  p_z
   10   2   1   1       0.83903977  p_x
   11   1   0   0       1.16132289  s
   11   2   1  -1       0.99977963  p_y
   11   2   1   0       0.99998563  p_z
   11   2   1   1       0.83899510  p_x
   12   1   0   0       1.16115935  s
   12   2   1  -1       1.00039389  p_y
   12   2   1   0       1.00046872  p_z
   12   2   1   1       0.83886573  p_x
   13   1   0   0       1.16125572  s
   13   2   1  -1       1.00009639  p_y
   13   2   1   0       1.00014220  p_z
   13   2   1   1       0.83884158  p_x
   14   1   0   0       1.16120611  s
   14   2   1  -1       1.00030098  p_y
   14   2   1   0       1.00030005  p_z
   14   2   1   1       0.83879434  p_x
   15   1   0   0       1.16120588  s
   15   2   1  -1       1.00030104  p_y
   15   2   1   0       1.00029997  p_z
   15   2   1   1       0.83879489  p_x
   16   1   0   0       1.16125480  s
   16   2   1  -1       1.00009504  p_y
   16   2   1   0       1.00014223  p_z
   16   2   1   1       0.83884335  p_x
   17   1   0   0       1.16115852  s
   17   2   1  -1       1.00039359  p_y
   17   2   1   0       1.00046872  p_z
   17   2   1   1       0.83886692  p_x
   18   1   0   0       1.16132214  s
   18   2   1  -1       0.99978032  p_y
   18   2   1   0       0.99998566  p_z
   18   2   1   1       0.83899515  p_x
   19   1   0   0       1.16109830  s
   19   2   1  -1       1.00040442  p_y
   19   2   1   0       1.00065728  p_z
   19   2   1   1       0.83903744  p_x
   20   1   0   0       1.16143575  s
   20   2   1  -1       0.99938217  p_y
   20   2   1   0       0.99981628  p_z
   20   2   1   1       0.83920490  p_x
   21   1   0   0       1.16100231  s
   21   2   1  -1       1.00037759  p_y
   21   2   1   0       1.00086878  p_z
   21   2   1   1       0.83926960  p_x
   22   1   0   0       1.16166969  s
   22   2   1  -1       0.99891610  p_y
   22   2   1   0       0.99960149  p_z
   22   2   1   1       0.83942008  p_x
   23   1   0   0       1.16084217  s
   23   2   1  -1       1.00029572  p_y
   23   2   1   0       1.00103317  p_z
   23   2   1   1       0.83953478  p_x
   24   1   0   0       1.16238171  s
   24   2   1  -1       0.99828559  p_y
   24   2   1   0       0.99919316  p_z
   24   2   1   1       0.83969596  p_x
   25   1   0   0       1.16097796  s
   25   2   1  -1       0.99923712  p_y
   25   2   1   0       1.00017542  p_z
   25   2   1   1       0.84008698  p_x
   26   1   0   0       1.16695145  s
   26   2   1  -1       0.99633082  p_y
   26   2   1   0       0.99737265  p_z
   26   2   1   1       0.84212032  p_x
   27   1   0   0       1.15742551  s
   27   2   1  -1       0.97439097  p_y
   27   2   1   0       0.97533185  p_z
   27   2   1   1       0.83568861  p_x
   28   1   0   0       1.27575542  s
   28   2   1  -1       1.02424907  p_y
   28   2   1   0       1.02505333  p_z
   28   2   1   1       0.91364442  p_x
   29   1   0   0       1.27575306  s
   29   2   1  -1       1.02424810  p_y
   29   2   1   0       1.02505370  p_z
   29   2   1   1       0.91364771  p_x
   30   1   0   0       1.15742380  s
   30   2   1  -1       0.97439055  p_y
   30   2   1   0       0.97533166  p_z
   30   2   1   1       0.83569066  p_x
   31   1   0   0       1.16694988  s
   31   2   1  -1       0.99633203  p_y
   31   2   1   0       0.99737277  p_z
   31   2   1   1       0.84212072  p_x
   32   1   0   0       1.16097646  s
   32   2   1  -1       0.99923911  p_y
   32   2   1   0       1.00017526  p_z
   32   2   1   1       0.84008637  p_x
   33   1   0   0       1.16238016  s
   33   2   1  -1       0.99828810  p_y
   33   2   1   0       0.99919322  p_z
   33   2   1   1       0.83969502  p_x
   34   1   0   0       1.16084073  s
   34   2   1  -1       1.00029805  p_y
   34   2   1   0       1.00103311  p_z
   34   2   1   1       0.83953387  p_x
   35   1   0   0       1.16166808  s
   35   2   1  -1       0.99891757  p_y
   35   2   1   0       0.99960154  p_z
   35   2   1   1       0.83942015  p_x
   36   1   0   0       1.16100083  s
   36   2   1  -1       1.00037855  p_y
   36   2   1   0       1.00086870  p_z
   36   2   1   1       0.83927008  p_x
   37   1   0   0       1.16143445  s
   37   2   1  -1       0.99938208  p_y
   37   2   1   0       0.99981635  p_z
   37   2   1   1       0.83920617  p_x
   38   1   0   0       1.16109734  s
   38   2   1  -1       1.00040462  p_y
   38   2   1   0       1.00065719  p_z
   38   2   1   1       0.83903835  p_x
   39   1   0   0       1.16132123  s
   39   2   1  -1       0.99978142  p_y
   39   2   1   0       0.99998568  p_z
   39   2   1   1       0.83899498  p_x
   40   1   0   0       1.16115756  s
   40   2   1  -1       1.00039454  p_y
   40   2   1   0       1.00046868  p_z
   40   2   1   1       0.83886691  p_x
   41   1   0   0       1.16125368  s
   41   2   1  -1       1.00009609  p_y
   41   2   1   0       1.00014223  p_z
   41   2   1   1       0.83884359  p_x
   42   1   0   0       1.16120435  s
   42   2   1  -1       1.00030100  p_y
   42   2   1   0       1.00029993  p_z
   42   2   1   1       0.83879626  p_x
   43   1   0   0       1.16120441  s
   43   2   1  -1       1.00030102  p_y
   43   2   1   0       1.00029997  p_z
   43   2   1   1       0.83879630  p_x
   44   1   0   0       1.16125367  s
   44   2   1  -1       1.00009581  p_y
   44   2   1   0       1.00014223  p_z
   44   2   1   1       0.83884386  p_x
   45   1   0   0       1.16115739  s
   45   2   1  -1       1.00039443  p_y
   45   2   1   0       1.00046870  p_z
   45   2   1   1       0.83886715  p_x
   46   1   0   0       1.16132121  s
   46   2   1  -1       0.99978151  p_y
   46   2   1   0       0.99998567  p_z
   46   2   1   1       0.83899491  p_x
   47   1   0   0       1.16109741  s
   47   2   1  -1       1.00040511  p_y
   47   2   1   0       1.00065727  p_z
   47   2   1   1       0.83903783  p_x
   48   1   0   0       1.16143452  s
   48   2   1  -1       0.99938290  p_y
   48   2   1   0       0.99981629  p_z
   48   2   1   1       0.83920524  p_x
   49   1   0   0       1.16100102  s
   49   2   1  -1       1.00037954  p_y
   49   2   1   0       1.00086879  p_z
   49   2   1   1       0.83926900  p_x
   50   1   0   0       1.16166810  s
   50   2   1  -1       0.99891851  p_y
   50   2   1   0       0.99960147  p_z
   50   2   1   1       0.83941918  p_x
   51   1   0   0       1.16084055  s
   51   2   1  -1       1.00029887  p_y
   51   2   1   0       1.00103314  p_z
   51   2   1   1       0.83953321  p_x
   52   1   0   0       1.16237996  s
   52   2   1  -1       0.99828839  p_y
   52   2   1   0       0.99919316  p_z
   52   2   1   1       0.83969491  p_x
   53   1   0   0       1.16097608  s
   53   2   1  -1       0.99923905  p_y
   53   2   1   0       1.00017527  p_z
   53   2   1   1       0.84008672  p_x
   54   1   0   0       1.16694975  s
   54   2   1  -1       0.99633129  p_y
   54   2   1   0       0.99737272  p_z
   54   2   1   1       0.84212161  p_x
   55   1   0   0       1.15742359  s
   55   2   1  -1       0.97438988  p_y
   55   2   1   0       0.97533171  p_z
   55   2   1   1       0.83569148  p_x
   56   1   0   0       1.27575304  s
   56   2   1  -1       1.02424713  p_y
   56   2   1   0       1.02505359  p_z
   56   2   1   1       0.91364864  p_x
   57   1   0   0       0.80987534  s
   57   2   1  -1       0.00000000  p_y
   57   2   1   0       0.00000000  p_z
   57   2   1   1       0.00000000  p_x
   58   1   0   0       0.80987537  s
   58   2   1  -1       0.00000000  p_y
   58   2   1   0       0.00000000  p_z
   58   2   1   1       0.00000000  p_x
   59   1   0   0       0.80987581  s
   59   2   1  -1       0.00000000  p_y
   59   2   1   0       0.00000000  p_z
   59   2   1   1       0.00000000  p_x
   60   1   0   0       0.80987577  s
   60   2   1  -1       0.00000000  p_y
   60   2   1   0       0.00000000  p_z
   60   2   1   1       0.00000000  p_x

Fermi level:                        -0.1759758428 H           -4.7885 eV
Band energy:                       -99.1670653139 H        -2698.4731 eV
TS:                                  0.0000000000 H            0.0000 eV
Band free energy (E-TS):           -99.1670653139 H        -2698.4731 eV
Extrapolated E(0K):                -99.1670653139 H        -2698.4731 eV
Input / Output electrons (q):    228.0000000000    228.0000000000

Energy H0:                         -99.8700819548 H        -2717.6032 eV
Energy SCC:                          0.0084692055 H            0.2305 eV
Energy 3rd:                          0.0000401210 H            0.0011 eV
Total Electronic energy:           -99.8615726284 H        -2717.3716 eV
Repulsive energy:                    4.2272188668 H          115.0285 eV
Dispersion energy:                  -0.0453854901 H           -1.2350 eV
Total energy:                      -95.6797392516 H        -2603.5782 eV
Extrapolated to 0:                 -95.6797392516 H        -2603.5782 eV
Total Mermin free energy:          -95.6797392516 H        -2603.5782 eV
Force related energy:              -95.6797392516 H        -2603.5782 eV

SCC converged

Full geometry written in geo_end.{xyz|gen}

Total Forces
    1     -0.000001654625     -0.000000176890     -0.000000000045
    2      0.000000765872     -0.000000496570     -0.000000000030
    3     -0.000001926234     -0.000000712216     -0.000000000037
    4     -0.000000705314      0.000000329471      0.000000000025
    5     -0.000000136755      0.000000717018      0.000000000118
    6     -0.000001497195      0.000000212809     -0.000000000018
    7      0.000000224989     -0.000001817499      0.000000000097
    8      0.000000301214     -0.000000330920     -0.000000000104
    9      0.000000911544     -0.000000057917     -0.000000000085
   10      0.000001193917      0.000000257116     -0.000000000129
   11      0.000000097291      0.000001067160      0.000000000042
   12      0.000000561271      0.000000383802      0.000000000136
   13     -0.000000114651      0.000001795871      0.000000000072
   14     -0.000001255025     -0.000001075924      0.000000000051
   15     -0.000001085720     -0.000000860663     -0.000000000029
   16     -0.000000462322      0.000000431442     -0.000000000152
   17      0.000000054327     -0.000000846108     -0.000000000093
   18     -0.000000116900     -0.000000821947      0.000000000045
   19      0.000000842304     -0.000000724159      0.000000000039
   20      0.000000851456      0.000000996010      0.000000000064
   21      0.000000487443      0.000000615643      0.000000000131
   22     -0.000000045266      0.000000268723     -0.000000000011
   23     -0.000000398916      0.000000029230     -0.000000000087
   24      0.000000541062      0.000000216526     -0.000000000072
   25     -0.000000129271     -0.000000093901     -0.000000000038
   26     -0.000000537152     -0.000000053117     -0.000000000044
   27      0.000001599298     -0.000001280169      0.000000000156
   28     -0.000000546689      0.000000050958      0.000000000010
   29      0.000001675357      0.000000324667      0.000000000185
   30     -0.000001460958     -0.000000147968      0.000000000160
   31      0.000001567703      0.000000017682      0.000000000187
   32     -0.000000832829     -0.000000351566      0.000000000060
   33      0.000000290959     -0.000000197793     -0.000000000121
   34     -0.000000130368      0.000000148631     -0.000000000116
   35     -0.000000378861      0.000000234253     -0.000000000125
   36      0.000000387361      0.000000135258     -0.000000000079
   37     -0.000000222977     -0.000000073608      0.000000000065
   38      0.000000004234     -0.000000246473     -0.000000000013
   39      0.000000150760     -0.000000177385      0.000000000111
   40     -0.000000290515      0.000000080163      0.000000000048
   41     -0.000000707920      0.000000275891      0.000000000054
   42      0.000000254292      0.000000392614      0.000000000039
   43      0.000000084223      0.000000455409     -0.000000000019
   44      0.000000062441      0.000000479392     -0.000000000117
   45     -0.000000038662      0.000000368021      0.000000000018
   46      0.000000841337      0.000000044101     -0.000000000149
   47     -0.000000190757     -0.000000064326      0.000000000025
   48      0.000000496723     -0.000000073022     -0.000000000048
   49      0.000000052983      0.000000034522      0.000000000046
   50     -0.000000990610      0.000000256665      0.000000000223
   51      0.000000042194      0.000000038826      0.000000000033
   52     -0.000000607977     -0.000000355274      0.000000000015
   53      0.000000179575     -0.000000486932      0.000000000101
   54      0.000000054885     -0.000000196584     -0.000000000196
   55     -0.000000313957     -0.000000014457     -0.000000000234
   56      0.000001205816      0.000000062642     -0.000000000140
   57      0.003206606677     -0.000298345425      0.000000000040
   58     -0.003204426346     -0.000298449592     -0.000000000051
   59     -0.003198862763      0.000299106149      0.000000000309
   60      0.003197678032      0.000298701739     -0.000000000321

Maximal derivative component:        0.320661E-02 au
Max force for moved atoms::          0.320661E-02 au

Dipole moment:    0.00000309   -0.00003399    0.00000000 au
Dipole moment:    0.00000785   -0.00008640    0.00000000 Debye

Geometry converged

