 KPT            1  SPIN            1  KWEIGHT    1.0000000000000000     
     1   -20.863  2.00000
     2   -20.830  2.00000
     3   -20.830  2.00000
     4   -20.830  2.00000
     5   -20.763  2.00000
     6   -20.763  2.00000
     7   -20.763  2.00000
     8   -20.763  2.00000
     9   -20.763  2.00000
    10   -20.673  2.00000
    11   -20.673  2.00000
    12   -20.673  2.00000
    13   -20.655  2.00000
    14   -20.655  2.00000
    15   -20.655  2.00000
    16   -20.655  2.00000
    17   -20.541  2.00000
    18   -20.541  2.00000
    19   -20.541  2.00000
    20   -20.541  2.00000
    21   -20.541  2.00000
    22   -20.517  2.00000
    23   -20.517  2.00000
    24   -20.517  2.00000
    25   -20.517  2.00000
    26   -20.395  2.00000
    27   -20.395  2.00000
    28   -20.395  2.00000
    29   -20.356  2.00000
    30   -20.356  2.00000
    31   -20.356  2.00000
    32   -20.356  2.00000
    33   -20.356  2.00000
    34   -20.353  2.00000
    35   -20.353  2.00000
    36   -20.353  2.00000
    37   -20.251  2.00000
    38   -20.177  2.00000
    39   -20.177  2.00000
    40   -20.177  2.00000
    41   -20.177  2.00000
    42   -20.177  2.00000
    43   -20.169  2.00000
    44   -20.169  2.00000
    45   -20.169  2.00000
    46   -20.139  2.00000
    47   -20.139  2.00000
    48   -20.139  2.00000
    49   -20.139  2.00000
    50   -19.998  2.00000
    51   -19.998  2.00000
    52   -19.998  2.00000
    53   -19.947  2.00000
    54   -19.947  2.00000
    55   -19.947  2.00000
    56   -19.931  2.00000
    57   -19.931  2.00000
    58   -19.931  2.00000
    59   -19.931  2.00000
    60   -19.931  2.00000
    61   -19.906  2.00000
    62   -19.906  2.00000
    63   -19.906  2.00000
    64   -19.906  2.00000
    65   -19.746  2.00000
    66   -19.746  2.00000
    67   -19.746  2.00000
    68   -19.746  2.00000
    69   -19.746  2.00000
    70   -19.666  2.00000
    71   -19.666  2.00000
    72   -19.666  2.00000
    73   -19.666  2.00000
    74   -19.654  2.00000
    75   -19.654  2.00000
    76   -19.654  2.00000
    77   -19.654  2.00000
    78   -19.654  2.00000
    79   -19.652  2.00000
    80   -19.652  2.00000
    81   -19.652  2.00000
    82   -19.493  2.00000
    83   -19.493  2.00000
    84   -19.493  2.00000
    85   -19.424  2.00000
    86   -19.424  2.00000
    87   -19.424  2.00000
    88   -19.424  2.00000
    89   -19.376  2.00000
    90   -19.376  2.00000
    91   -19.376  2.00000
    92   -19.365  2.00000
    93   -19.365  2.00000
    94   -19.365  2.00000
    95   -19.365  2.00000
    96   -19.355  2.00000
    97   -19.355  2.00000
    98   -19.355  2.00000
    99   -19.355  2.00000
   100   -19.355  2.00000
   101   -19.167  2.00000
   102   -19.167  2.00000
   103   -19.167  2.00000
   104   -19.167  2.00000
   105   -19.167  2.00000
   106   -19.110  2.00000
   107   -19.110  2.00000
   108   -19.110  2.00000
   109   -19.110  2.00000
   110   -19.089  2.00000
   111   -19.040  2.00000
   112   -19.040  2.00000
   113   -19.040  2.00000
   114   -19.037  2.00000
   115   -19.037  2.00000
   116   -19.037  2.00000
   117   -19.029  2.00000
   118   -19.029  2.00000
   119   -19.029  2.00000
   120   -19.029  2.00000
   121   -19.029  2.00000
   122   -18.860  2.00000
   123   -18.860  2.00000
   124   -18.860  2.00000
   125   -18.796  2.00000
   126   -18.796  2.00000
   127   -18.796  2.00000
   128   -18.783  2.00000
   129   -18.783  2.00000
   130   -18.783  2.00000
   131   -18.783  2.00000
   132   -18.783  2.00000
   133   -18.700  2.00000
   134   -18.700  2.00000
   135   -18.700  2.00000
   136   -18.682  2.00000
   137   -18.682  2.00000
   138   -18.682  2.00000
   139   -18.682  2.00000
   140   -18.682  2.00000
   141   -18.677  2.00000
   142   -18.677  2.00000
   143   -18.677  2.00000
   144   -18.677  2.00000
   145   -18.531  2.00000
   146   -18.462  2.00000
   147   -18.462  2.00000
   148   -18.462  2.00000
   149   -18.462  2.00000
   150   -18.462  2.00000
   151   -18.445  2.00000
   152   -18.445  2.00000
   153   -18.445  2.00000
   154   -18.411  2.00000
   155   -18.411  2.00000
   156   -18.411  2.00000
   157   -18.411  2.00000
   158   -18.320  2.00000
   159   -18.320  2.00000
   160   -18.320  2.00000
   161   -18.320  2.00000
   162   -18.320  2.00000
   163   -18.305  2.00000
   164   -18.305  2.00000
   165   -18.305  2.00000
   166   -18.296  2.00000
   167   -18.296  2.00000
   168   -18.296  2.00000
   169   -18.296  2.00000
   170   -18.122  2.00000
   171   -18.122  2.00000
   172   -18.122  2.00000
   173   -18.100  2.00000
   174   -18.100  2.00000
   175   -18.100  2.00000
   176   -18.052  2.00000
   177   -18.052  2.00000
   178   -18.052  2.00000
   179   -18.052  2.00000
   180   -18.052  2.00000
   181   -18.030  2.00000
   182   -18.030  2.00000
   183   -18.030  2.00000
   184   -18.030  2.00000
   185   -17.915  2.00000
   186   -17.915  2.00000
   187   -17.915  2.00000
   188   -17.915  2.00000
   189   -17.914  2.00000
   190   -17.914  2.00000
   191   -17.914  2.00000
   192   -17.897  2.00000
   193   -17.897  2.00000
   194   -17.897  2.00000
   195   -17.897  2.00000
   196   -17.897  2.00000
   197   -17.748  2.00000
   198   -17.748  2.00000
   199   -17.748  2.00000
   200   -17.748  2.00000
   201   -17.748  2.00000
   202   -17.660  2.00000
   203   -17.660  2.00000
   204   -17.660  2.00000
   205   -17.640  2.00000
   206   -17.640  2.00000
   207   -17.640  2.00000
   208   -17.640  2.00000
   209   -17.637  2.00000
   210   -17.637  2.00000
   211   -17.637  2.00000
   212   -17.637  2.00000
   213   -17.637  2.00000
   214   -17.501  2.00000
   215   -17.501  2.00000
   216   -17.501  2.00000
   217   -17.501  2.00000
   218   -17.487  2.00000
   219   -17.487  2.00000
   220   -17.487  2.00000
   221   -17.487  2.00000
   222   -17.487  2.00000
   223   -17.479  2.00000
   224   -17.479  2.00000
   225   -17.479  2.00000
   226   -17.366  2.00000
   227   -17.366  2.00000
   228   -17.366  2.00000
   229   -17.279  2.00000
   230   -17.279  2.00000
   231   -17.279  2.00000
   232   -17.279  2.00000
   233   -17.273  2.00000
   234   -17.273  2.00000
   235   -17.273  2.00000
   236   -17.242  2.00000
   237   -17.242  2.00000
   238   -17.242  2.00000
   239   -17.242  2.00000
   240   -17.242  2.00000
   241   -17.238  2.00000
   242   -17.238  2.00000
   243   -17.238  2.00000
   244   -17.238  2.00000
   245   -17.080  2.00000
   246   -17.080  2.00000
   247   -17.080  2.00000
   248   -17.064  2.00000
   249   -17.058  2.00000
   250   -17.058  2.00000
   251   -17.058  2.00000
   252   -17.058  2.00000
   253   -17.058  2.00000
   254   -17.048  2.00000
   255   -17.048  2.00000
   256   -17.048  2.00000
   257   -16.965  2.00000
   258   -16.965  2.00000
   259   -16.965  2.00000
   260   -16.965  2.00000
   261   -16.965  2.00000
   262   -16.942  2.00000
   263   -16.913  2.00000
   264   -16.913  2.00000
   265   -16.913  2.00000
   266   -16.913  2.00000
   267   -16.858  2.00000
   268   -16.858  2.00000
   269   -16.858  2.00000
   270   -16.858  2.00000
   271   -16.858  2.00000
   272   -16.847  2.00000
   273   -16.847  2.00000
   274   -16.847  2.00000
   275   -16.831  2.00000
   276   -16.831  2.00000
   277   -16.831  2.00000
   278   -16.711  2.00000
   279   -16.711  2.00000
   280   -16.711  2.00000
   281   -16.702  2.00000
   282   -16.702  2.00000
   283   -16.702  2.00000
   284   -16.645  2.00000
   285   -16.645  2.00000
   286   -16.645  2.00000
   287   -16.645  2.00000
   288   -16.634  2.00000
   289   -16.634  2.00000
   290   -16.634  2.00000
   291   -16.631  2.00000
   292   -16.631  2.00000
   293   -16.631  2.00000
   294   -16.631  2.00000
   295   -16.631  2.00000
   296   -16.606  2.00000
   297   -16.606  2.00000
   298   -16.606  2.00000
   299   -16.606  2.00000
   300   -16.606  2.00000
   301   -16.456  2.00000
   302   -16.456  2.00000
   303   -16.456  2.00000
   304   -16.456  2.00000
   305   -16.401  2.00000
   306   -16.401  2.00000
   307   -16.401  2.00000
   308   -16.401  2.00000
   309   -16.401  2.00000
   310   -16.362  2.00000
   311   -16.362  2.00000
   312   -16.362  2.00000
   313   -16.354  2.00000
   314   -16.354  2.00000
   315   -16.354  2.00000
   316   -16.354  2.00000
   317   -16.307  2.00000
   318   -16.307  2.00000
   319   -16.307  2.00000
   320   -16.295  2.00000
   321   -16.295  2.00000
   322   -16.295  2.00000
   323   -16.242  2.00000
   324   -16.242  2.00000
   325   -16.242  2.00000
   326   -16.242  2.00000
   327   -16.210  2.00000
   328   -16.210  2.00000
   329   -16.210  2.00000
   330   -16.210  2.00000
   331   -16.210  2.00000
   332   -16.157  2.00000
   333   -16.157  2.00000
   334   -16.157  2.00000
   335   -16.063  2.00000
   336   -16.063  2.00000
   337   -16.063  2.00000
   338   -16.063  2.00000
   339   -16.063  2.00000
   340   -15.962  2.00000
   341   -15.962  2.00000
   342   -15.962  2.00000
   343   -15.697  2.00000
   344   -15.697  2.00000
   345   -15.697  2.00000
   346   -15.697  2.00000
   347   -15.672  2.00000
   348   -15.672  2.00000
   349   -15.672  2.00000
   350   -15.672  2.00000
   351   -15.566  2.00000
   352   -15.566  2.00000
   353   -15.566  2.00000
   354   -15.566  2.00000
   355   -15.566  2.00000
   356   -15.482  2.00000
   357   -15.482  2.00000
   358   -15.482  2.00000
   359   -15.482  2.00000
   360   -15.482  2.00000
   361   -14.957  2.00000
   362   -14.957  2.00000
   363   -14.957  2.00000
   364   -14.844  2.00000
   365   -14.844  2.00000
   366   -14.844  2.00000
   367   -14.780  2.00000
   368   -14.720  2.00000
   369   -14.720  2.00000
   370   -14.720  2.00000
   371   -14.720  2.00000
   372   -14.720  2.00000
   373   -14.656  2.00000
   374   -14.656  2.00000
   375   -14.656  2.00000
   376   -14.656  2.00000
   377   -14.613  2.00000
   378   -14.613  2.00000
   379   -14.613  2.00000
   380   -14.595  2.00000
   381   -14.595  2.00000
   382   -14.595  2.00000
   383   -14.595  2.00000
   384   -14.595  2.00000
   385   -14.583  2.00000
   386   -14.583  2.00000
   387   -14.583  2.00000
   388   -14.543  2.00000
   389   -14.543  2.00000
   390   -14.543  2.00000
   391   -14.543  2.00000
   392   -14.505  2.00000
   393   -14.505  2.00000
   394   -14.505  2.00000
   395   -14.505  2.00000
   396   -14.505  2.00000
   397   -14.476  2.00000
   398   -14.476  2.00000
   399   -14.476  2.00000
   400   -14.476  2.00000
   401   -14.476  2.00000
   402   -14.471  2.00000
   403   -14.471  2.00000
   404   -14.471  2.00000
   405   -14.431  2.00000
   406   -14.431  2.00000
   407   -14.431  2.00000
   408   -14.431  2.00000
   409   -14.372  2.00000
   410   -14.372  2.00000
   411   -14.372  2.00000
   412   -14.372  2.00000
   413   -14.372  2.00000
   414   -14.294  2.00000
   415   -14.294  2.00000
   416   -14.294  2.00000
   417   -14.294  2.00000
   418   -14.285  2.00000
   419   -14.285  2.00000
   420   -14.285  2.00000
   421   -14.285  2.00000
   422   -14.285  2.00000
   423   -14.222  2.00000
   424   -14.222  2.00000
   425   -14.222  2.00000
   426   -14.222  2.00000
   427   -14.222  2.00000
   428   -14.177  2.00000
   429   -14.177  2.00000
   430   -14.177  2.00000
   431   -14.177  2.00000
   432   -14.171  2.00000
   433   -14.171  2.00000
   434   -14.171  2.00000
   435   -14.137  2.00000
   436   -14.137  2.00000
   437   -14.137  2.00000
   438   -14.137  2.00000
   439   -14.137  2.00000
   440   -14.132  2.00000
   441   -14.132  2.00000
   442   -14.132  2.00000
   443   -14.028  2.00000
   444   -14.028  2.00000
   445   -14.028  2.00000
   446   -14.001  2.00000
   447   -14.001  2.00000
   448   -14.001  2.00000
   449   -13.982  2.00000
   450   -13.982  2.00000
   451   -13.982  2.00000
   452   -13.822  2.00000
   453   -13.822  2.00000
   454   -13.822  2.00000
   455   -13.822  2.00000
   456   -13.822  2.00000
   457   -13.775  2.00000
   458   -13.775  2.00000
   459   -13.775  2.00000
   460   -13.775  2.00000
   461   -13.741  2.00000
   462   -13.741  2.00000
   463   -13.741  2.00000
   464   -13.741  2.00000
   465   -13.741  2.00000
   466   -13.728  2.00000
   467   -13.728  2.00000
   468   -13.728  2.00000
   469   -13.728  2.00000
   470   -13.691  2.00000
   471   -13.691  2.00000
   472   -13.691  2.00000
   473   -13.690  2.00000
   474   -13.674  2.00000
   475   -13.674  2.00000
   476   -13.674  2.00000
   477   -13.674  2.00000
   478   -13.667  2.00000
   479   -13.667  2.00000
   480   -13.667  2.00000
   481   -13.612  2.00000
   482   -13.495  2.00000
   483   -13.495  2.00000
   484   -13.495  2.00000
   485   -13.377  2.00000
   486   -13.377  2.00000
   487   -13.377  2.00000
   488   -13.377  2.00000
   489   -13.377  2.00000
   490   -13.296  2.00000
   491   -13.296  2.00000
   492   -13.296  2.00000
   493   -13.296  2.00000
   494   -13.260  2.00000
   495   -13.260  2.00000
   496   -13.260  2.00000
   497   -13.232  2.00000
   498   -13.232  2.00000
   499   -13.232  2.00000
   500   -13.232  2.00000
   501   -13.232  2.00000
   502   -13.178  2.00000
   503   -13.178  2.00000
   504   -13.178  2.00000
   505   -13.158  2.00000
   506   -13.158  2.00000
   507   -13.158  2.00000
   508   -13.158  2.00000
   509   -13.125  2.00000
   510   -13.125  2.00000
   511   -13.125  2.00000
   512   -13.125  2.00000
   513   -13.125  2.00000
   514   -13.045  2.00000
   515   -13.045  2.00000
   516   -13.045  2.00000
   517   -12.917  2.00000
   518   -12.917  2.00000
   519   -12.917  2.00000
   520   -12.917  2.00000
   521   -12.917  2.00000
   522   -12.761  2.00000
   523   -12.761  2.00000
   524   -12.761  2.00000
   525   -12.761  2.00000
   526   -12.676  2.00000
   527   -12.676  2.00000
   528   -12.676  2.00000
   529   -12.676  2.00000
   530   -12.676  2.00000
   531   -12.666  2.00000
   532   -12.666  2.00000
   533   -12.666  2.00000
   534   -12.663  2.00000
   535   -12.663  2.00000
   536   -12.663  2.00000
   537   -12.656  2.00000
   538   -12.656  2.00000
   539   -12.656  2.00000
   540   -12.511  2.00000
   541   -12.511  2.00000
   542   -12.511  2.00000
   543   -12.511  2.00000
   544   -12.511  2.00000
   545   -12.501  2.00000
   546   -12.501  2.00000
   547   -12.501  2.00000
   548   -12.501  2.00000
   549   -12.501  2.00000
   550   -12.273  2.00000
   551   -12.273  2.00000
   552   -12.273  2.00000
   553   -12.273  2.00000
   554   -12.228  2.00000
   555   -12.228  2.00000
   556   -12.228  2.00000
   557   -12.164  2.00000
   558   -12.103  2.00000
   559   -12.103  2.00000
   560   -12.103  2.00000
   561   -12.103  2.00000
   562   -12.086  2.00000
   563   -12.086  2.00000
   564   -12.086  2.00000
   565   -12.086  2.00000
   566   -12.047  2.00000
   567   -12.047  2.00000
   568   -12.047  2.00000
   569   -12.031  2.00000
   570   -11.968  2.00000
   571   -11.968  2.00000
   572   -11.968  2.00000
   573   -11.968  2.00000
   574   -11.968  2.00000
   575   -11.917  2.00000
   576   -11.917  2.00000
   577   -11.917  2.00000
   578   -11.907  2.00000
   579   -11.907  2.00000
   580   -11.907  2.00000
   581   -11.805  2.00000
   582   -11.805  2.00000
   583   -11.805  2.00000
   584   -11.805  2.00000
   585   -11.797  2.00000
   586   -11.797  2.00000
   587   -11.797  2.00000
   588   -11.737  2.00000
   589   -11.737  2.00000
   590   -11.737  2.00000
   591   -11.737  2.00000
   592   -11.737  2.00000
   593   -11.695  2.00000
   594   -11.695  2.00000
   595   -11.695  2.00000
   596   -11.695  2.00000
   597   -11.695  2.00000
   598   -11.640  2.00000
   599   -11.640  2.00000
   600   -11.640  2.00000
   601   -11.640  2.00000
   602   -11.529  2.00000
   603   -11.529  2.00000
   604   -11.529  2.00000
   605   -11.512  2.00000
   606   -11.512  2.00000
   607   -11.512  2.00000
   608   -11.512  2.00000
   609   -11.461  2.00000
   610   -11.461  2.00000
   611   -11.461  2.00000
   612   -11.461  2.00000
   613   -11.423  2.00000
   614   -11.423  2.00000
   615   -11.423  2.00000
   616   -11.423  2.00000
   617   -11.423  2.00000
   618   -11.407  2.00000
   619   -11.407  2.00000
   620   -11.407  2.00000
   621   -11.377  2.00000
   622   -11.377  2.00000
   623   -11.377  2.00000
   624   -11.377  2.00000
   625   -11.316  2.00000
   626   -11.316  2.00000
   627   -11.316  2.00000
   628   -11.316  2.00000
   629   -11.316  2.00000
   630   -11.294  2.00000
   631   -11.294  2.00000
   632   -11.294  2.00000
   633   -11.294  2.00000
   634   -11.294  2.00000
   635   -11.280  2.00000
   636   -11.280  2.00000
   637   -11.280  2.00000
   638   -11.237  2.00000
   639   -11.237  2.00000
   640   -11.237  2.00000
   641   -11.059  2.00000
   642   -11.059  2.00000
   643   -11.059  2.00000
   644   -11.051  2.00000
   645   -11.051  2.00000
   646   -11.051  2.00000
   647   -11.051  2.00000
   648   -11.051  2.00000
   649   -11.000  2.00000
   650   -11.000  2.00000
   651   -11.000  2.00000
   652   -11.000  2.00000
   653   -10.960  2.00000
   654   -10.960  2.00000
   655   -10.960  2.00000
   656   -10.960  2.00000
   657   -10.960  2.00000
   658   -10.935  2.00000
   659   -10.935  2.00000
   660   -10.935  2.00000
   661   -10.923  2.00000
   662   -10.923  2.00000
   663   -10.923  2.00000
   664   -10.923  2.00000
   665   -10.923  2.00000
   666   -10.923  2.00000
   667   -10.888  2.00000
   668   -10.888  2.00000
   669   -10.888  2.00000
   670   -10.864  2.00000
   671   -10.864  2.00000
   672   -10.864  2.00000
   673   -10.864  2.00000
   674   -10.864  2.00000
   675   -10.839  2.00000
   676   -10.839  2.00000
   677   -10.839  2.00000
   678   -10.816  2.00000
   679   -10.816  2.00000
   680   -10.816  2.00000
   681   -10.816  2.00000
   682   -10.816  2.00000
   683   -10.809  2.00000
   684   -10.809  2.00000
   685   -10.809  2.00000
   686   -10.809  2.00000
   687   -10.802  2.00000
   688   -10.802  2.00000
   689   -10.802  2.00000
   690   -10.742  2.00000
   691   -10.742  2.00000
   692   -10.742  2.00000
   693   -10.735  2.00000
   694   -10.721  2.00000
   695   -10.721  2.00000
   696   -10.721  2.00000
   697   -10.721  2.00000
   698   -10.662  2.00000
   699   -10.662  2.00000
   700   -10.662  2.00000
   701   -10.650  2.00000
   702   -10.650  2.00000
   703   -10.650  2.00000
   704   -10.650  2.00000
   705   -10.589  2.00000
   706   -10.589  2.00000
   707   -10.589  2.00000
   708   -10.587  2.00000
   709   -10.587  2.00000
   710   -10.587  2.00000
   711   -10.587  2.00000
   712   -10.587  2.00000
   713   -10.538  2.00000
   714   -10.538  2.00000
   715   -10.538  2.00000
   716   -10.538  2.00000
   717   -10.538  2.00000
   718   -10.533  2.00000
   719   -10.533  2.00000
   720   -10.533  2.00000
   721   -10.519  2.00000
   722   -10.519  2.00000
   723   -10.519  2.00000
   724   -10.519  2.00000
   725   -10.510  2.00000
   726   -10.502  2.00000
   727   -10.502  2.00000
   728   -10.502  2.00000
   729   -10.502  2.00000
   730   -10.502  2.00000
   731   -10.432  2.00000
   732   -10.432  2.00000
   733   -10.432  2.00000
   734   -10.432  2.00000
   735   -10.432  2.00000
   736   -10.376  2.00000
   737   -10.376  2.00000
   738   -10.376  2.00000
   739   -10.375  2.00000
   740   -10.375  2.00000
   741   -10.375  2.00000
   742   -10.375  2.00000
   743   -10.362  2.00000
   744   -10.362  2.00000
   745   -10.362  2.00000
   746   -10.362  2.00000
   747   -10.362  2.00000
   748   -10.362  2.00000
   749   -10.361  2.00000
   750   -10.361  2.00000
   751   -10.361  2.00000
   752   -10.361  2.00000
   753   -10.361  2.00000
   754   -10.344  2.00000
   755   -10.268  2.00000
   756   -10.268  2.00000
   757   -10.268  2.00000
   758   -10.249  2.00000
   759   -10.249  2.00000
   760   -10.249  2.00000
   761   -10.249  2.00000
   762   -10.229  2.00000
   763   -10.202  2.00000
   764   -10.202  2.00000
   765   -10.202  2.00000
   766   -10.199  2.00000
   767   -10.199  2.00000
   768   -10.199  2.00000
   769   -10.199  2.00000
   770   -10.199  2.00000
   771   -10.167  2.00000
   772   -10.167  2.00000
   773   -10.167  2.00000
   774   -10.167  2.00000
   775   -10.158  2.00000
   776   -10.158  2.00000
   777   -10.158  2.00000
   778   -10.150  2.00000
   779   -10.150  2.00000
   780   -10.150  2.00000
   781   -10.150  2.00000
   782   -10.150  2.00000
   783   -10.139  2.00000
   784   -10.139  2.00000
   785   -10.139  2.00000
   786   -10.139  2.00000
   787   -10.136  2.00000
   788   -10.136  2.00000
   789   -10.136  2.00000
   790   -10.128  2.00000
   791   -10.128  2.00000
   792   -10.128  2.00000
   793   -10.128  2.00000
   794   -10.098  2.00000
   795   -10.098  2.00000
   796   -10.098  2.00000
   797   -10.064  2.00000
   798   -10.064  2.00000
   799   -10.064  2.00000
   800   -10.064  2.00000
   801   -10.064  2.00000
   802   -10.064  2.00000
   803   -10.064  2.00000
   804   -10.064  2.00000
   805    -9.981  2.00000
   806    -9.981  2.00000
   807    -9.981  2.00000
   808    -9.976  2.00000
   809    -9.976  2.00000
   810    -9.976  2.00000
   811    -9.976  2.00000
   812    -9.976  2.00000
   813    -9.938  2.00000
   814    -9.938  2.00000
   815    -9.938  2.00000
   816    -9.923  2.00000
   817    -9.923  2.00000
   818    -9.923  2.00000
   819    -9.913  2.00000
   820    -9.913  2.00000
   821    -9.913  2.00000
   822    -9.913  2.00000
   823    -9.913  2.00000
   824    -9.880  2.00000
   825    -9.880  2.00000
   826    -9.880  2.00000
   827    -9.880  2.00000
   828    -9.880  2.00000
   829    -9.873  2.00000
   830    -9.873  2.00000
   831    -9.873  2.00000
   832    -9.873  2.00000
   833    -9.805  2.00000
   834    -9.805  2.00000
   835    -9.805  2.00000
   836    -9.805  2.00000
   837    -9.804  2.00000
   838    -9.804  2.00000
   839    -9.804  2.00000
   840    -9.759  2.00000
   841    -9.759  2.00000
   842    -9.759  2.00000
   843    -9.759  2.00000
   844    -9.759  2.00000
   845    -9.747  2.00000
   846    -9.747  2.00000
   847    -9.747  2.00000
   848    -9.747  2.00000
   849    -9.721  2.00000
   850    -9.721  2.00000
   851    -9.721  2.00000
   852    -9.721  2.00000
   853    -9.721  2.00000
   854    -9.702  2.00000
   855    -9.702  2.00000
   856    -9.702  2.00000
   857    -9.702  2.00000
   858    -9.679  2.00000
   859    -9.679  2.00000
   860    -9.679  2.00000
   861    -9.679  2.00000
   862    -9.679  2.00000
   863    -9.675  2.00000
   864    -9.675  2.00000
   865    -9.675  2.00000
   866    -9.675  2.00000
   867    -9.675  2.00000
   868    -9.637  2.00000
   869    -9.637  2.00000
   870    -9.637  2.00000
   871    -9.637  2.00000
   872    -9.619  2.00000
   873    -9.619  2.00000
   874    -9.619  2.00000
   875    -9.615  2.00000
   876    -9.615  2.00000
   877    -9.615  2.00000
   878    -9.615  2.00000
   879    -9.611  2.00000
   880    -9.611  2.00000
   881    -9.611  2.00000
   882    -9.611  2.00000
   883    -9.611  2.00000
   884    -9.590  2.00000
   885    -9.590  2.00000
   886    -9.590  2.00000
   887    -9.578  2.00000
   888    -9.578  2.00000
   889    -9.578  2.00000
   890    -9.578  2.00000
   891    -9.578  2.00000
   892    -9.522  2.00000
   893    -9.522  2.00000
   894    -9.522  2.00000
   895    -9.514  2.00000
   896    -9.514  2.00000
   897    -9.514  2.00000
   898    -9.514  2.00000
   899    -9.514  2.00000
   900    -9.478  2.00000
   901    -9.478  2.00000
   902    -9.478  2.00000
   903    -9.478  2.00000
   904    -9.475  2.00000
   905    -9.475  2.00000
   906    -9.475  2.00000
   907    -9.475  2.00000
   908    -9.475  2.00000
   909    -9.468  2.00000
   910    -9.468  2.00000
   911    -9.468  2.00000
   912    -9.434  2.00000
   913    -9.434  2.00000
   914    -9.434  2.00000
   915    -9.412  2.00000
   916    -9.412  2.00000
   917    -9.412  2.00000
   918    -9.412  2.00000
   919    -9.398  2.00000
   920    -9.398  2.00000
   921    -9.398  2.00000
   922    -9.398  2.00000
   923    -9.373  2.00000
   924    -9.373  2.00000
   925    -9.373  2.00000
   926    -9.355  2.00000
   927    -9.355  2.00000
   928    -9.355  2.00000
   929    -9.344  2.00000
   930    -9.344  2.00000
   931    -9.344  2.00000
   932    -9.344  2.00000
   933    -9.327  2.00000
   934    -9.327  2.00000
   935    -9.327  2.00000
   936    -9.327  2.00000
   937    -9.327  2.00000
   938    -9.321  2.00000
   939    -9.321  2.00000
   940    -9.321  2.00000
   941    -9.312  2.00000
   942    -9.312  2.00000
   943    -9.312  2.00000
   944    -9.304  2.00000
   945    -9.304  2.00000
   946    -9.304  2.00000
   947    -9.304  2.00000
   948    -9.301  2.00000
   949    -9.301  2.00000
   950    -9.301  2.00000
   951    -9.286  2.00000
   952    -9.286  2.00000
   953    -9.286  2.00000
   954    -9.286  2.00000
   955    -9.286  2.00000
   956    -9.282  2.00000
   957    -9.282  2.00000
   958    -9.282  2.00000
   959    -9.242  2.00000
   960    -9.242  2.00000
   961    -9.242  2.00000
   962    -9.229  2.00000
   963    -9.229  2.00000
   964    -9.229  2.00000
   965    -9.229  2.00000
   966    -9.210  2.00000
   967    -9.210  2.00000
   968    -9.210  2.00000
   969    -9.210  2.00000
   970    -9.206  2.00000
   971    -9.180  2.00000
   972    -9.180  2.00000
   973    -9.180  2.00000
   974    -9.180  2.00000
   975    -9.180  2.00000
   976    -9.174  2.00000
   977    -9.174  2.00000
   978    -9.174  2.00000
   979    -9.174  2.00000
   980    -9.174  2.00000
   981    -9.161  2.00000
   982    -9.161  2.00000
   983    -9.161  2.00000
   984    -9.147  2.00000
   985    -9.147  2.00000
   986    -9.147  2.00000
   987    -9.138  2.00000
   988    -9.138  2.00000
   989    -9.138  2.00000
   990    -9.138  2.00000
   991    -9.087  2.00000
   992    -9.087  2.00000
   993    -9.087  2.00000
   994    -9.087  2.00000
   995    -9.087  2.00000
   996    -9.059  2.00000
   997    -9.059  2.00000
   998    -9.059  2.00000
   999    -9.059  2.00000
  1000    -9.059  2.00000
  1001    -9.036  2.00000
  1002    -9.036  2.00000
  1003    -9.036  2.00000
  1004    -9.036  2.00000
  1005    -9.036  2.00000
  1006    -9.036  2.00000
  1007    -9.036  2.00000
  1008    -9.036  2.00000
  1009    -9.036  2.00000
  1010    -9.032  2.00000
  1011    -9.032  2.00000
  1012    -9.032  2.00000
  1013    -8.997  2.00000
  1014    -8.996  2.00000
  1015    -8.996  2.00000
  1016    -8.996  2.00000
  1017    -8.996  2.00000
  1018    -8.996  2.00000
  1019    -8.973  2.00000
  1020    -8.973  2.00000
  1021    -8.973  2.00000
  1022    -8.963  2.00000
  1023    -8.963  2.00000
  1024    -8.963  2.00000
  1025    -8.955  2.00000
  1026    -8.955  2.00000
  1027    -8.955  2.00000
  1028    -8.955  2.00000
  1029    -8.955  2.00000
  1030    -8.925  2.00000
  1031    -8.925  2.00000
  1032    -8.925  2.00000
  1033    -8.919  2.00000
  1034    -8.919  2.00000
  1035    -8.919  2.00000
  1036    -8.919  2.00000
  1037    -8.877  2.00000
  1038    -8.877  2.00000
  1039    -8.877  2.00000
  1040    -8.856  2.00000
  1041    -8.856  2.00000
  1042    -8.856  2.00000
  1043    -8.829  2.00000
  1044    -8.811  2.00000
  1045    -8.811  2.00000
  1046    -8.811  2.00000
  1047    -8.811  2.00000
  1048    -8.811  2.00000
  1049    -8.786  2.00000
  1050    -8.786  2.00000
  1051    -8.786  2.00000
  1052    -8.757  2.00000
  1053    -8.757  2.00000
  1054    -8.757  2.00000
  1055    -8.757  2.00000
  1056    -8.757  2.00000
  1057    -8.690  2.00000
  1058    -8.690  2.00000
  1059    -8.690  2.00000
  1060    -8.690  2.00000
  1061    -8.675  2.00000
  1062    -8.675  2.00000
  1063    -8.675  2.00000
  1064    -8.655  2.00000
  1065    -8.655  2.00000
  1066    -8.655  2.00000
  1067    -8.653  2.00000
  1068    -8.653  2.00000
  1069    -8.653  2.00000
  1070    -8.653  2.00000
  1071    -8.653  2.00000
  1072    -8.643  2.00000
  1073    -8.643  2.00000
  1074    -8.643  2.00000
  1075    -8.638  2.00000
  1076    -8.638  2.00000
  1077    -8.638  2.00000
  1078    -8.638  2.00000
  1079    -8.609  2.00000
  1080    -8.553  2.00000
  1081    -8.553  2.00000
  1082    -8.553  2.00000
  1083    -8.553  2.00000
  1084    -8.553  2.00000
  1085    -8.548  2.00000
  1086    -8.548  2.00000
  1087    -8.548  2.00000
  1088    -8.548  2.00000
  1089    -8.548  2.00000
  1090    -8.544  2.00000
  1091    -8.544  2.00000
  1092    -8.544  2.00000
  1093    -8.544  2.00000
  1094    -8.544  2.00000
  1095    -8.544  2.00000
  1096    -8.544  2.00000
  1097    -8.544  2.00000
  1098    -8.522  2.00000
  1099    -8.522  2.00000
  1100    -8.522  2.00000
  1101    -8.457  2.00000
  1102    -8.457  2.00000
  1103    -8.457  2.00000
  1104    -8.457  2.00000
  1105    -8.457  2.00000
  1106    -8.440  2.00000
  1107    -8.440  2.00000
  1108    -8.440  2.00000
  1109    -8.440  2.00000
  1110    -8.440  2.00000
  1111    -8.440  2.00000
  1112    -8.387  2.00000
  1113    -8.369  2.00000
  1114    -8.369  2.00000
  1115    -8.369  2.00000
  1116    -8.369  2.00000
  1117    -8.369  2.00000
  1118    -8.359  2.00000
  1119    -8.359  2.00000
  1120    -8.359  2.00000
  1121    -8.352  2.00000
  1122    -8.352  2.00000
  1123    -8.352  2.00000
  1124    -8.352  2.00000
  1125    -8.287  2.00000
  1126    -8.287  2.00000
  1127    -8.287  2.00000
  1128    -8.275  2.00000
  1129    -8.275  2.00000
  1130    -8.275  2.00000
  1131    -8.275  2.00000
  1132    -8.275  2.00000
  1133    -8.234  2.00000
  1134    -8.234  2.00000
  1135    -8.234  2.00000
  1136    -8.234  2.00000
  1137    -8.232  2.00000
  1138    -8.232  2.00000
  1139    -8.232  2.00000
  1140    -8.232  2.00000
  1141    -8.202  2.00000
  1142    -8.202  2.00000
  1143    -8.202  2.00000
  1144    -8.154  2.00000
  1145    -8.154  2.00000
  1146    -8.154  2.00000
  1147    -8.154  2.00000
  1148    -8.154  2.00000
  1149    -8.112  2.00000
  1150    -8.112  2.00000
  1151    -8.112  2.00000
  1152    -8.112  2.00000
  1153    -8.112  2.00000
  1154    -8.105  2.00000
  1155    -8.105  2.00000
  1156    -8.105  2.00000
  1157    -8.105  2.00000
  1158    -8.099  2.00000
  1159    -8.099  2.00000
  1160    -8.099  2.00000
  1161    -8.079  2.00000
  1162    -8.079  2.00000
  1163    -8.079  2.00000
  1164    -8.079  2.00000
  1165    -8.079  2.00000
  1166    -8.032  2.00000
  1167    -8.032  2.00000
  1168    -8.032  2.00000
  1169    -8.001  2.00000
  1170    -8.001  2.00000
  1171    -8.001  2.00000
  1172    -8.001  2.00000
  1173    -7.970  2.00000
  1174    -7.970  2.00000
  1175    -7.970  2.00000
  1176    -7.921  2.00000
  1177    -7.921  2.00000
  1178    -7.921  2.00000
  1179    -7.891  2.00000
  1180    -7.891  2.00000
  1181    -7.891  2.00000
  1182    -7.878  2.00000
  1183    -7.878  2.00000
  1184    -7.878  2.00000
  1185    -7.878  2.00000
  1186    -7.878  2.00000
  1187    -7.864  2.00000
  1188    -7.864  2.00000
  1189    -7.864  2.00000
  1190    -7.864  2.00000
  1191    -7.864  2.00000
  1192    -7.842  2.00000
  1193    -7.842  2.00000
  1194    -7.842  2.00000
  1195    -7.842  2.00000
  1196    -7.837  2.00000
  1197    -7.837  2.00000
  1198    -7.837  2.00000
  1199    -7.837  2.00000
  1200    -7.827  2.00000
  1201    -7.827  2.00000
  1202    -7.827  2.00000
  1203    -7.743  2.00000
  1204    -7.743  2.00000
  1205    -7.743  2.00000
  1206    -7.711  2.00000
  1207    -7.711  2.00000
  1208    -7.711  2.00000
  1209    -7.711  2.00000
  1210    -7.706  2.00000
  1211    -7.706  2.00000
  1212    -7.706  2.00000
  1213    -7.706  2.00000
  1214    -7.706  2.00000
  1215    -7.655  2.00000
  1216    -7.655  2.00000
  1217    -7.655  2.00000
  1218    -7.655  2.00000
  1219    -7.655  2.00000
  1220    -7.652  2.00000
  1221    -7.652  2.00000
  1222    -7.652  2.00000
  1223    -7.652  2.00000
  1224    -7.652  2.00000
  1225    -7.614  2.00000
  1226    -7.614  2.00000
  1227    -7.614  2.00000
  1228    -7.591  2.00000
  1229    -7.591  2.00000
  1230    -7.591  2.00000
  1231    -7.591  2.00000
  1232    -7.591  2.00000
  1233    -7.585  2.00000
  1234    -7.534  2.00000
  1235    -7.534  2.00000
  1236    -7.534  2.00000
  1237    -7.493  2.00000
  1238    -7.493  2.00000
  1239    -7.493  2.00000
  1240    -7.493  2.00000
  1241    -7.491  2.00000
  1242    -7.491  2.00000
  1243    -7.491  2.00000
  1244    -7.481  2.00000
  1245    -7.481  2.00000
  1246    -7.481  2.00000
  1247    -7.481  2.00000
  1248    -7.481  2.00000
  1249    -7.460  2.00000
  1250    -7.460  2.00000
  1251    -7.460  2.00000
  1252    -7.460  2.00000
  1253    -7.447  2.00000
  1254    -7.447  2.00000
  1255    -7.447  2.00000
  1256    -7.447  2.00000
  1257    -7.447  2.00000
  1258    -7.353  2.00000
  1259    -7.353  2.00000
  1260    -7.353  2.00000
  1261    -7.353  2.00000
  1262    -7.302  2.00000
  1263    -7.302  2.00000
  1264    -7.302  2.00000
  1265    -7.278  2.00000
  1266    -7.278  2.00000
  1267    -7.278  2.00000
  1268    -7.278  2.00000
  1269    -7.278  2.00000
  1270    -7.277  2.00000
  1271    -7.277  2.00000
  1272    -7.277  2.00000
  1273    -7.274  2.00000
  1274    -7.274  2.00000
  1275    -7.274  2.00000
  1276    -7.249  2.00000
  1277    -7.249  2.00000
  1278    -7.249  2.00000
  1279    -7.249  2.00000
  1280    -7.192  2.00000
  1281    -7.192  2.00000
  1282    -7.192  2.00000
  1283    -7.192  2.00000
  1284    -7.192  2.00000
  1285    -7.165  2.00000
  1286    -7.165  2.00000
  1287    -7.165  2.00000
  1288    -7.165  2.00000
  1289    -7.160  2.00000
  1290    -7.160  2.00000
  1291    -7.160  2.00000
  1292    -7.108  2.00000
  1293    -7.108  2.00000
  1294    -7.108  2.00000
  1295    -7.106  2.00000
  1296    -7.106  2.00000
  1297    -7.106  2.00000
  1298    -7.106  2.00000
  1299    -7.052  2.00000
  1300    -7.052  2.00000
  1301    -7.052  2.00000
  1302    -7.050  2.00000
  1303    -7.050  2.00000
  1304    -7.050  2.00000
  1305    -7.050  2.00000
  1306    -7.050  2.00000
  1307    -7.005  2.00000
  1308    -7.005  2.00000
  1309    -7.005  2.00000
  1310    -7.005  2.00000
  1311    -7.004  2.00000
  1312    -7.004  2.00000
  1313    -7.004  2.00000
  1314    -7.004  2.00000
  1315    -6.902  2.00000
  1316    -6.902  2.00000
  1317    -6.902  2.00000
  1318    -6.902  2.00000
  1319    -6.902  2.00000
  1320    -6.859  2.00000
  1321    -6.859  2.00000
  1322    -6.859  2.00000
  1323    -6.858  2.00000
  1324    -6.858  2.00000
  1325    -6.858  2.00000
  1326    -6.858  2.00000
  1327    -6.858  2.00000
  1328    -6.853  2.00000
  1329    -6.853  2.00000
  1330    -6.853  2.00000
  1331    -6.853  2.00000
  1332    -6.849  2.00000
  1333    -6.849  2.00000
  1334    -6.849  2.00000
  1335    -6.849  2.00000
  1336    -6.849  2.00000
  1337    -6.847  2.00000
  1338    -6.847  2.00000
  1339    -6.847  2.00000
  1340    -6.844  2.00000
  1341    -6.825  2.00000
  1342    -6.825  2.00000
  1343    -6.825  2.00000
  1344    -6.825  2.00000
  1345    -6.825  2.00000
  1346    -6.784  2.00000
  1347    -6.784  2.00000
  1348    -6.784  2.00000
  1349    -6.776  2.00000
  1350    -6.776  2.00000
  1351    -6.776  2.00000
  1352    -6.772  2.00000
  1353    -6.723  2.00000
  1354    -6.723  2.00000
  1355    -6.723  2.00000
  1356    -6.719  2.00000
  1357    -6.719  2.00000
  1358    -6.719  2.00000
  1359    -6.719  2.00000
  1360    -6.719  2.00000
  1361    -6.707  2.00000
  1362    -6.707  2.00000
  1363    -6.707  2.00000
  1364    -6.600  2.00000
  1365    -6.600  2.00000
  1366    -6.600  2.00000
  1367    -6.600  2.00000
  1368    -6.600  2.00000
  1369    -6.508  2.00000
  1370    -6.508  2.00000
  1371    -6.508  2.00000
  1372    -6.508  2.00000
  1373    -6.482  2.00000
  1374    -6.482  2.00000
  1375    -6.482  2.00000
  1376    -6.439  2.00000
  1377    -6.439  2.00000
  1378    -6.439  2.00000
  1379    -6.439  2.00000
  1380    -6.439  2.00000
  1381    -6.412  2.00000
  1382    -6.412  2.00000
  1383    -6.412  2.00000
  1384    -6.412  2.00000
  1385    -6.320  2.00000
  1386    -6.320  2.00000
  1387    -6.320  2.00000
  1388    -6.320  2.00000
  1389    -6.320  2.00000
  1390    -6.264  2.00000
  1391    -6.264  2.00000
  1392    -6.264  2.00000
  1393    -6.244  2.00000
  1394    -6.244  2.00000
  1395    -6.244  2.00000
  1396    -6.235  2.00000
  1397    -6.235  2.00000
  1398    -6.235  2.00000
  1399    -6.235  2.00000
  1400    -6.108  2.00000
  1401    -6.108  2.00000
  1402    -6.108  2.00000
  1403    -6.041  2.00000
  1404    -6.041  2.00000
  1405    -6.041  2.00000
  1406    -6.041  2.00000
  1407    -5.993  2.00000
  1408    -5.993  2.00000
  1409    -5.993  2.00000
  1410    -5.993  2.00000
  1411    -5.993  2.00000
  1412    -5.906  2.00000
  1413    -5.906  2.00000
  1414    -5.906  2.00000
  1415    -5.906  2.00000
  1416    -5.906  2.00000
  1417    -5.899  2.00000
  1418    -5.899  2.00000
  1419    -5.899  2.00000
  1420    -5.764  2.00000
  1421    -5.764  2.00000
  1422    -5.764  2.00000
  1423    -5.429  2.00000
  1424    -5.429  2.00000
  1425    -5.429  2.00000
  1426    -5.429  2.00000
  1427    -5.423  2.00000
  1428    -5.423  2.00000
  1429    -5.423  2.00000
  1430    -5.423  2.00000
  1431    -5.205  2.00000
  1432    -5.205  2.00000
  1433    -5.205  2.00000
  1434    -5.205  2.00000
  1435    -5.205  2.00000
  1436    -5.165  2.00000
  1437    -5.165  2.00000
  1438    -5.165  2.00000
  1439    -5.165  2.00000
  1440    -5.165  2.00000
  1441    -4.339  0.00000
  1442    -4.339  0.00000
  1443    -4.339  0.00000
  1444    -4.283  0.00000
  1445    -4.283  0.00000
  1446    -4.283  0.00000
  1447    -3.633  0.00000
  1448    -3.633  0.00000
  1449    -3.633  0.00000
  1450    -3.633  0.00000
  1451    -3.633  0.00000
  1452    -3.528  0.00000
  1453    -3.528  0.00000
  1454    -3.528  0.00000
  1455    -3.528  0.00000
  1456    -3.528  0.00000
  1457    -3.235  0.00000
  1458    -3.235  0.00000
  1459    -3.235  0.00000
  1460    -3.235  0.00000
  1461    -3.173  0.00000
  1462    -3.173  0.00000
  1463    -3.173  0.00000
  1464    -3.026  0.00000
  1465    -3.026  0.00000
  1466    -3.026  0.00000
  1467    -3.026  0.00000
  1468    -3.017  0.00000
  1469    -3.017  0.00000
  1470    -3.017  0.00000
  1471    -2.840  0.00000
  1472    -2.840  0.00000
  1473    -2.840  0.00000
  1474    -2.840  0.00000
  1475    -2.840  0.00000
  1476    -2.772  0.00000
  1477    -2.772  0.00000
  1478    -2.772  0.00000
  1479    -2.772  0.00000
  1480    -2.653  0.00000
  1481    -2.653  0.00000
  1482    -2.653  0.00000
  1483    -2.653  0.00000
  1484    -2.653  0.00000
  1485    -2.540  0.00000
  1486    -2.540  0.00000
  1487    -2.540  0.00000
  1488    -2.435  0.00000
  1489    -2.435  0.00000
  1490    -2.435  0.00000
  1491    -2.435  0.00000
  1492    -2.435  0.00000
  1493    -2.415  0.00000
  1494    -2.415  0.00000
  1495    -2.415  0.00000
  1496    -2.357  0.00000
  1497    -2.357  0.00000
  1498    -2.357  0.00000
  1499    -2.357  0.00000
  1500    -2.334  0.00000
  1501    -2.334  0.00000
  1502    -2.334  0.00000
  1503    -2.334  0.00000
  1504    -2.302  0.00000
  1505    -2.302  0.00000
  1506    -2.302  0.00000
  1507    -2.290  0.00000
  1508    -2.290  0.00000
  1509    -2.290  0.00000
  1510    -2.290  0.00000
  1511    -2.290  0.00000
  1512    -2.147  0.00000
  1513    -2.147  0.00000
  1514    -2.147  0.00000
  1515    -2.147  0.00000
  1516    -2.139  0.00000
  1517    -2.119  0.00000
  1518    -2.119  0.00000
  1519    -2.119  0.00000
  1520    -2.062  0.00000
  1521    -2.062  0.00000
  1522    -2.062  0.00000
  1523    -2.044  0.00000
  1524    -2.044  0.00000
  1525    -2.044  0.00000
  1526    -2.044  0.00000
  1527    -2.044  0.00000
  1528    -2.041  0.00000
  1529    -2.041  0.00000
  1530    -2.041  0.00000
  1531    -2.041  0.00000
  1532    -2.041  0.00000
  1533    -1.922  0.00000
  1534    -1.922  0.00000
  1535    -1.922  0.00000
  1536    -1.906  0.00000
  1537    -1.901  0.00000
  1538    -1.901  0.00000
  1539    -1.901  0.00000
  1540    -1.901  0.00000
  1541    -1.870  0.00000
  1542    -1.870  0.00000
  1543    -1.870  0.00000
  1544    -1.870  0.00000
  1545    -1.870  0.00000
  1546    -1.757  0.00000
  1547    -1.757  0.00000
  1548    -1.757  0.00000
  1549    -1.757  0.00000
  1550    -1.757  0.00000
  1551    -1.757  0.00000
  1552    -1.757  0.00000
  1553    -1.757  0.00000
  1554    -1.742  0.00000
  1555    -1.742  0.00000
  1556    -1.742  0.00000
  1557    -1.742  0.00000
  1558    -1.662  0.00000
  1559    -1.662  0.00000
  1560    -1.662  0.00000
  1561    -1.662  0.00000
  1562    -1.662  0.00000
  1563    -1.603  0.00000
  1564    -1.603  0.00000
  1565    -1.603  0.00000
  1566    -1.400  0.00000
  1567    -1.400  0.00000
  1568    -1.400  0.00000
  1569    -1.400  0.00000
  1570    -1.343  0.00000
  1571    -1.343  0.00000
  1572    -1.343  0.00000
  1573    -1.308  0.00000
  1574    -1.308  0.00000
  1575    -1.308  0.00000
  1576    -1.308  0.00000
  1577    -1.303  0.00000
  1578    -1.303  0.00000
  1579    -1.303  0.00000
  1580    -1.286  0.00000
  1581    -1.286  0.00000
  1582    -1.286  0.00000
  1583    -1.281  0.00000
  1584    -1.281  0.00000
  1585    -1.281  0.00000
  1586    -1.281  0.00000
  1587    -1.281  0.00000
  1588    -1.164  0.00000
  1589    -1.164  0.00000
  1590    -1.164  0.00000
  1591    -1.164  0.00000
  1592    -1.164  0.00000
  1593    -0.919  0.00000
  1594    -0.919  0.00000
  1595    -0.919  0.00000
  1596    -0.919  0.00000
  1597    -0.848  0.00000
  1598    -0.848  0.00000
  1599    -0.848  0.00000
  1600    -0.848  0.00000
  1601    -0.793  0.00000
  1602    -0.793  0.00000
  1603    -0.793  0.00000
  1604    -0.793  0.00000
  1605    -0.793  0.00000
  1606    -0.726  0.00000
  1607    -0.726  0.00000
  1608    -0.726  0.00000
  1609    -0.703  0.00000
  1610    -0.703  0.00000
  1611    -0.703  0.00000
  1612    -0.703  0.00000
  1613    -0.703  0.00000
  1614    -0.701  0.00000
  1615    -0.701  0.00000
  1616    -0.701  0.00000
  1617    -0.701  0.00000
  1618    -0.701  0.00000
  1619    -0.380  0.00000
  1620    -0.380  0.00000
  1621    -0.380  0.00000
  1622    -0.380  0.00000
  1623    -0.325  0.00000
  1624    -0.325  0.00000
  1625    -0.325  0.00000
  1626    -0.225  0.00000
  1627    -0.225  0.00000
  1628    -0.225  0.00000
  1629    -0.207  0.00000
  1630    -0.207  0.00000
  1631    -0.207  0.00000
  1632    -0.193  0.00000
  1633    -0.193  0.00000
  1634    -0.193  0.00000
  1635    -0.193  0.00000
  1636    -0.193  0.00000
  1637    -0.107  0.00000
  1638    -0.107  0.00000
  1639    -0.107  0.00000
  1640    -0.107  0.00000
  1641     0.050  0.00000
  1642     0.050  0.00000
  1643     0.050  0.00000
  1644     0.050  0.00000
  1645     0.090  0.00000
  1646     0.090  0.00000
  1647     0.090  0.00000
  1648     0.271  0.00000
  1649     0.271  0.00000
  1650     0.271  0.00000
  1651     0.271  0.00000
  1652     0.271  0.00000
  1653     0.367  0.00000
  1654     0.392  0.00000
  1655     0.392  0.00000
  1656     0.392  0.00000
  1657     0.434  0.00000
  1658     0.434  0.00000
  1659     0.434  0.00000
  1660     0.434  0.00000
  1661     0.434  0.00000
  1662     0.552  0.00000
  1663     0.552  0.00000
  1664     0.552  0.00000
  1665     0.552  0.00000
  1666     0.624  0.00000
  1667     0.624  0.00000
  1668     0.624  0.00000
  1669     0.624  0.00000
  1670     0.870  0.00000
  1671     0.870  0.00000
  1672     0.870  0.00000
  1673     0.894  0.00000
  1674     0.894  0.00000
  1675     0.894  0.00000
  1676     0.894  0.00000
  1677     0.894  0.00000
  1678     1.002  0.00000
  1679     1.002  0.00000
  1680     1.002  0.00000
  1681     1.055  0.00000
  1682     1.055  0.00000
  1683     1.055  0.00000
  1684     1.055  0.00000
  1685     1.055  0.00000
  1686     1.133  0.00000
  1687     1.133  0.00000
  1688     1.133  0.00000
  1689     1.419  0.00000
  1690     1.419  0.00000
  1691     1.419  0.00000
  1692     1.448  0.00000
  1693     1.448  0.00000
  1694     1.448  0.00000
  1695     1.497  0.00000
  1696     1.497  0.00000
  1697     1.497  0.00000
  1698     1.497  0.00000
  1699     1.497  0.00000
  1700     1.518  0.00000
  1701     1.637  0.00000
  1702     1.637  0.00000
  1703     1.637  0.00000
  1704     1.637  0.00000
  1705     1.637  0.00000
  1706     1.740  0.00000
  1707     1.740  0.00000
  1708     1.740  0.00000
  1709     1.740  0.00000
  1710     2.034  0.00000
  1711     2.034  0.00000
  1712     2.034  0.00000
  1713     2.034  0.00000
  1714     2.034  0.00000
  1715     2.080  0.00000
  1716     2.080  0.00000
  1717     2.080  0.00000
  1718     2.117  0.00000
  1719     2.117  0.00000
  1720     2.117  0.00000
  1721     2.117  0.00000
  1722     2.290  0.00000
  1723     2.290  0.00000
  1724     2.290  0.00000
  1725     2.357  0.00000
  1726     2.357  0.00000
  1727     2.357  0.00000
  1728     2.357  0.00000
  1729     2.625  0.00000
  1730     2.625  0.00000
  1731     2.625  0.00000
  1732     2.625  0.00000
  1733     2.627  0.00000
  1734     2.627  0.00000
  1735     2.627  0.00000
  1736     2.627  0.00000
  1737     2.627  0.00000
  1738     2.848  0.00000
  1739     2.848  0.00000
  1740     2.848  0.00000
  1741     2.918  0.00000
  1742     2.918  0.00000
  1743     2.918  0.00000
  1744     2.918  0.00000
  1745     2.918  0.00000
  1746     3.030  0.00000
  1747     3.030  0.00000
  1748     3.030  0.00000
  1749     3.214  0.00000
  1750     3.214  0.00000
  1751     3.214  0.00000
  1752     3.214  0.00000
  1753     3.393  0.00000
  1754     3.393  0.00000
  1755     3.393  0.00000
  1756     3.393  0.00000
  1757     3.393  0.00000
  1758     3.492  0.00000
  1759     3.492  0.00000
  1760     3.492  0.00000
  1761     3.661  0.00000
  1762     3.661  0.00000
  1763     3.661  0.00000
  1764     3.661  0.00000
  1765     3.778  0.00000
  1766     3.778  0.00000
  1767     3.778  0.00000
  1768     3.778  0.00000
  1769     3.778  0.00000
  1770     3.947  0.00000
  1771     3.947  0.00000
  1772     3.947  0.00000
  1773     4.058  0.00000
  1774     4.192  0.00000
  1775     4.192  0.00000
  1776     4.192  0.00000
  1777     4.192  0.00000
  1778     4.192  0.00000
  1779     4.233  0.00000
  1780     4.233  0.00000
  1781     4.233  0.00000
  1782     4.430  0.00000
  1783     4.430  0.00000
  1784     4.430  0.00000
  1785     4.706  0.00000
  1786     4.706  0.00000
  1787     4.706  0.00000
  1788     4.706  0.00000
  1789     4.706  0.00000
  1790     4.848  0.00000
  1791     4.848  0.00000
  1792     4.848  0.00000
  1793     4.848  0.00000
  1794     5.047  0.00000
  1795     5.047  0.00000
  1796     5.047  0.00000
  1797     5.047  0.00000
  1798     5.066  0.00000
  1799     5.066  0.00000
  1800     5.066  0.00000
  1801     9.565  0.00000
  1802     9.565  0.00000
  1803     9.565  0.00000
  1804     9.628  0.00000
  1805     9.628  0.00000
  1806     9.628  0.00000
  1807     9.818  0.00000
  1808     9.818  0.00000
  1809     9.818  0.00000
  1810     9.818  0.00000
  1811     9.818  0.00000
  1812    10.002  0.00000
  1813    10.002  0.00000
  1814    10.002  0.00000
  1815    10.002  0.00000
  1816    10.002  0.00000
  1817    10.166  0.00000
  1818    10.166  0.00000
  1819    10.166  0.00000
  1820    10.185  0.00000
  1821    10.185  0.00000
  1822    10.185  0.00000
  1823    10.185  0.00000
  1824    10.509  0.00000
  1825    10.509  0.00000
  1826    10.509  0.00000
  1827    10.523  0.00000
  1828    10.523  0.00000
  1829    10.523  0.00000
  1830    10.523  0.00000
  1831    10.549  0.00000
  1832    10.549  0.00000
  1833    10.549  0.00000
  1834    10.549  0.00000
  1835    10.549  0.00000
  1836    10.799  0.00000
  1837    10.799  0.00000
  1838    10.799  0.00000
  1839    10.799  0.00000
  1840    10.959  0.00000
  1841    10.959  0.00000
  1842    10.959  0.00000
  1843    11.082  0.00000
  1844    11.082  0.00000
  1845    11.082  0.00000
  1846    11.082  0.00000
  1847    11.082  0.00000
  1848    11.157  0.00000
  1849    11.157  0.00000
  1850    11.157  0.00000
  1851    11.157  0.00000
  1852    11.157  0.00000
  1853    11.346  0.00000
  1854    11.346  0.00000
  1855    11.346  0.00000
  1856    11.346  0.00000
  1857    11.365  0.00000
  1858    11.388  0.00000
  1859    11.388  0.00000
  1860    11.388  0.00000
  1861    11.606  0.00000
  1862    11.606  0.00000
  1863    11.606  0.00000
  1864    11.794  0.00000
  1865    11.794  0.00000
  1866    11.794  0.00000
  1867    11.809  0.00000
  1868    11.809  0.00000
  1869    11.809  0.00000
  1870    11.809  0.00000
  1871    11.809  0.00000
  1872    11.828  0.00000
  1873    11.828  0.00000
  1874    11.828  0.00000
  1875    12.059  0.00000
  1876    12.059  0.00000
  1877    12.059  0.00000
  1878    12.059  0.00000
  1879    12.059  0.00000
  1880    12.098  0.00000
  1881    12.098  0.00000
  1882    12.098  0.00000
  1883    12.132  0.00000
  1884    12.132  0.00000
  1885    12.132  0.00000
  1886    12.132  0.00000
  1887    12.173  0.00000
  1888    12.173  0.00000
  1889    12.173  0.00000
  1890    12.173  0.00000
  1891    12.173  0.00000
  1892    12.407  0.00000
  1893    12.407  0.00000
  1894    12.407  0.00000
  1895    12.407  0.00000
  1896    12.407  0.00000
  1897    12.526  0.00000
  1898    12.591  0.00000
  1899    12.591  0.00000
  1900    12.591  0.00000
  1901    12.609  0.00000
  1902    12.609  0.00000
  1903    12.609  0.00000
  1904    12.609  0.00000
  1905    12.762  0.00000
  1906    12.762  0.00000
  1907    12.762  0.00000
  1908    12.762  0.00000
  1909    12.769  0.00000
  1910    12.769  0.00000
  1911    12.769  0.00000
  1912    12.815  0.00000
  1913    12.815  0.00000
  1914    12.815  0.00000
  1915    12.815  0.00000
  1916    12.848  0.00000
  1917    12.848  0.00000
  1918    12.848  0.00000
  1919    12.973  0.00000
  1920    12.973  0.00000
  1921    12.973  0.00000
  1922    12.973  0.00000
  1923    12.973  0.00000
  1924    13.006  0.00000
  1925    13.006  0.00000
  1926    13.006  0.00000
  1927    13.006  0.00000
  1928    13.008  0.00000
  1929    13.008  0.00000
  1930    13.008  0.00000
  1931    13.071  0.00000
  1932    13.071  0.00000
  1933    13.071  0.00000
  1934    13.071  0.00000
  1935    13.071  0.00000
  1936    13.141  0.00000
  1937    13.141  0.00000
  1938    13.141  0.00000
  1939    13.264  0.00000
  1940    13.264  0.00000
  1941    13.264  0.00000
  1942    13.353  0.00000
  1943    13.353  0.00000
  1944    13.353  0.00000
  1945    13.353  0.00000
  1946    13.399  0.00000
  1947    13.399  0.00000
  1948    13.399  0.00000
  1949    13.399  0.00000
  1950    13.399  0.00000
  1951    13.499  0.00000
  1952    13.499  0.00000
  1953    13.499  0.00000
  1954    13.499  0.00000
  1955    13.499  0.00000
  1956    13.555  0.00000
  1957    13.555  0.00000
  1958    13.555  0.00000
  1959    13.555  0.00000
  1960    13.555  0.00000
  1961    13.567  0.00000
  1962    13.567  0.00000
  1963    13.567  0.00000
  1964    13.567  0.00000
  1965    13.567  0.00000
  1966    13.575  0.00000
  1967    13.575  0.00000
  1968    13.575  0.00000
  1969    13.575  0.00000
  1970    13.588  0.00000
  1971    13.686  0.00000
  1972    13.686  0.00000
  1973    13.686  0.00000
  1974    13.719  0.00000
  1975    13.719  0.00000
  1976    13.719  0.00000
  1977    13.755  0.00000
  1978    13.755  0.00000
  1979    13.755  0.00000
  1980    13.755  0.00000
  1981    13.755  0.00000
  1982    13.815  0.00000
  1983    13.815  0.00000
  1984    13.815  0.00000
  1985    13.835  0.00000
  1986    13.835  0.00000
  1987    13.835  0.00000
  1988    13.835  0.00000
  1989    13.866  0.00000
  1990    13.866  0.00000
  1991    13.866  0.00000
  1992    13.866  0.00000
  1993    13.974  0.00000
  1994    13.974  0.00000
  1995    13.974  0.00000
  1996    13.974  0.00000
  1997    13.974  0.00000
  1998    14.006  0.00000
  1999    14.006  0.00000
  2000    14.006  0.00000
  2001    14.078  0.00000
  2002    14.078  0.00000
  2003    14.078  0.00000
  2004    14.078  0.00000
  2005    14.108  0.00000
  2006    14.108  0.00000
  2007    14.108  0.00000
  2008    14.108  0.00000
  2009    14.108  0.00000
  2010    14.134  0.00000
  2011    14.134  0.00000
  2012    14.134  0.00000
  2013    14.259  0.00000
  2014    14.259  0.00000
  2015    14.259  0.00000
  2016    14.259  0.00000
  2017    14.286  0.00000
  2018    14.286  0.00000
  2019    14.286  0.00000
  2020    14.342  0.00000
  2021    14.342  0.00000
  2022    14.342  0.00000
  2023    14.381  0.00000
  2024    14.381  0.00000
  2025    14.381  0.00000
  2026    14.476  0.00000
  2027    14.476  0.00000
  2028    14.476  0.00000
  2029    14.565  0.00000
  2030    14.565  0.00000
  2031    14.565  0.00000
  2032    14.565  0.00000
  2033    14.565  0.00000
  2034    14.591  0.00000
  2035    14.591  0.00000
  2036    14.591  0.00000
  2037    14.591  0.00000
  2038    14.591  0.00000
  2039    14.623  0.00000
  2040    14.623  0.00000
  2041    14.623  0.00000
  2042    14.623  0.00000
  2043    14.623  0.00000
  2044    14.661  0.00000
  2045    14.661  0.00000
  2046    14.661  0.00000
  2047    14.661  0.00000
  2048    14.684  0.00000
  2049    14.845  0.00000
  2050    14.845  0.00000
  2051    14.845  0.00000
  2052    14.845  0.00000
  2053    14.845  0.00000
  2054    14.861  0.00000
  2055    14.861  0.00000
  2056    14.861  0.00000
  2057    14.861  0.00000
  2058    14.861  0.00000
  2059    14.871  0.00000
  2060    14.871  0.00000
  2061    14.871  0.00000
  2062    14.871  0.00000
  2063    14.886  0.00000
  2064    14.907  0.00000
  2065    14.907  0.00000
  2066    14.907  0.00000
  2067    14.993  0.00000
  2068    14.993  0.00000
  2069    14.993  0.00000
  2070    14.993  0.00000
  2071    14.993  0.00000
  2072    15.009  0.00000
  2073    15.009  0.00000
  2074    15.009  0.00000
  2075    15.009  0.00000
  2076    15.054  0.00000
  2077    15.054  0.00000
  2078    15.054  0.00000
  2079    15.054  0.00000
  2080    15.089  0.00000
  2081    15.089  0.00000
  2082    15.089  0.00000
  2083    15.118  0.00000
  2084    15.118  0.00000
  2085    15.118  0.00000
  2086    15.163  0.00000
  2087    15.163  0.00000
  2088    15.163  0.00000
  2089    15.163  0.00000
  2090    15.163  0.00000
  2091    15.336  0.00000
  2092    15.336  0.00000
  2093    15.336  0.00000
  2094    15.398  0.00000
  2095    15.398  0.00000
  2096    15.398  0.00000
  2097    15.398  0.00000
  2098    15.398  0.00000
  2099    15.415  0.00000
  2100    15.415  0.00000
  2101    15.415  0.00000
  2102    15.420  0.00000
  2103    15.420  0.00000
  2104    15.420  0.00000
  2105    15.420  0.00000
  2106    15.468  0.00000
  2107    15.468  0.00000
  2108    15.468  0.00000
  2109    15.468  0.00000
  2110    15.468  0.00000
  2111    15.496  0.00000
  2112    15.496  0.00000
  2113    15.496  0.00000
  2114    15.496  0.00000
  2115    15.581  0.00000
  2116    15.581  0.00000
  2117    15.581  0.00000
  2118    15.581  0.00000
  2119    15.581  0.00000
  2120    15.642  0.00000
  2121    15.642  0.00000
  2122    15.642  0.00000
  2123    15.823  0.00000
  2124    15.823  0.00000
  2125    15.823  0.00000
  2126    15.916  0.00000
  2127    15.917  0.00000
  2128    15.917  0.00000
  2129    15.917  0.00000
  2130    15.920  0.00000
  2131    15.920  0.00000
  2132    15.920  0.00000
  2133    16.004  0.00000
  2134    16.004  0.00000
  2135    16.004  0.00000
  2136    16.004  0.00000
  2137    16.070  0.00000
  2138    16.070  0.00000
  2139    16.070  0.00000
  2140    16.070  0.00000
  2141    16.185  0.00000
  2142    16.185  0.00000
  2143    16.185  0.00000
  2144    16.219  0.00000
  2145    16.219  0.00000
  2146    16.219  0.00000
  2147    16.241  0.00000
  2148    16.316  0.00000
  2149    16.316  0.00000
  2150    16.316  0.00000
  2151    16.316  0.00000
  2152    16.316  0.00000
  2153    16.402  0.00000
  2154    16.402  0.00000
  2155    16.402  0.00000
  2156    16.430  0.00000
  2157    16.430  0.00000
  2158    16.430  0.00000
  2159    16.430  0.00000
  2160    16.430  0.00000
  2161    16.510  0.00000
  2162    16.510  0.00000
  2163    16.510  0.00000
  2164    16.510  0.00000
  2165    16.512  0.00000
  2166    16.512  0.00000
  2167    16.512  0.00000
  2168    16.512  0.00000
  2169    16.512  0.00000
  2170    16.647  0.00000
  2171    16.647  0.00000
  2172    16.647  0.00000
  2173    16.647  0.00000
  2174    16.647  0.00000
  2175    16.762  0.00000
  2176    16.762  0.00000
  2177    16.762  0.00000
  2178    16.789  0.00000
  2179    16.789  0.00000
  2180    16.789  0.00000
  2181    16.822  0.00000
  2182    16.822  0.00000
  2183    16.822  0.00000
  2184    16.822  0.00000
  2185    16.822  0.00000
  2186    17.051  0.00000
  2187    17.051  0.00000
  2188    17.051  0.00000
  2189    17.051  0.00000
  2190    17.078  0.00000
  2191    17.078  0.00000
  2192    17.078  0.00000
  2193    17.078  0.00000
  2194    17.078  0.00000
  2195    17.080  0.00000
  2196    17.080  0.00000
  2197    17.080  0.00000
  2198    17.109  0.00000
  2199    17.109  0.00000
  2200    17.109  0.00000
  2201    17.109  0.00000
  2202    17.239  0.00000
  2203    17.239  0.00000
  2204    17.239  0.00000
  2205    17.239  0.00000
  2206    17.239  0.00000
  2207    17.254  0.00000
  2208    17.254  0.00000
  2209    17.254  0.00000
  2210    17.278  0.00000
  2211    17.278  0.00000
  2212    17.278  0.00000
  2213    17.373  0.00000
  2214    17.373  0.00000
  2215    17.373  0.00000
  2216    17.373  0.00000
  2217    17.482  0.00000
  2218    17.482  0.00000
  2219    17.482  0.00000
  2220    17.482  0.00000
  2221    17.523  0.00000
  2222    17.523  0.00000
  2223    17.523  0.00000
  2224    17.531  0.00000
  2225    17.531  0.00000
  2226    17.531  0.00000
  2227    17.734  0.00000
  2228    17.734  0.00000
  2229    17.734  0.00000
  2230    17.734  0.00000
  2231    17.734  0.00000
  2232    17.832  0.00000
  2233    17.832  0.00000
  2234    17.832  0.00000
  2235    17.832  0.00000
  2236    17.832  0.00000
  2237    17.957  0.00000
  2238    17.957  0.00000
  2239    17.957  0.00000
  2240    17.957  0.00000
  2241    17.989  0.00000
  2242    17.989  0.00000
  2243    17.989  0.00000
  2244    17.989  0.00000
  2245    17.989  0.00000
  2246    18.031  0.00000
  2247    18.031  0.00000
  2248    18.031  0.00000
  2249    18.065  0.00000
  2250    18.065  0.00000
  2251    18.065  0.00000
  2252    18.065  0.00000
  2253    18.166  0.00000
  2254    18.250  0.00000
  2255    18.250  0.00000
  2256    18.250  0.00000
  2257    18.250  0.00000
  2258    18.250  0.00000
  2259    18.442  0.00000
  2260    18.442  0.00000
  2261    18.442  0.00000
  2262    18.442  0.00000
  2263    18.458  0.00000
  2264    18.458  0.00000
  2265    18.458  0.00000
  2266    18.460  0.00000
  2267    18.460  0.00000
  2268    18.460  0.00000
  2269    18.594  0.00000
  2270    18.594  0.00000
  2271    18.594  0.00000
  2272    18.618  0.00000
  2273    18.618  0.00000
  2274    18.618  0.00000
  2275    18.742  0.00000
  2276    18.742  0.00000
  2277    18.742  0.00000
  2278    18.742  0.00000
  2279    18.742  0.00000
  2280    18.846  0.00000
  2281    18.846  0.00000
  2282    18.846  0.00000
  2283    18.846  0.00000
  2284    18.943  0.00000
  2285    18.943  0.00000
  2286    18.943  0.00000
  2287    19.036  0.00000
  2288    19.036  0.00000
  2289    19.036  0.00000
  2290    19.036  0.00000
  2291    19.044  0.00000
  2292    19.073  0.00000
  2293    19.073  0.00000
  2294    19.073  0.00000
  2295    19.073  0.00000
  2296    19.073  0.00000
  2297    19.085  0.00000
  2298    19.085  0.00000
  2299    19.085  0.00000
  2300    19.085  0.00000
  2301    19.117  0.00000
  2302    19.117  0.00000
  2303    19.117  0.00000
  2304    19.200  0.00000
  2305    19.200  0.00000
  2306    19.200  0.00000
  2307    19.200  0.00000
  2308    19.200  0.00000
  2309    19.298  0.00000
  2310    19.298  0.00000
  2311    19.298  0.00000
  2312    19.298  0.00000
  2313    19.328  0.00000
  2314    19.328  0.00000
  2315    19.328  0.00000
  2316    19.328  0.00000
  2317    19.328  0.00000
  2318    19.349  0.00000
  2319    19.349  0.00000
  2320    19.349  0.00000
  2321    19.349  0.00000
  2322    19.359  0.00000
  2323    19.359  0.00000
  2324    19.359  0.00000
  2325    19.359  0.00000
  2326    19.359  0.00000
  2327    19.586  0.00000
  2328    19.586  0.00000
  2329    19.586  0.00000
  2330    19.593  0.00000
  2331    19.593  0.00000
  2332    19.593  0.00000
  2333    19.603  0.00000
  2334    19.603  0.00000
  2335    19.603  0.00000
  2336    19.603  0.00000
  2337    19.603  0.00000
  2338    19.659  0.00000
  2339    19.659  0.00000
  2340    19.659  0.00000
  2341    19.659  0.00000
  2342    19.659  0.00000
  2343    19.851  0.00000
  2344    19.851  0.00000
  2345    19.851  0.00000
  2346    19.910  0.00000
  2347    19.910  0.00000
  2348    19.910  0.00000
  2349    19.989  0.00000
  2350    20.093  0.00000
  2351    20.093  0.00000
  2352    20.093  0.00000
  2353    20.093  0.00000
  2354    20.109  0.00000
  2355    20.109  0.00000
  2356    20.109  0.00000
  2357    20.193  0.00000
  2358    20.193  0.00000
  2359    20.193  0.00000
  2360    20.193  0.00000
  2361    20.193  0.00000
  2362    20.202  0.00000
  2363    20.202  0.00000
  2364    20.202  0.00000
  2365    20.202  0.00000
  2366    20.234  0.00000
  2367    20.234  0.00000
  2368    20.234  0.00000
  2369    20.243  0.00000
  2370    20.243  0.00000
  2371    20.243  0.00000
  2372    20.243  0.00000
  2373    20.264  0.00000
  2374    20.264  0.00000
  2375    20.264  0.00000
  2376    20.265  0.00000
  2377    20.265  0.00000
  2378    20.265  0.00000
  2379    20.265  0.00000
  2380    20.265  0.00000
  2381    20.350  0.00000
  2382    20.350  0.00000
  2383    20.350  0.00000
  2384    20.350  0.00000
  2385    20.350  0.00000
  2386    20.366  0.00000
  2387    20.366  0.00000
  2388    20.366  0.00000
  2389    20.491  0.00000
  2390    20.491  0.00000
  2391    20.491  0.00000
  2392    20.586  0.00000
  2393    20.586  0.00000
  2394    20.586  0.00000
  2395    20.586  0.00000
  2396    20.586  0.00000
  2397    20.692  0.00000
  2398    20.692  0.00000
  2399    20.692  0.00000
  2400    20.747  0.00000
  2401    20.747  0.00000
  2402    20.747  0.00000
  2403    20.782  0.00000
  2404    20.782  0.00000
  2405    20.782  0.00000
  2406    20.782  0.00000
  2407    20.829  0.00000
  2408    20.852  0.00000
  2409    20.852  0.00000
  2410    20.852  0.00000
  2411    20.852  0.00000
  2412    20.909  0.00000
  2413    20.909  0.00000
  2414    20.909  0.00000
  2415    20.941  0.00000
  2416    20.941  0.00000
  2417    20.941  0.00000
  2418    20.941  0.00000
  2419    20.941  0.00000
  2420    21.035  0.00000
  2421    21.035  0.00000
  2422    21.035  0.00000
  2423    21.035  0.00000
  2424    21.035  0.00000
  2425    21.152  0.00000
  2426    21.152  0.00000
  2427    21.152  0.00000
  2428    21.158  0.00000
  2429    21.158  0.00000
  2430    21.158  0.00000
  2431    21.158  0.00000
  2432    21.158  0.00000
  2433    21.216  0.00000
  2434    21.216  0.00000
  2435    21.216  0.00000
  2436    21.216  0.00000
  2437    21.224  0.00000
  2438    21.224  0.00000
  2439    21.224  0.00000
  2440    21.224  0.00000
  2441    21.224  0.00000
  2442    21.269  0.00000
  2443    21.269  0.00000
  2444    21.269  0.00000
  2445    21.290  0.00000
  2446    21.290  0.00000
  2447    21.290  0.00000
  2448    21.290  0.00000
  2449    21.335  0.00000
  2450    21.335  0.00000
  2451    21.335  0.00000
  2452    21.335  0.00000
  2453    21.335  0.00000
  2454    21.391  0.00000
  2455    21.391  0.00000
  2456    21.391  0.00000
  2457    21.484  0.00000
  2458    21.484  0.00000
  2459    21.484  0.00000
  2460    21.484  0.00000
  2461    21.484  0.00000
  2462    21.512  0.00000
  2463    21.512  0.00000
  2464    21.512  0.00000
  2465    21.540  0.00000
  2466    21.540  0.00000
  2467    21.540  0.00000
  2468    21.540  0.00000
  2469    21.598  0.00000
  2470    21.598  0.00000
  2471    21.598  0.00000
  2472    21.598  0.00000
  2473    21.598  0.00000
  2474    21.634  0.00000
  2475    21.634  0.00000
  2476    21.634  0.00000
  2477    21.634  0.00000
  2478    21.634  0.00000
  2479    21.735  0.00000
  2480    21.735  0.00000
  2481    21.735  0.00000
  2482    21.752  0.00000
  2483    21.752  0.00000
  2484    21.752  0.00000
  2485    21.861  0.00000
  2486    21.861  0.00000
  2487    21.861  0.00000
  2488    21.861  0.00000
  2489    21.971  0.00000
  2490    21.971  0.00000
  2491    21.971  0.00000
  2492    22.010  0.00000
  2493    22.011  0.00000
  2494    22.011  0.00000
  2495    22.011  0.00000
  2496    22.011  0.00000
  2497    22.034  0.00000
  2498    22.034  0.00000
  2499    22.034  0.00000
  2500    22.034  0.00000
  2501    22.034  0.00000
  2502    22.051  0.00000
  2503    22.051  0.00000
  2504    22.051  0.00000
  2505    22.051  0.00000
  2506    22.051  0.00000
  2507    22.088  0.00000
  2508    22.088  0.00000
  2509    22.088  0.00000
  2510    22.198  0.00000
  2511    22.198  0.00000
  2512    22.198  0.00000
  2513    22.249  0.00000
  2514    22.249  0.00000
  2515    22.249  0.00000
  2516    22.249  0.00000
  2517    22.249  0.00000
  2518    22.268  0.00000
  2519    22.268  0.00000
  2520    22.268  0.00000
  2521    22.302  0.00000
  2522    22.302  0.00000
  2523    22.302  0.00000
  2524    22.302  0.00000
  2525    22.452  0.00000
  2526    22.452  0.00000
  2527    22.452  0.00000
  2528    22.452  0.00000
  2529    22.462  0.00000
  2530    22.462  0.00000
  2531    22.462  0.00000
  2532    22.462  0.00000
  2533    22.462  0.00000
  2534    22.556  0.00000
  2535    22.556  0.00000
  2536    22.556  0.00000
  2537    22.559  0.00000
  2538    22.559  0.00000
  2539    22.559  0.00000
  2540    22.559  0.00000
  2541    22.627  0.00000
  2542    22.627  0.00000
  2543    22.627  0.00000
  2544    22.627  0.00000
  2545    22.627  0.00000
  2546    22.629  0.00000
  2547    22.629  0.00000
  2548    22.629  0.00000
  2549    22.672  0.00000
  2550    22.672  0.00000
  2551    22.672  0.00000
  2552    22.815  0.00000
  2553    22.815  0.00000
  2554    22.815  0.00000
  2555    22.815  0.00000
  2556    22.849  0.00000
  2557    22.849  0.00000
  2558    22.849  0.00000
  2559    22.849  0.00000
  2560    22.849  0.00000
  2561    22.889  0.00000
  2562    22.889  0.00000
  2563    22.889  0.00000
  2564    23.040  0.00000
  2565    23.040  0.00000
  2566    23.040  0.00000
  2567    23.040  0.00000
  2568    23.040  0.00000
  2569    23.068  0.00000
  2570    23.068  0.00000
  2571    23.068  0.00000
  2572    23.068  0.00000
  2573    23.068  0.00000
  2574    23.073  0.00000
  2575    23.073  0.00000
  2576    23.073  0.00000
  2577    23.073  0.00000
  2578    23.159  0.00000
  2579    23.159  0.00000
  2580    23.159  0.00000
  2581    23.160  0.00000
  2582    23.160  0.00000
  2583    23.160  0.00000
  2584    23.160  0.00000
  2585    23.195  0.00000
  2586    23.195  0.00000
  2587    23.195  0.00000
  2588    23.217  0.00000
  2589    23.354  0.00000
  2590    23.354  0.00000
  2591    23.354  0.00000
  2592    23.354  0.00000
  2593    23.354  0.00000
  2594    23.619  0.00000
  2595    23.619  0.00000
  2596    23.619  0.00000
  2597    23.619  0.00000
  2598    23.738  0.00000
  2599    23.738  0.00000
  2600    23.738  0.00000
  2601    23.738  0.00000
  2602    23.738  0.00000
  2603    23.743  0.00000
  2604    23.743  0.00000
  2605    23.743  0.00000
  2606    23.743  0.00000
  2607    23.765  0.00000
  2608    23.765  0.00000
  2609    23.765  0.00000
  2610    24.032  0.00000
  2611    24.242  0.00000
  2612    24.242  0.00000
  2613    24.242  0.00000
  2614    24.312  0.00000
  2615    24.312  0.00000
  2616    24.312  0.00000
  2617    24.395  0.00000
  2618    24.395  0.00000
  2619    24.395  0.00000
  2620    24.395  0.00000
  2621    24.395  0.00000
  2622    24.802  0.00000
  2623    24.802  0.00000
  2624    24.802  0.00000
  2625    24.995  0.00000
  2626    25.116  0.00000
  2627    25.116  0.00000
  2628    25.116  0.00000
  2629    25.116  0.00000
  2630    25.116  0.00000
  2631    25.119  0.00000
  2632    25.119  0.00000
  2633    25.119  0.00000
  2634    25.119  0.00000
  2635    25.119  0.00000
  2636    25.122  0.00000
  2637    25.122  0.00000
  2638    25.122  0.00000
  2639    25.264  0.00000
  2640    25.264  0.00000
  2641    25.264  0.00000
  2642    25.264  0.00000
  2643    25.352  0.00000
  2644    25.352  0.00000
  2645    25.352  0.00000
  2646    25.820  0.00000
  2647    25.820  0.00000
  2648    25.820  0.00000
  2649    25.820  0.00000
  2650    25.825  0.00000
  2651    25.825  0.00000
  2652    25.825  0.00000
  2653    25.825  0.00000
  2654    25.825  0.00000
  2655    25.854  0.00000
  2656    25.854  0.00000
  2657    25.854  0.00000
  2658    25.854  0.00000
  2659    25.854  0.00000
  2660    26.068  0.00000
  2661    26.068  0.00000
  2662    26.068  0.00000
  2663    26.104  0.00000
  2664    26.104  0.00000
  2665    26.104  0.00000
  2666    26.202  0.00000
  2667    26.202  0.00000
  2668    26.202  0.00000
  2669    26.202  0.00000
  2670    26.217  0.00000
  2671    26.217  0.00000
  2672    26.217  0.00000
  2673    26.262  0.00000
  2674    26.262  0.00000
  2675    26.262  0.00000
  2676    26.262  0.00000
  2677    26.307  0.00000
  2678    26.307  0.00000
  2679    26.307  0.00000
  2680    26.307  0.00000
  2681    26.307  0.00000
  2682    26.465  0.00000
  2683    26.465  0.00000
  2684    26.465  0.00000
  2685    26.741  0.00000
  2686    26.741  0.00000
  2687    26.741  0.00000
  2688    26.741  0.00000
  2689    26.864  0.00000
  2690    26.864  0.00000
  2691    26.864  0.00000
  2692    26.864  0.00000
  2693    26.864  0.00000
  2694    26.936  0.00000
  2695    26.936  0.00000
  2696    26.936  0.00000
  2697    26.936  0.00000
  2698    26.936  0.00000
  2699    27.012  0.00000
  2700    27.012  0.00000
  2701    27.012  0.00000
  2702    27.012  0.00000
  2703    27.012  0.00000
  2704    27.035  0.00000
  2705    27.035  0.00000
  2706    27.035  0.00000
  2707    27.057  0.00000
  2708    27.057  0.00000
  2709    27.057  0.00000
  2710    27.057  0.00000
  2711    27.136  0.00000
  2712    27.136  0.00000
  2713    27.136  0.00000
  2714    27.136  0.00000
  2715    27.294  0.00000
  2716    27.294  0.00000
  2717    27.294  0.00000
  2718    27.294  0.00000
  2719    27.294  0.00000
  2720    27.415  0.00000
  2721    27.415  0.00000
  2722    27.415  0.00000
  2723    27.415  0.00000
  2724    27.443  0.00000
  2725    27.443  0.00000
  2726    27.443  0.00000
  2727    27.451  0.00000
  2728    27.451  0.00000
  2729    27.451  0.00000
  2730    27.451  0.00000
  2731    27.451  0.00000
  2732    27.467  0.00000
  2733    27.467  0.00000
  2734    27.467  0.00000
  2735    27.683  0.00000
  2736    27.752  0.00000
  2737    27.752  0.00000
  2738    27.752  0.00000
  2739    27.752  0.00000
  2740    27.752  0.00000
  2741    27.769  0.00000
  2742    27.769  0.00000
  2743    27.769  0.00000
  2744    27.868  0.00000
  2745    27.868  0.00000
  2746    27.868  0.00000
  2747    27.868  0.00000
  2748    27.873  0.00000
  2749    27.873  0.00000
  2750    27.873  0.00000
  2751    28.051  0.00000
  2752    28.051  0.00000
  2753    28.051  0.00000
  2754    28.051  0.00000
  2755    28.186  0.00000
  2756    28.186  0.00000
  2757    28.186  0.00000
  2758    28.186  0.00000
  2759    28.186  0.00000
  2760    28.386  0.00000
  2761    28.386  0.00000
  2762    28.386  0.00000
  2763    28.416  0.00000
  2764    28.416  0.00000
  2765    28.416  0.00000
  2766    28.416  0.00000
  2767    28.416  0.00000
  2768    28.423  0.00000
  2769    28.423  0.00000
  2770    28.423  0.00000
  2771    28.455  0.00000
  2772    28.455  0.00000
  2773    28.455  0.00000
  2774    28.516  0.00000
  2775    28.516  0.00000
  2776    28.516  0.00000
  2777    28.622  0.00000
  2778    28.622  0.00000
  2779    28.622  0.00000
  2780    28.622  0.00000
  2781    28.622  0.00000
  2782    28.633  0.00000
  2783    28.633  0.00000
  2784    28.633  0.00000
  2785    28.680  0.00000
  2786    28.739  0.00000
  2787    28.739  0.00000
  2788    28.739  0.00000
  2789    28.779  0.00000
  2790    28.779  0.00000
  2791    28.779  0.00000
  2792    28.779  0.00000
  2793    28.826  0.00000
  2794    28.826  0.00000
  2795    28.826  0.00000
  2796    28.826  0.00000
  2797    28.829  0.00000
  2798    28.829  0.00000
  2799    28.829  0.00000
  2800    28.829  0.00000
  2801    28.829  0.00000
  2802    28.966  0.00000
  2803    28.966  0.00000
  2804    28.966  0.00000
  2805    28.966  0.00000
  2806    28.966  0.00000
  2807    29.044  0.00000
  2808    29.044  0.00000
  2809    29.044  0.00000
  2810    29.049  0.00000
  2811    29.049  0.00000
  2812    29.049  0.00000
  2813    29.049  0.00000
  2814    29.083  0.00000
  2815    29.083  0.00000
  2816    29.083  0.00000
  2817    29.096  0.00000
  2818    29.096  0.00000
  2819    29.096  0.00000
  2820    29.096  0.00000
  2821    29.096  0.00000
  2822    29.101  0.00000
  2823    29.101  0.00000
  2824    29.101  0.00000
  2825    29.101  0.00000
  2826    29.114  0.00000
  2827    29.114  0.00000
  2828    29.114  0.00000
  2829    29.298  0.00000
  2830    29.298  0.00000
  2831    29.298  0.00000
  2832    29.300  0.00000
  2833    29.300  0.00000
  2834    29.300  0.00000
  2835    29.504  0.00000
  2836    29.504  0.00000
  2837    29.504  0.00000
  2838    29.504  0.00000
  2839    29.504  0.00000
  2840    29.559  0.00000
  2841    29.559  0.00000
  2842    29.559  0.00000
  2843    29.559  0.00000
  2844    29.673  0.00000
  2845    29.673  0.00000
  2846    29.673  0.00000
  2847    29.673  0.00000
  2848    29.833  0.00000
  2849    29.833  0.00000
  2850    29.833  0.00000
  2851    29.833  0.00000
  2852    29.833  0.00000
  2853    29.957  0.00000
  2854    29.957  0.00000
  2855    29.957  0.00000
  2856    29.957  0.00000
  2857    29.957  0.00000
  2858    29.972  0.00000
  2859    29.972  0.00000
  2860    29.972  0.00000
  2861    30.010  0.00000
  2862    30.010  0.00000
  2863    30.010  0.00000
  2864    30.010  0.00000
  2865    30.010  0.00000
  2866    30.016  0.00000
  2867    30.016  0.00000
  2868    30.016  0.00000
  2869    30.108  0.00000
  2870    30.130  0.00000
  2871    30.130  0.00000
  2872    30.130  0.00000
  2873    30.130  0.00000
  2874    30.367  0.00000
  2875    30.367  0.00000
  2876    30.367  0.00000
  2877    30.367  0.00000
  2878    30.392  0.00000
  2879    30.392  0.00000
  2880    30.392  0.00000

