 KPT            1  SPIN            1  KWEIGHT    1.0000000000000000     
     1   -18.172  2.00000
     2   -18.154  2.00000
     3   -18.115  2.00000
     4   -18.088  2.00000
     5   -18.051  2.00000
     6   -18.013  2.00000
     7   -17.936  2.00000
     8   -17.915  2.00000
     9   -17.825  2.00000
    10   -17.762  2.00000
    11   -17.640  2.00000
    12   -17.586  2.00000
    13   -17.435  2.00000
    14   -17.362  2.00000
    15   -17.222  2.00000
    16   -17.144  2.00000
    17   -16.938  2.00000
    18   -16.920  2.00000
    19   -16.659  2.00000
    20   -16.618  2.00000
    21   -16.341  2.00000
    22   -16.303  2.00000
    23   -15.993  2.00000
    24   -15.981  2.00000
    25   -15.655  2.00000
    26   -15.600  2.00000
    27   -15.243  2.00000
    28   -15.205  2.00000
    29   -14.834  2.00000
    30   -14.819  2.00000
    31   -14.449  2.00000
    32   -14.424  2.00000
    33   -14.086  2.00000
    34   -14.072  2.00000
    35   -13.639  2.00000
    36   -13.612  2.00000
    37   -13.344  2.00000
    38   -13.266  2.00000
    39   -13.047  2.00000
    40   -12.962  2.00000
    41   -12.745  2.00000
    42   -12.732  2.00000
    43   -12.624  2.00000
    44   -12.608  2.00000
    45   -12.539  2.00000
    46   -12.516  2.00000
    47   -12.497  2.00000
    48   -12.473  2.00000
    49   -12.448  2.00000
    50   -12.436  2.00000
    51   -12.424  2.00000
    52   -12.411  2.00000
    53   -12.397  2.00000
    54   -12.356  2.00000
    55   -12.342  2.00000
    56   -12.330  2.00000
    57   -12.317  2.00000
    58   -12.260  2.00000
    59   -10.447  2.00000
    60   -10.420  2.00000
    61   -10.412  2.00000
    62   -10.376  2.00000
    63   -10.347  2.00000
    64   -10.284  2.00000
    65   -10.234  2.00000
    66   -10.173  2.00000
    67   -10.141  2.00000
    68   -10.079  2.00000
    69   -10.025  2.00000
    70   -10.005  2.00000
    71    -9.936  2.00000
    72    -9.878  2.00000
    73    -9.825  2.00000
    74    -9.800  2.00000
    75    -9.767  2.00000
    76    -9.743  2.00000
    77    -9.679  2.00000
    78    -9.662  2.00000
    79    -9.634  2.00000
    80    -9.628  2.00000
    81    -9.597  2.00000
    82    -9.571  2.00000
    83    -9.561  2.00000
    84    -9.527  2.00000
    85    -9.483  2.00000
    86    -9.470  2.00000
    87    -9.431  2.00000
    88    -9.395  2.00000
    89    -9.355  2.00000
    90    -9.330  2.00000
    91    -9.289  2.00000
    92    -9.239  2.00000
    93    -9.203  2.00000
    94    -9.191  2.00000
    95    -9.112  2.00000
    96    -9.096  2.00000
    97    -9.036  2.00000
    98    -9.006  2.00000
    99    -8.991  2.00000
   100    -8.987  2.00000
   101    -8.868  2.00000
   102    -8.852  2.00000
   103    -8.836  2.00000
   104    -8.792  2.00000
   105    -8.774  2.00000
   106    -8.752  2.00000
   107    -8.601  2.00000
   108    -8.571  2.00000
   109    -8.555  2.00000
   110    -8.526  2.00000
   111    -8.521  2.00000
   112    -8.454  2.00000
   113    -8.425  2.00000
   114    -8.369  2.00000
   115    -8.351  2.00000
   116    -8.307  2.00000
   117    -8.298  2.00000
   118    -8.235  2.00000
   119    -8.189  2.00000
   120    -8.182  2.00000
   121    -8.119  2.00000
   122    -8.115  2.00000
   123    -8.088  2.00000
   124    -8.031  2.00000
   125    -8.000  2.00000
   126    -7.994  2.00000
   127    -7.936  2.00000
   128    -7.892  2.00000
   129    -7.876  2.00000
   130    -7.835  2.00000
   131    -7.828  2.00000
   132    -7.774  2.00000
   133    -7.765  2.00000
   134    -7.748  2.00000
   135    -7.703  2.00000
   136    -7.688  2.00000
   137    -7.674  2.00000
   138    -7.648  2.00000
   139    -7.626  2.00000
   140    -7.605  2.00000
   141    -7.579  2.00000
   142    -7.568  2.00000
   143    -7.564  2.00000
   144    -7.533  2.00000
   145    -7.497  2.00000
   146    -7.482  2.00000
   147    -7.472  2.00000
   148    -7.463  2.00000
   149    -7.418  2.00000
   150    -7.406  2.00000
   151    -7.391  2.00000
   152    -7.371  2.00000
   153    -7.359  2.00000
   154    -7.357  2.00000
   155    -7.339  2.00000
   156    -7.319  2.00000
   157    -7.310  2.00000
   158    -7.295  2.00000
   159    -7.285  2.00000
   160    -7.272  2.00000
   161    -7.259  2.00000
   162    -7.240  2.00000
   163    -7.212  2.00000
   164    -7.181  2.00000
   165    -7.165  2.00000
   166    -7.144  2.00000
   167    -7.130  2.00000
   168    -7.104  2.00000
   169    -7.086  2.00000
   170    -7.057  2.00000
   171    -7.008  2.00000
   172    -6.995  2.00000
   173    -6.980  2.00000
   174    -6.937  2.00000
   175    -6.907  2.00000
   176    -6.872  2.00000
   177     0.113  0.00000
   178     0.113  0.00000
   179     0.113  0.00000
   180     0.123  0.00000
   181     0.123  0.00000
   182     0.123  0.00000
   183     0.134  0.00000
   184     0.134  0.00000
   185     0.134  0.00000
   186     0.155  0.00000
   187     0.155  0.00000
   188     0.155  0.00000
   189     0.159  0.00000
   190     0.159  0.00000
   191     0.159  0.00000
   192     0.159  0.00000
   193     0.159  0.00000
   194     0.159  0.00000
   195     0.160  0.00000
   196     0.160  0.00000
   197     0.160  0.00000
   198     0.164  0.00000
   199     0.164  0.00000
   200     0.164  0.00000
   201     0.169  0.00000
   202     0.169  0.00000
   203     0.169  0.00000
   204     0.170  0.00000
   205     0.170  0.00000
   206     0.170  0.00000
   207     0.171  0.00000
   208     0.171  0.00000
   209     0.171  0.00000
   210     0.173  0.00000
   211     0.173  0.00000
   212     0.173  0.00000
   213     0.181  0.00000
   214     0.181  0.00000
   215     0.181  0.00000
   216     0.187  0.00000
   217     0.187  0.00000
   218     0.187  0.00000
   219     0.190  0.00000
   220     0.190  0.00000
   221     0.190  0.00000
   222     0.191  0.00000
   223     0.191  0.00000
   224     0.191  0.00000
   225     0.191  0.00000
   226     0.191  0.00000
   227     0.191  0.00000
   228     0.196  0.00000
   229     0.196  0.00000
   230     0.196  0.00000
   231     0.198  0.00000
   232     0.198  0.00000
   233     0.198  0.00000
   234     0.200  0.00000
   235     0.200  0.00000
   236     0.200  0.00000
   237     0.200  0.00000
   238     0.200  0.00000
   239     0.200  0.00000
   240     0.202  0.00000
   241     0.202  0.00000
   242     0.202  0.00000
   243     0.202  0.00000
   244     0.202  0.00000
   245     0.202  0.00000
   246     0.204  0.00000
   247     0.204  0.00000
   248     0.204  0.00000
   249     0.204  0.00000
   250     0.204  0.00000
   251     0.204  0.00000
   252     0.205  0.00000
   253     0.205  0.00000
   254     0.205  0.00000
   255     0.207  0.00000
   256     0.207  0.00000
   257     0.207  0.00000
   258     0.209  0.00000
   259     0.209  0.00000
   260     0.209  0.00000
   261     0.210  0.00000
   262     0.210  0.00000
   263     0.210  0.00000
   264     0.211  0.00000
   265     0.211  0.00000
   266     0.211  0.00000
   267     0.211  0.00000
   268     0.211  0.00000
   269     0.211  0.00000
   270     0.211  0.00000
   271     0.211  0.00000
   272     0.211  0.00000
   273     0.212  0.00000
   274     0.212  0.00000
   275     0.212  0.00000
   276     0.214  0.00000
   277     0.214  0.00000
   278     0.214  0.00000
   279     0.215  0.00000
   280     0.215  0.00000
   281     0.215  0.00000
   282     0.215  0.00000
   283     0.215  0.00000
   284     0.215  0.00000
   285     0.218  0.00000
   286     0.218  0.00000
   287     0.218  0.00000
   288     0.220  0.00000
   289     0.220  0.00000
   290     0.220  0.00000
   291     0.220  0.00000
   292     0.220  0.00000
   293     0.220  0.00000
   294     0.221  0.00000
   295     0.221  0.00000
   296     0.221  0.00000
   297     0.221  0.00000
   298     0.221  0.00000
   299     0.221  0.00000
   300     0.221  0.00000
   301     0.221  0.00000
   302     0.221  0.00000
   303     0.222  0.00000
   304     0.222  0.00000
   305     0.222  0.00000
   306     0.222  0.00000
   307     0.222  0.00000
   308     0.222  0.00000
   309     0.224  0.00000
   310     0.224  0.00000
   311     0.224  0.00000
   312     0.224  0.00000
   313     0.224  0.00000
   314     0.224  0.00000
   315     0.227  0.00000
   316     0.227  0.00000
   317     0.227  0.00000
   318     0.227  0.00000
   319     0.227  0.00000
   320     0.227  0.00000
   321     0.227  0.00000
   322     0.227  0.00000
   323     0.227  0.00000
   324     0.228  0.00000
   325     0.228  0.00000
   326     0.228  0.00000
   327     0.229  0.00000
   328     0.229  0.00000
   329     0.229  0.00000
   330     0.236  0.00000
   331     0.236  0.00000
   332     0.236  0.00000
   333     0.237  0.00000
   334     0.237  0.00000
   335     0.237  0.00000
   336     0.237  0.00000
   337     0.237  0.00000
   338     0.237  0.00000
   339     0.238  0.00000
   340     0.238  0.00000
   341     0.238  0.00000
   342     0.239  0.00000
   343     0.239  0.00000
   344     0.239  0.00000
   345     0.240  0.00000
   346     0.240  0.00000
   347     0.240  0.00000
   348     0.243  0.00000
   349     0.243  0.00000
   350     0.243  0.00000
   351     0.244  0.00000
   352     0.244  0.00000
   353     0.244  0.00000
   354     0.245  0.00000
   355     0.245  0.00000
   356     0.245  0.00000
   357     0.245  0.00000
   358     0.245  0.00000
   359     0.245  0.00000
   360     0.247  0.00000
   361     0.247  0.00000
   362     0.247  0.00000
   363     0.250  0.00000
   364     0.250  0.00000
   365     0.250  0.00000
   366     0.251  0.00000
   367     0.251  0.00000
   368     0.251  0.00000
   369     0.252  0.00000
   370     0.252  0.00000
   371     0.252  0.00000
   372     0.252  0.00000
   373     0.252  0.00000
   374     0.252  0.00000
   375     0.253  0.00000
   376     0.253  0.00000
   377     0.253  0.00000
   378     0.254  0.00000
   379     0.254  0.00000
   380     0.254  0.00000
   381     0.255  0.00000
   382     0.255  0.00000
   383     0.255  0.00000
   384     0.256  0.00000
   385     0.256  0.00000
   386     0.256  0.00000
   387     0.257  0.00000
   388     0.257  0.00000
   389     0.257  0.00000
   390     0.257  0.00000
   391     0.257  0.00000
   392     0.257  0.00000
   393     0.259  0.00000
   394     0.259  0.00000
   395     0.259  0.00000
   396     0.263  0.00000
   397     0.263  0.00000
   398     0.263  0.00000
   399     0.263  0.00000
   400     0.263  0.00000
   401     0.263  0.00000
   402     0.265  0.00000
   403     0.265  0.00000
   404     0.265  0.00000
   405     0.265  0.00000
   406     0.265  0.00000
   407     0.265  0.00000
   408     0.265  0.00000
   409     0.265  0.00000
   410     0.265  0.00000
   411     0.266  0.00000
   412     0.266  0.00000
   413     0.266  0.00000
   414     0.269  0.00000
   415     0.269  0.00000
   416     0.269  0.00000
   417     0.270  0.00000
   418     0.270  0.00000
   419     0.270  0.00000
   420     0.270  0.00000
   421     0.270  0.00000
   422     0.270  0.00000
   423     0.271  0.00000
   424     0.271  0.00000
   425     0.271  0.00000
   426     0.273  0.00000
   427     0.273  0.00000
   428     0.273  0.00000
   429     0.274  0.00000
   430     0.274  0.00000
   431     0.274  0.00000
   432     0.275  0.00000
   433     0.275  0.00000
   434     0.275  0.00000
   435     0.275  0.00000
   436     0.275  0.00000
   437     0.275  0.00000
   438     0.275  0.00000
   439     0.275  0.00000
   440     0.275  0.00000
   441     0.277  0.00000
   442     0.277  0.00000
   443     0.277  0.00000
   444     0.278  0.00000
   445     0.278  0.00000
   446     0.278  0.00000
   447     0.279  0.00000
   448     0.279  0.00000
   449     0.279  0.00000
   450     0.280  0.00000
   451     0.280  0.00000
   452     0.280  0.00000
   453     0.280  0.00000
   454     0.280  0.00000
   455     0.280  0.00000
   456     0.280  0.00000
   457     0.280  0.00000
   458     0.280  0.00000
   459     0.281  0.00000
   460     0.281  0.00000
   461     0.281  0.00000
   462     0.281  0.00000
   463     0.281  0.00000
   464     0.281  0.00000
   465     0.283  0.00000
   466     0.283  0.00000
   467     0.283  0.00000
   468     0.283  0.00000
   469     0.283  0.00000
   470     0.283  0.00000
   471     0.284  0.00000
   472     0.284  0.00000
   473     0.284  0.00000
   474     0.286  0.00000
   475     0.286  0.00000
   476     0.286  0.00000
   477     0.287  0.00000
   478     0.287  0.00000
   479     0.287  0.00000
   480     0.288  0.00000
   481     0.288  0.00000
   482     0.288  0.00000
   483     0.288  0.00000
   484     0.288  0.00000
   485     0.288  0.00000
   486     0.289  0.00000
   487     0.289  0.00000
   488     0.289  0.00000
   489     0.298  0.00000
   490     0.298  0.00000
   491     0.298  0.00000
   492     0.298  0.00000
   493     0.298  0.00000
   494     0.298  0.00000
   495     0.299  0.00000
   496     0.299  0.00000
   497     0.299  0.00000
   498     0.302  0.00000
   499     0.302  0.00000
   500     0.302  0.00000
   501     0.307  0.00000
   502     0.307  0.00000
   503     0.307  0.00000
   504     0.308  0.00000
   505     0.308  0.00000
   506     0.308  0.00000
   507     0.312  0.00000
   508     0.312  0.00000
   509     0.312  0.00000
   510     0.312  0.00000
   511     0.312  0.00000
   512     0.312  0.00000
   513     0.312  0.00000
   514     0.312  0.00000
   515     0.312  0.00000
   516     0.318  0.00000
   517     0.318  0.00000
   518     0.318  0.00000
   519     0.328  0.00000
   520     0.328  0.00000
   521     0.328  0.00000
   522     0.329  0.00000
   523     0.329  0.00000
   524     0.329  0.00000
   525     0.330  0.00000
   526     0.330  0.00000
   527     0.330  0.00000
   528     0.339  0.00000
   529     0.339  0.00000
   530     0.339  0.00000
   531     0.365  0.00000
   532     0.365  0.00000
   533     0.365  0.00000
   534     0.370  0.00000
   535     0.370  0.00000
   536     0.370  0.00000
   537     4.606  0.00000
   538     4.792  0.00000
   539     4.847  0.00000
   540     5.170  0.00000
   541     5.177  0.00000
   542     5.243  0.00000
   543     5.368  0.00000
   544     5.438  0.00000
   545     5.578  0.00000
   546     5.652  0.00000
   547     5.748  0.00000
   548     5.818  0.00000
   549     5.896  0.00000
   550     6.054  0.00000
   551     6.132  0.00000
   552     6.173  0.00000
   553     6.232  0.00000
   554     6.257  0.00000
   555     6.319  0.00000
   556     6.334  0.00000
   557     6.366  0.00000
   558     6.445  0.00000
   559     6.684  0.00000
   560     6.718  0.00000
   561     6.806  0.00000
   562     6.838  0.00000
   563     6.888  0.00000
   564     7.013  0.00000
   565     7.060  0.00000
   566     7.135  0.00000
   567     7.249  0.00000
   568     7.397  0.00000
   569     7.477  0.00000
   570     7.518  0.00000
   571     7.522  0.00000
   572     7.634  0.00000
   573     7.654  0.00000
   574     7.775  0.00000
   575     7.815  0.00000
   576     7.926  0.00000
   577     7.976  0.00000
   578     8.059  0.00000
   579     8.148  0.00000
   580     8.233  0.00000
   581     8.306  0.00000
   582     8.344  0.00000
   583     8.413  0.00000
   584     8.427  0.00000
   585     8.547  0.00000
   586     8.618  0.00000
   587     8.629  0.00000
   588     8.713  0.00000
   589     8.716  0.00000
   590     8.807  0.00000
   591     8.843  0.00000
   592     8.996  0.00000
   593     9.022  0.00000
   594     9.093  0.00000
   595     9.136  0.00000
   596     9.186  0.00000
   597     9.229  0.00000
   598     9.337  0.00000
   599     9.392  0.00000
   600     9.528  0.00000
   601     9.657  0.00000
   602     9.711  0.00000
   603     9.746  0.00000
   604     9.839  0.00000
   605     9.947  0.00000
   606    10.054  0.00000
   607    10.142  0.00000
   608    10.151  0.00000
   609    10.199  0.00000
   610    10.249  0.00000
   611    10.366  0.00000
   612    10.390  0.00000
   613    10.433  0.00000
   614    10.565  0.00000
   615    10.594  0.00000
   616    10.653  0.00000
   617    10.746  0.00000
   618    10.860  0.00000
   619    10.908  0.00000
   620    10.952  0.00000
   621    11.048  0.00000
   622    11.248  0.00000
   623    11.258  0.00000
   624    11.391  0.00000
   625    11.405  0.00000
   626    11.473  0.00000
   627    11.513  0.00000
   628    11.561  0.00000
   629    11.632  0.00000
   630    11.812  0.00000
   631    11.868  0.00000
   632    11.892  0.00000
   633    11.995  0.00000
   634    12.064  0.00000
   635    12.113  0.00000
   636    12.148  0.00000
   637    12.173  0.00000
   638    12.291  0.00000
   639    12.406  0.00000
   640    12.424  0.00000
   641    12.472  0.00000
   642    12.514  0.00000
   643    12.527  0.00000
   644    12.737  0.00000
   645    12.757  0.00000
   646    12.805  0.00000
   647    12.843  0.00000
   648    12.874  0.00000
   649    12.957  0.00000
   650    13.032  0.00000
   651    13.040  0.00000
   652    13.112  0.00000
   653    13.116  0.00000
   654    13.207  0.00000
   655    13.279  0.00000
   656    13.347  0.00000
   657    13.453  0.00000
   658    13.463  0.00000
   659    13.544  0.00000
   660    13.573  0.00000
   661    13.622  0.00000
   662    13.774  0.00000
   663    13.817  0.00000
   664    13.847  0.00000
   665    13.873  0.00000
   666    13.939  0.00000
   667    13.945  0.00000
   668    14.171  0.00000
   669    14.225  0.00000
   670    14.251  0.00000
   671    14.322  0.00000
   672    14.337  0.00000
   673    14.439  0.00000
   674    14.654  0.00000
   675    14.745  0.00000
   676    14.855  0.00000
   677    15.000  0.00000
   678    15.068  0.00000
   679    15.142  0.00000
   680    15.210  0.00000
   681    15.228  0.00000
   682    15.348  0.00000
   683    15.423  0.00000
   684    15.492  0.00000
   685    15.502  0.00000
   686    15.549  0.00000
   687    15.845  0.00000
   688    16.017  0.00000
   689    16.041  0.00000
   690    16.222  0.00000
   691    16.331  0.00000
   692    16.443  0.00000
   693    16.592  0.00000
   694    16.688  0.00000
   695    16.793  0.00000
   696    16.826  0.00000
   697    17.081  0.00000
   698    17.229  0.00000
   699    17.246  0.00000
   700    17.307  0.00000
   701    17.568  0.00000
   702    17.615  0.00000
   703    17.681  0.00000
   704    17.838  0.00000
   705    17.855  0.00000
   706    17.908  0.00000
   707    18.131  0.00000
   708    19.163  0.00000
   709    19.223  0.00000
   710    19.393  0.00000
   711    19.571  0.00000
   712    19.931  0.00000

