 Fermi distribution function

Geometry optimization step: 672


********************************************************************************
 iSCC Total electronic   Diff electronic      SCC error    
    3   -0.71459577E+02   -0.28421709E-13    0.69471205E-07
********************************************************************************

Coordinates of moved atoms (au):
    1     14.57796677      9.30136886    121.82434790
    2     11.43154794     10.30021123    119.42079301
    3     16.64291218      9.49086843    121.82251965
    4     13.82741249     12.58536738     66.45383367
    5     16.63342300      9.50128893    112.19155939
    6     16.61442768      9.52217576     92.92967106
    7     14.53045230      9.35356746     73.66960781
    8     13.86498434     12.54337384    104.97436319
    9     14.53519040      9.34836379     78.48506265
   10     13.85073777     12.55901493     90.52794451
   11     14.14254445      7.32125872     68.85121530
   12     11.43627982     10.29506704    124.23613084
   13     14.19523888      7.26337334    121.82252974
   14     14.55421686      9.32745816     97.74697673
   15     14.52568605      9.35881495     68.85437626
   16     11.40306430     10.33150188     90.52794121
   17     14.14772970      7.31557149     73.66778619
   18     11.37902785     10.35721342     66.45384959
   19     16.60492228      9.53262051     83.29870608
   20     14.15724567      7.30511343     83.29869988
   21     13.48226580     10.50536634    104.97253715
   22     13.49176115     10.49492142    114.60348230
   23     16.59539564      9.54307076     73.66778100
   24     13.44330256     10.54817390     66.44861334
   25     13.46327162     10.52623040     85.71063557
   26     14.54472334      9.33788558     88.11602249
   27     16.60967805      9.52738953     88.11418812
   28     16.61917277      9.51695802     97.74514619
   29     14.54947269      9.33266695     92.93149869
   30     11.39354687     10.34196579     80.89701372
   31     13.87922215     12.52771944    119.42077158
   32     16.62392101      9.51175242    102.56061347
   33     11.42206045     10.31063752    109.78983988
   34     14.19049042      7.26857587    117.00703654
   35     14.18574022      7.27378891    112.19156987
   36     13.77516037     10.18352693    133.12371880
   37     11.38404036     10.35245258     71.26613797
   38     13.83166254     12.57992517     71.26613870
   39     13.84121712     12.56948353     80.89700247
   40     11.39831592     10.33673040     85.71247408
   41     13.70558350     10.25995839     62.37376425
   42     13.83645473     12.57471718     76.08152471
   43     14.16675339      7.29465847     92.92966825
   44     14.56372194      9.31702351    107.37792297
   45     13.48701793     10.50013678    109.78801146
   46     14.17149594      7.28945015     97.74515710
   47     16.63815618      9.49609213    117.00704314
   48     13.86973521     12.53814720    109.78984307
   49     14.57594548      9.30358382    131.44374003
   50     16.62136003      9.52466210    131.53098133
   51     14.16363313      7.28799552    131.53098249
   52     13.49650846     10.48970533    119.41896957
   53     13.46802017     10.52100601     90.52611072
   54     13.84599475     12.56423788     85.71247523
   55     13.85547995     12.55379887     95.34340857
   56     14.57320394      9.30658306    117.00887672
   57     13.45850269     10.53147285     80.89516037
   58     11.42680486     10.30542068    114.60529048
   59     14.15247556      7.31035584     78.48322924
   60     13.50494355     10.48043975    129.05001870
   61     13.88905226     12.51763976    129.04840294
   62     13.87447960     12.53293043    114.60531258
   63     16.60014440      9.53786928     78.48322872
   64     11.41255978     10.32108886    100.15889059
   65     16.55487611      9.59769217     63.95955552
   66     13.45374046     10.53670273     76.07967132
   67     14.50963453      9.37643495     64.05029990
   68     11.40781176     10.32628178     95.34340777
   69     14.09714294      7.36103974     63.95955404
   70     13.47276687     10.51578895     95.34158265
   71     14.16200575      7.29987703     88.11419017
   72     11.44065954     10.28949798    129.04840647
   73     14.58262351      9.29624285    126.63960031
   74     16.64717055      9.48621121    126.63914024
   75     14.19947656      7.25868470    126.63912865
   76     14.53996751      9.34312001     83.30053848
   77     14.17624588      7.28423851    102.56061241
   78     16.62867679      9.50653155    107.37609086
   79     16.59023018      9.54879196     68.85122014
   80     13.44908219     10.54181641     71.26410886
   81     11.41731173     10.31585966    104.97436966
   82     14.18100892      7.27901415    107.37608152
   83     14.56846647      9.31179620    112.19339846
   84     13.50132361     10.48442798    124.23452359
   85     13.88390491     12.52253897    124.23613275
   86     13.47751512     10.51058880    100.15706027
   87     14.55896715      9.32224552    102.56244863
   88     13.86023966     12.54859590    100.15888869
   89     11.38877863     10.34721212     76.08151409

 Total charge:    -0.00000000

 Atomic gross charges (e)
 Atom           Charge
    1      -0.11058757
    2       0.05531408
    3       0.05536146
    4       0.05539260
    5       0.05533174
    6       0.05533131
    7      -0.11058748
    8       0.05532990
    9      -0.11066176
   10       0.05532961
   11       0.05604655
   12       0.05517852
   13       0.05536133
   14      -0.11066281
   15      -0.10979789
   16       0.05532961
   17       0.05536128
   18       0.05539260
   19       0.05533204
   20       0.05533198
   21      -0.11066328
   22      -0.11066394
   23       0.05536131
   24      -0.09707900
   25      -0.11066346
   26      -0.11066314
   27       0.05533139
   28       0.05533121
   29      -0.11066276
   30       0.05532485
   31       0.05531401
   32       0.05533151
   33       0.05532798
   34       0.05533449
   35       0.05533163
   36       0.06672541
   37       0.05517892
   38       0.05517893
   39       0.05532490
   40       0.05532836
   41       0.06672548
   42       0.05531387
   43       0.05533131
   44      -0.11066283
   45      -0.11066246
   46       0.05533120
   47       0.05533432
   48       0.05532796
   49      -0.21889806
   50       0.06847473
   51       0.06847499
   52      -0.11067733
   53      -0.11066272
   54       0.05532832
   55       0.05532998
   56      -0.11066224
   57      -0.11066362
   58       0.05532489
   59       0.05533409
   60      -0.09707877
   61       0.05539218
   62       0.05532492
   63       0.05533402
   64       0.05533024
   65       0.06847496
   66      -0.11067716
   67      -0.21889864
   68       0.05532998
   69       0.06847490
   70      -0.11066273
   71       0.05533141
   72       0.05539231
   73      -0.10979792
   74       0.05604668
   75       0.05604670
   76      -0.11066333
   77       0.05533152
   78       0.05533133
   79       0.05604654
   80      -0.11120121
   81       0.05532989
   82       0.05533135
   83      -0.11066269
   84      -0.11120097
   85       0.05517865
   86      -0.11066322
   87      -0.11066340
   88       0.05533024
   89       0.05531390

Nr. of electrons (up):    176.00000000
Atom populations (up)
 Atom       Population
    1       4.11058757
    2       0.94468592
    3       0.94463854
    4       0.94460740
    5       0.94466826
    6       0.94466869
    7       4.11058748
    8       0.94467010
    9       4.11066176
   10       0.94467039
   11       0.94395345
   12       0.94482148
   13       0.94463867
   14       4.11066281
   15       4.10979789
   16       0.94467039
   17       0.94463872
   18       0.94460740
   19       0.94466796
   20       0.94466802
   21       4.11066328
   22       4.11066394
   23       0.94463869
   24       4.09707900
   25       4.11066346
   26       4.11066314
   27       0.94466861
   28       0.94466879
   29       4.11066276
   30       0.94467515
   31       0.94468599
   32       0.94466849
   33       0.94467202
   34       0.94466551
   35       0.94466837
   36       0.93327459
   37       0.94482108
   38       0.94482107
   39       0.94467510
   40       0.94467164
   41       0.93327452
   42       0.94468613
   43       0.94466869
   44       4.11066283
   45       4.11066246
   46       0.94466880
   47       0.94466568
   48       0.94467204
   49       4.21889806
   50       0.93152527
   51       0.93152501
   52       4.11067733
   53       4.11066272
   54       0.94467168
   55       0.94467002
   56       4.11066224
   57       4.11066362
   58       0.94467511
   59       0.94466591
   60       4.09707877
   61       0.94460782
   62       0.94467508
   63       0.94466598
   64       0.94466976
   65       0.93152504
   66       4.11067716
   67       4.21889864
   68       0.94467002
   69       0.93152510
   70       4.11066273
   71       0.94466859
   72       0.94460769
   73       4.10979792
   74       0.94395332
   75       0.94395330
   76       4.11066333
   77       0.94466848
   78       0.94466867
   79       0.94395346
   80       4.11120121
   81       0.94467011
   82       0.94466865
   83       4.11066269
   84       4.11120097
   85       0.94482135
   86       4.11066322
   87       4.11066340
   88       0.94466976
   89       0.94468610

l-shell populations (up)
 Atom Sh.   l       Population
    1   1   0       1.24343541
    1   2   1       2.86715216
    2   1   0       0.94468592
    2   2   1       0.00000000
    3   1   0       0.94463854
    3   2   1       0.00000000
    4   1   0       0.94460740
    4   2   1       0.00000000
    5   1   0       0.94466826
    5   2   1       0.00000000
    6   1   0       0.94466869
    6   2   1       0.00000000
    7   1   0       1.24343478
    7   2   1       2.86715270
    8   1   0       0.94467010
    8   2   1       0.00000000
    9   1   0       1.24345654
    9   2   1       2.86720522
   10   1   0       0.94467039
   10   2   1       0.00000000
   11   1   0       0.94395345
   11   2   1       0.00000000
   12   1   0       0.94482148
   12   2   1       0.00000000
   13   1   0       0.94463867
   13   2   1       0.00000000
   14   1   0       1.24345737
   14   2   1       2.86720544
   15   1   0       1.24327821
   15   2   1       2.86651968
   16   1   0       0.94467039
   16   2   1       0.00000000
   17   1   0       0.94463872
   17   2   1       0.00000000
   18   1   0       0.94460740
   18   2   1       0.00000000
   19   1   0       0.94466796
   19   2   1       0.00000000
   20   1   0       0.94466802
   20   2   1       0.00000000
   21   1   0       1.24345738
   21   2   1       2.86720590
   22   1   0       1.24345772
   22   2   1       2.86720622
   23   1   0       0.94463869
   23   2   1       0.00000000
   24   1   0       1.23787163
   24   2   1       2.85920737
   25   1   0       1.24345763
   25   2   1       2.86720583
   26   1   0       1.24345741
   26   2   1       2.86720574
   27   1   0       0.94466861
   27   2   1       0.00000000
   28   1   0       0.94466879
   28   2   1       0.00000000
   29   1   0       1.24345716
   29   2   1       2.86720560
   30   1   0       0.94467515
   30   2   1       0.00000000
   31   1   0       0.94468599
   31   2   1       0.00000000
   32   1   0       0.94466849
   32   2   1       0.00000000
   33   1   0       0.94467202
   33   2   1       0.00000000
   34   1   0       0.94466551
   34   2   1       0.00000000
   35   1   0       0.94466837
   35   2   1       0.00000000
   36   1   0       0.93327459
   36   2   1       0.00000000
   37   1   0       0.94482108
   37   2   1       0.00000000
   38   1   0       0.94482107
   38   2   1       0.00000000
   39   1   0       0.94467510
   39   2   1       0.00000000
   40   1   0       0.94467164
   40   2   1       0.00000000
   41   1   0       0.93327452
   41   2   1       0.00000000
   42   1   0       0.94468613
   42   2   1       0.00000000
   43   1   0       0.94466869
   43   2   1       0.00000000
   44   1   0       1.24345716
   44   2   1       2.86720567
   45   1   0       1.24345714
   45   2   1       2.86720532
   46   1   0       0.94466880
   46   2   1       0.00000000
   47   1   0       0.94466568
   47   2   1       0.00000000
   48   1   0       0.94467204
   48   2   1       0.00000000
   49   1   0       1.27380104
   49   2   1       2.94509702
   50   1   0       0.93152527
   50   2   1       0.00000000
   51   1   0       0.93152501
   51   2   1       0.00000000
   52   1   0       1.24346046
   52   2   1       2.86721686
   53   1   0       1.24345741
   53   2   1       2.86720531
   54   1   0       0.94467168
   54   2   1       0.00000000
   55   1   0       0.94467002
   55   2   1       0.00000000
   56   1   0       1.24345677
   56   2   1       2.86720547
   57   1   0       1.24345762
   57   2   1       2.86720599
   58   1   0       0.94467511
   58   2   1       0.00000000
   59   1   0       0.94466591
   59   2   1       0.00000000
   60   1   0       1.23787172
   60   2   1       2.85920706
   61   1   0       0.94460782
   61   2   1       0.00000000
   62   1   0       0.94467508
   62   2   1       0.00000000
   63   1   0       0.94466598
   63   2   1       0.00000000
   64   1   0       0.94466976
   64   2   1       0.00000000
   65   1   0       0.93152504
   65   2   1       0.00000000
   66   1   0       1.24346012
   66   2   1       2.86721704
   67   1   0       1.27380104
   67   2   1       2.94509759
   68   1   0       0.94467002
   68   2   1       0.00000000
   69   1   0       0.93152510
   69   2   1       0.00000000
   70   1   0       1.24345722
   70   2   1       2.86720551
   71   1   0       0.94466859
   71   2   1       0.00000000
   72   1   0       0.94460769
   72   2   1       0.00000000
   73   1   0       1.24327840
   73   2   1       2.86651952
   74   1   0       0.94395332
   74   2   1       0.00000000
   75   1   0       0.94395330
   75   2   1       0.00000000
   76   1   0       1.24345746
   76   2   1       2.86720587
   77   1   0       0.94466848
   77   2   1       0.00000000
   78   1   0       0.94466867
   78   2   1       0.00000000
   79   1   0       0.94395346
   79   2   1       0.00000000
   80   1   0       1.24355050
   80   2   1       2.86765071
   81   1   0       0.94467011
   81   2   1       0.00000000
   82   1   0       0.94466865
   82   2   1       0.00000000
   83   1   0       1.24345704
   83   2   1       2.86720565
   84   1   0       1.24355109
   84   2   1       2.86764988
   85   1   0       0.94482135
   85   2   1       0.00000000
   86   1   0       1.24345756
   86   2   1       2.86720566
   87   1   0       1.24345748
   87   2   1       2.86720592
   88   1   0       0.94466976
   88   2   1       0.00000000
   89   1   0       0.94468610
   89   2   1       0.00000000

Orbital populations (up)
 Atom Sh.   l   m       Population  Label
    1   1   0   0       1.24343541  s
    1   2   1  -1       0.96814859  p_y
    1   2   1   0       0.92923369  p_z
    1   2   1   1       0.96976989  p_x
    2   1   0   0       0.94468592  s
    2   2   1  -1       0.00000000  p_y
    2   2   1   0       0.00000000  p_z
    2   2   1   1       0.00000000  p_x
    3   1   0   0       0.94463854  s
    3   2   1  -1       0.00000000  p_y
    3   2   1   0       0.00000000  p_z
    3   2   1   1       0.00000000  p_x
    4   1   0   0       0.94460740  s
    4   2   1  -1       0.00000000  p_y
    4   2   1   0       0.00000000  p_z
    4   2   1   1       0.00000000  p_x
    5   1   0   0       0.94466826  s
    5   2   1  -1       0.00000000  p_y
    5   2   1   0       0.00000000  p_z
    5   2   1   1       0.00000000  p_x
    6   1   0   0       0.94466869  s
    6   2   1  -1       0.00000000  p_y
    6   2   1   0       0.00000000  p_z
    6   2   1   1       0.00000000  p_x
    7   1   0   0       1.24343478  s
    7   2   1  -1       0.96814880  p_y
    7   2   1   0       0.92923291  p_z
    7   2   1   1       0.96977100  p_x
    8   1   0   0       0.94467010  s
    8   2   1  -1       0.00000000  p_y
    8   2   1   0       0.00000000  p_z
    8   2   1   1       0.00000000  p_x
    9   1   0   0       1.24345654  s
    9   2   1  -1       0.96814512  p_y
    9   2   1   0       0.92929581  p_z
    9   2   1   1       0.96976429  p_x
   10   1   0   0       0.94467039  s
   10   2   1  -1       0.00000000  p_y
   10   2   1   0       0.00000000  p_z
   10   2   1   1       0.00000000  p_x
   11   1   0   0       0.94395345  s
   11   2   1  -1       0.00000000  p_y
   11   2   1   0       0.00000000  p_z
   11   2   1   1       0.00000000  p_x
   12   1   0   0       0.94482148  s
   12   2   1  -1       0.00000000  p_y
   12   2   1   0       0.00000000  p_z
   12   2   1   1       0.00000000  p_x
   13   1   0   0       0.94463867  s
   13   2   1  -1       0.00000000  p_y
   13   2   1   0       0.00000000  p_z
   13   2   1   1       0.00000000  p_x
   14   1   0   0       1.24345737  s
   14   2   1  -1       0.96814366  p_y
   14   2   1   0       0.92929974  p_z
   14   2   1   1       0.96976204  p_x
   15   1   0   0       1.24327821  s
   15   2   1  -1       0.96824477  p_y
   15   2   1   0       0.92833116  p_z
   15   2   1   1       0.96994375  p_x
   16   1   0   0       0.94467039  s
   16   2   1  -1       0.00000000  p_y
   16   2   1   0       0.00000000  p_z
   16   2   1   1       0.00000000  p_x
   17   1   0   0       0.94463872  s
   17   2   1  -1       0.00000000  p_y
   17   2   1   0       0.00000000  p_z
   17   2   1   1       0.00000000  p_x
   18   1   0   0       0.94460740  s
   18   2   1  -1       0.00000000  p_y
   18   2   1   0       0.00000000  p_z
   18   2   1   1       0.00000000  p_x
   19   1   0   0       0.94466796  s
   19   2   1  -1       0.00000000  p_y
   19   2   1   0       0.00000000  p_z
   19   2   1   1       0.00000000  p_x
   20   1   0   0       0.94466802  s
   20   2   1  -1       0.00000000  p_y
   20   2   1   0       0.00000000  p_z
   20   2   1   1       0.00000000  p_x
   21   1   0   0       1.24345738  s
   21   2   1  -1       0.96814292  p_y
   21   2   1   0       0.92930161  p_z
   21   2   1   1       0.96976137  p_x
   22   1   0   0       1.24345772  s
   22   2   1  -1       0.96814089  p_y
   22   2   1   0       0.92930616  p_z
   22   2   1   1       0.96975917  p_x
   23   1   0   0       0.94463869  s
   23   2   1  -1       0.00000000  p_y
   23   2   1   0       0.00000000  p_z
   23   2   1   1       0.00000000  p_x
   24   1   0   0       1.23787163  s
   24   2   1  -1       0.96604934  p_y
   24   2   1   0       0.92534311  p_z
   24   2   1   1       0.96781493  p_x
   25   1   0   0       1.24345763  s
   25   2   1  -1       0.96814288  p_y
   25   2   1   0       0.92930219  p_z
   25   2   1   1       0.96976076  p_x
   26   1   0   0       1.24345741  s
   26   2   1  -1       0.96814349  p_y
   26   2   1   0       0.92929995  p_z
   26   2   1   1       0.96976230  p_x
   27   1   0   0       0.94466861  s
   27   2   1  -1       0.00000000  p_y
   27   2   1   0       0.00000000  p_z
   27   2   1   1       0.00000000  p_x
   28   1   0   0       0.94466879  s
   28   2   1  -1       0.00000000  p_y
   28   2   1   0       0.00000000  p_z
   28   2   1   1       0.00000000  p_x
   29   1   0   0       1.24345716  s
   29   2   1  -1       0.96814350  p_y
   29   2   1   0       0.92930017  p_z
   29   2   1   1       0.96976193  p_x
   30   1   0   0       0.94467515  s
   30   2   1  -1       0.00000000  p_y
   30   2   1   0       0.00000000  p_z
   30   2   1   1       0.00000000  p_x
   31   1   0   0       0.94468599  s
   31   2   1  -1       0.00000000  p_y
   31   2   1   0       0.00000000  p_z
   31   2   1   1       0.00000000  p_x
   32   1   0   0       0.94466849  s
   32   2   1  -1       0.00000000  p_y
   32   2   1   0       0.00000000  p_z
   32   2   1   1       0.00000000  p_x
   33   1   0   0       0.94467202  s
   33   2   1  -1       0.00000000  p_y
   33   2   1   0       0.00000000  p_z
   33   2   1   1       0.00000000  p_x
   34   1   0   0       0.94466551  s
   34   2   1  -1       0.00000000  p_y
   34   2   1   0       0.00000000  p_z
   34   2   1   1       0.00000000  p_x
   35   1   0   0       0.94466837  s
   35   2   1  -1       0.00000000  p_y
   35   2   1   0       0.00000000  p_z
   35   2   1   1       0.00000000  p_x
   36   1   0   0       0.93327459  s
   36   2   1  -1       0.00000000  p_y
   36   2   1   0       0.00000000  p_z
   36   2   1   1       0.00000000  p_x
   37   1   0   0       0.94482108  s
   37   2   1  -1       0.00000000  p_y
   37   2   1   0       0.00000000  p_z
   37   2   1   1       0.00000000  p_x
   38   1   0   0       0.94482107  s
   38   2   1  -1       0.00000000  p_y
   38   2   1   0       0.00000000  p_z
   38   2   1   1       0.00000000  p_x
   39   1   0   0       0.94467510  s
   39   2   1  -1       0.00000000  p_y
   39   2   1   0       0.00000000  p_z
   39   2   1   1       0.00000000  p_x
   40   1   0   0       0.94467164  s
   40   2   1  -1       0.00000000  p_y
   40   2   1   0       0.00000000  p_z
   40   2   1   1       0.00000000  p_x
   41   1   0   0       0.93327452  s
   41   2   1  -1       0.00000000  p_y
   41   2   1   0       0.00000000  p_z
   41   2   1   1       0.00000000  p_x
   42   1   0   0       0.94468613  s
   42   2   1  -1       0.00000000  p_y
   42   2   1   0       0.00000000  p_z
   42   2   1   1       0.00000000  p_x
   43   1   0   0       0.94466869  s
   43   2   1  -1       0.00000000  p_y
   43   2   1   0       0.00000000  p_z
   43   2   1   1       0.00000000  p_x
   44   1   0   0       1.24345716  s
   44   2   1  -1       0.96814367  p_y
   44   2   1   0       0.92929992  p_z
   44   2   1   1       0.96976208  p_x
   45   1   0   0       1.24345714  s
   45   2   1  -1       0.96814244  p_y
   45   2   1   0       0.92930256  p_z
   45   2   1   1       0.96976031  p_x
   46   1   0   0       0.94466880  s
   46   2   1  -1       0.00000000  p_y
   46   2   1   0       0.00000000  p_z
   46   2   1   1       0.00000000  p_x
   47   1   0   0       0.94466568  s
   47   2   1  -1       0.00000000  p_y
   47   2   1   0       0.00000000  p_z
   47   2   1   1       0.00000000  p_x
   48   1   0   0       0.94467204  s
   48   2   1  -1       0.00000000  p_y
   48   2   1   0       0.00000000  p_z
   48   2   1   1       0.00000000  p_x
   49   1   0   0       1.27380104  s
   49   2   1  -1       0.98734739  p_y
   49   2   1   0       0.96942893  p_z
   49   2   1   1       0.98832070  p_x
   50   1   0   0       0.93152527  s
   50   2   1  -1       0.00000000  p_y
   50   2   1   0       0.00000000  p_z
   50   2   1   1       0.00000000  p_x
   51   1   0   0       0.93152501  s
   51   2   1  -1       0.00000000  p_y
   51   2   1   0       0.00000000  p_z
   51   2   1   1       0.00000000  p_x
   52   1   0   0       1.24346046  s
   52   2   1  -1       0.96813704  p_y
   52   2   1   0       0.92932592  p_z
   52   2   1   1       0.96975390  p_x
   53   1   0   0       1.24345741  s
   53   2   1  -1       0.96814286  p_y
   53   2   1   0       0.92930132  p_z
   53   2   1   1       0.96976113  p_x
   54   1   0   0       0.94467168  s
   54   2   1  -1       0.00000000  p_y
   54   2   1   0       0.00000000  p_z
   54   2   1   1       0.00000000  p_x
   55   1   0   0       0.94467002  s
   55   2   1  -1       0.00000000  p_y
   55   2   1   0       0.00000000  p_z
   55   2   1   1       0.00000000  p_x
   56   1   0   0       1.24345677  s
   56   2   1  -1       0.96814468  p_y
   56   2   1   0       0.92929614  p_z
   56   2   1   1       0.96976464  p_x
   57   1   0   0       1.24345762  s
   57   2   1  -1       0.96814058  p_y
   57   2   1   0       0.92930635  p_z
   57   2   1   1       0.96975907  p_x
   58   1   0   0       0.94467511  s
   58   2   1  -1       0.00000000  p_y
   58   2   1   0       0.00000000  p_z
   58   2   1   1       0.00000000  p_x
   59   1   0   0       0.94466591  s
   59   2   1  -1       0.00000000  p_y
   59   2   1   0       0.00000000  p_z
   59   2   1   1       0.00000000  p_x
   60   1   0   0       1.23787172  s
   60   2   1  -1       0.96603551  p_y
   60   2   1   0       0.92536917  p_z
   60   2   1   1       0.96780238  p_x
   61   1   0   0       0.94460782  s
   61   2   1  -1       0.00000000  p_y
   61   2   1   0       0.00000000  p_z
   61   2   1   1       0.00000000  p_x
   62   1   0   0       0.94467508  s
   62   2   1  -1       0.00000000  p_y
   62   2   1   0       0.00000000  p_z
   62   2   1   1       0.00000000  p_x
   63   1   0   0       0.94466598  s
   63   2   1  -1       0.00000000  p_y
   63   2   1   0       0.00000000  p_z
   63   2   1   1       0.00000000  p_x
   64   1   0   0       0.94466976  s
   64   2   1  -1       0.00000000  p_y
   64   2   1   0       0.00000000  p_z
   64   2   1   1       0.00000000  p_x
   65   1   0   0       0.93152504  s
   65   2   1  -1       0.00000000  p_y
   65   2   1   0       0.00000000  p_z
   65   2   1   1       0.00000000  p_x
   66   1   0   0       1.24346012  s
   66   2   1  -1       0.96813627  p_y
   66   2   1   0       0.92932748  p_z
   66   2   1   1       0.96975330  p_x
   67   1   0   0       1.27380104  s
   67   2   1  -1       0.98738686  p_y
   67   2   1   0       0.96935778  p_z
   67   2   1   1       0.98835295  p_x
   68   1   0   0       0.94467002  s
   68   2   1  -1       0.00000000  p_y
   68   2   1   0       0.00000000  p_z
   68   2   1   1       0.00000000  p_x
   69   1   0   0       0.93152510  s
   69   2   1  -1       0.00000000  p_y
   69   2   1   0       0.00000000  p_z
   69   2   1   1       0.00000000  p_x
   70   1   0   0       1.24345722  s
   70   2   1  -1       0.96814318  p_y
   70   2   1   0       0.92930076  p_z
   70   2   1   1       0.96976157  p_x
   71   1   0   0       0.94466859  s
   71   2   1  -1       0.00000000  p_y
   71   2   1   0       0.00000000  p_z
   71   2   1   1       0.00000000  p_x
   72   1   0   0       0.94460769  s
   72   2   1  -1       0.00000000  p_y
   72   2   1   0       0.00000000  p_z
   72   2   1   1       0.00000000  p_x
   73   1   0   0       1.24327840  s
   73   2   1  -1       0.96824477  p_y
   73   2   1   0       0.92833021  p_z
   73   2   1   1       0.96994454  p_x
   74   1   0   0       0.94395332  s
   74   2   1  -1       0.00000000  p_y
   74   2   1   0       0.00000000  p_z
   74   2   1   1       0.00000000  p_x
   75   1   0   0       0.94395330  s
   75   2   1  -1       0.00000000  p_y
   75   2   1   0       0.00000000  p_z
   75   2   1   1       0.00000000  p_x
   76   1   0   0       1.24345746  s
   76   2   1  -1       0.96814415  p_y
   76   2   1   0       0.92929953  p_z
   76   2   1   1       0.96976219  p_x
   77   1   0   0       0.94466848  s
   77   2   1  -1       0.00000000  p_y
   77   2   1   0       0.00000000  p_z
   77   2   1   1       0.00000000  p_x
   78   1   0   0       0.94466867  s
   78   2   1  -1       0.00000000  p_y
   78   2   1   0       0.00000000  p_z
   78   2   1   1       0.00000000  p_x
   79   1   0   0       0.94395346  s
   79   2   1  -1       0.00000000  p_y
   79   2   1   0       0.00000000  p_z
   79   2   1   1       0.00000000  p_x
   80   1   0   0       1.24355050  s
   80   2   1  -1       0.96813677  p_y
   80   2   1   0       0.92977736  p_z
   80   2   1   1       0.96973658  p_x
   81   1   0   0       0.94467011  s
   81   2   1  -1       0.00000000  p_y
   81   2   1   0       0.00000000  p_z
   81   2   1   1       0.00000000  p_x
   82   1   0   0       0.94466865  s
   82   2   1  -1       0.00000000  p_y
   82   2   1   0       0.00000000  p_z
   82   2   1   1       0.00000000  p_x
   83   1   0   0       1.24345704  s
   83   2   1  -1       0.96814390  p_y
   83   2   1   0       0.92929978  p_z
   83   2   1   1       0.96976197  p_x
   84   1   0   0       1.24355109  s
   84   2   1  -1       0.96813732  p_y
   84   2   1   0       0.92977447  p_z
   84   2   1   1       0.96973809  p_x
   85   1   0   0       0.94482135  s
   85   2   1  -1       0.00000000  p_y
   85   2   1   0       0.00000000  p_z
   85   2   1   1       0.00000000  p_x
   86   1   0   0       1.24345756  s
   86   2   1  -1       0.96814280  p_y
   86   2   1   0       0.92930142  p_z
   86   2   1   1       0.96976144  p_x
   87   1   0   0       1.24345748  s
   87   2   1  -1       0.96814362  p_y
   87   2   1   0       0.92929996  p_z
   87   2   1   1       0.96976234  p_x
   88   1   0   0       0.94466976  s
   88   2   1  -1       0.00000000  p_y
   88   2   1   0       0.00000000  p_z
   88   2   1   1       0.00000000  p_x
   89   1   0   0       0.94468610  s
   89   2   1  -1       0.00000000  p_y
   89   2   1   0       0.00000000  p_z
   89   2   1   1       0.00000000  p_x

Fermi level:                        -0.1249288518 H           -3.3995 eV
Band energy:                       -68.7752641769 H        -1871.4702 eV
TS:                                  0.0000000000 H            0.0000 eV
Band free energy (E-TS):           -68.7752641769 H        -1871.4702 eV
Extrapolated E(0K):                -68.7752641769 H        -1871.4702 eV
Input / Output electrons (q):    176.0000000000    176.0000000000

Energy H0:                         -71.4761046936 H        -1944.9638 eV
Energy SCC:                          0.0184090327 H            0.5009 eV
Energy 3rd:                         -0.0018818094 H           -0.0512 eV
Total Electronic energy:           -71.4595774703 H        -1944.5140 eV
Repulsive energy:                   -0.9291386419 H          -25.2831 eV
Total energy:                      -72.3887161121 H        -1969.7972 eV
Extrapolated to 0:                 -72.3887161121 H        -1969.7972 eV
Total Mermin free energy:          -72.3887161121 H        -1969.7972 eV
Force related energy:              -72.3887161121 H        -1969.7972 eV

SCC converged

Full geometry written in geom.out.{xyz|gen}

Total Forces
    1      0.000000292126     -0.000000585156      0.000000391787
    2     -0.000000044780     -0.000000053965     -0.000000194134
    3     -0.000000506957      0.000000051547      0.000000192115
    4     -0.000000009763      0.000000296039      0.000000204555
    5     -0.000000237034      0.000000252519      0.000000327959
    6     -0.000000119716     -0.000000188999     -0.000000129926
    7      0.000000335097     -0.000000277215     -0.000000119749
    8      0.000000003884      0.000000316569      0.000000231990
    9      0.000000095545     -0.000000086786     -0.000000280153
   10      0.000000021591     -0.000000027459     -0.000000068695
   11     -0.000000080174     -0.000000049974      0.000000032434
   12      0.000000255285      0.000000231111     -0.000000224548
   13      0.000000283623      0.000000103589     -0.000000018015
   14     -0.000000028281     -0.000000028640      0.000000019138
   15     -0.000000063590     -0.000000004170      0.000000409312
   16      0.000000146642     -0.000000049524      0.000000111665
   17      0.000000133927     -0.000000030504     -0.000000241322
   18     -0.000000444536      0.000000075749     -0.000000179753
   19      0.000000046996      0.000000164426     -0.000000114706
   20     -0.000000022709     -0.000000248579      0.000000059560
   21      0.000000604547     -0.000000675633     -0.000000247562
   22      0.000000318704     -0.000000344666      0.000000519293
   23      0.000000139349     -0.000000097072     -0.000000106575
   24      0.000000620107     -0.000000788575     -0.000000342213
   25      0.000000223302     -0.000000162398     -0.000000058139
   26      0.000000069954      0.000000051763     -0.000000496725
   27      0.000000098911      0.000000044046      0.000000313454
   28     -0.000000162384      0.000000123859     -0.000000051619
   29      0.000000112897     -0.000000130286      0.000000086576
   30     -0.000000200473      0.000000165526     -0.000000149426
   31     -0.000000015301     -0.000000030503      0.000000336581
   32      0.000000258570     -0.000000171641      0.000000130422
   33      0.000000373014     -0.000000174209     -0.000000153761
   34     -0.000000202282     -0.000000225626      0.000000268343
   35     -0.000000019744      0.000000179001     -0.000000230793
   36     -0.000000235327     -0.000000240927      0.000000095811
   37     -0.000000016541     -0.000000030278      0.000000003787
   38      0.000000001268      0.000000153321      0.000000222628
   39      0.000000000767     -0.000000049238      0.000000239111
   40     -0.000000135929      0.000000032670     -0.000000128033
   41     -0.000000036366      0.000000219840     -0.000000106152
   42      0.000000113693     -0.000000198135     -0.000000451427
   43      0.000000193339      0.000000101980      0.000000034519
   44      0.000000010022     -0.000000024979     -0.000000405134
   45     -0.000000556229      0.000000679704     -0.000000121571
   46     -0.000000056318      0.000000056493     -0.000000200316
   47      0.000000494206     -0.000000188467     -0.000000108463
   48      0.000000048671     -0.000000308984     -0.000000005609
   49      0.000000177998     -0.000000023624     -0.000000089354
   50     -0.000000045581     -0.000000228033     -0.000000226732
   51      0.000000040700      0.000000271888      0.000000080910
   52      0.000000068700     -0.000000115261      0.000000233729
   53      0.000000162907     -0.000000111282     -0.000000412004
   54     -0.000000118622      0.000000247841      0.000000075298
   55      0.000000080538     -0.000000093206      0.000000107780
   56     -0.000000356372      0.000000572284      0.000000130695
   57      0.000000085144     -0.000000278671      0.000000063308
   58     -0.000000220205      0.000000026073      0.000000503551
   59     -0.000000068471     -0.000000019101      0.000000189722
   60      0.000000129988      0.000000168356     -0.000000224337
   61     -0.000000107355      0.000000395424      0.000000024964
   62      0.000000068054      0.000000251889     -0.000000378749
   63      0.000000050292     -0.000000075736      0.000000074260
   64     -0.000000081346      0.000000008710      0.000000037055
   65      0.000000245322      0.000000065117     -0.000000162405
   66     -0.000000440403      0.000000558674      0.000000046122
   67     -0.000000323659      0.000000325960      0.000000056243
   68     -0.000000008180     -0.000000049688      0.000000279589
   69     -0.000000101761     -0.000000292563      0.000000144743
   70     -0.000000280052      0.000000260940      0.000000073525
   71     -0.000000118717      0.000000091356      0.000000058120
   72      0.000000044720     -0.000000211411     -0.000000061393
   73      0.000000295542     -0.000000168018     -0.000000417991
   74      0.000000081318     -0.000000021419     -0.000000187181
   75     -0.000000094802      0.000000162114      0.000000039904
   76     -0.000000468691      0.000000367122      0.000000368588
   77      0.000000088441     -0.000000181575      0.000000125783
   78     -0.000000074860      0.000000077920     -0.000000072790
   79     -0.000000032535      0.000000112952     -0.000000002195
   80     -0.000000066824      0.000000169051      0.000000014198
   81     -0.000000323224      0.000000051121     -0.000000027638
   82     -0.000000098035      0.000000049788      0.000000173662
   83      0.000000306745     -0.000000384643      0.000000298810
   84     -0.000000616649      0.000000519566     -0.000000037055
   85     -0.000000015948     -0.000000464250     -0.000000025847
   86      0.000000361918     -0.000000430491      0.000000000153
   87     -0.000000619379      0.000000722526     -0.000000324283
   88      0.000000008036      0.000000052033     -0.000000004119
   89      0.000000283708     -0.000000206897      0.000000156842

Maximal derivative component:        0.788575E-06 au
Max force for moved atoms::          0.788575E-06 au

Dipole moment:   -0.00077623    0.00085364    0.00000296 au
Dipole moment:   -0.00197299    0.00216974    0.00000752 Debye

Geometry converged

