 KPT            1  SPIN            1  KWEIGHT    1.0000000000000000     
     1   -19.192  2.00000
     2   -19.192  2.00000
     3   -19.131  2.00000
     4   -19.131  2.00000
     5   -19.039  2.00000
     6   -19.039  2.00000
     7   -18.914  2.00000
     8   -18.914  2.00000
     9   -18.760  2.00000
    10   -18.760  2.00000
    11   -18.576  2.00000
    12   -18.576  2.00000
    13   -18.365  2.00000
    14   -18.365  2.00000
    15   -18.128  2.00000
    16   -18.128  2.00000
    17   -17.866  2.00000
    18   -17.866  2.00000
    19   -17.581  2.00000
    20   -17.581  2.00000
    21   -17.276  2.00000
    22   -17.276  2.00000
    23   -16.961  2.00000
    24   -16.961  2.00000
    25   -16.650  2.00000
    26   -16.650  2.00000
    27   -16.395  2.00000
    28   -16.395  2.00000
    29   -15.408  2.00000
    30   -15.408  2.00000
    31   -15.064  2.00000
    32   -15.064  2.00000
    33   -14.666  2.00000
    34   -14.666  2.00000
    35   -14.245  2.00000
    36   -14.245  2.00000
    37   -13.815  2.00000
    38   -13.815  2.00000
    39   -13.384  2.00000
    40   -13.384  2.00000
    41   -12.958  2.00000
    42   -12.958  2.00000
    43   -12.545  2.00000
    44   -12.545  2.00000
    45   -12.154  2.00000
    46   -12.153  2.00000
    47   -11.793  2.00000
    48   -11.793  2.00000
    49   -11.475  2.00000
    50   -11.475  2.00000
    51   -11.214  2.00000
    52   -11.214  2.00000
    53   -11.029  2.00000
    54   -11.029  2.00000
    55   -10.714  2.00000
    56   -10.714  2.00000
    57   -10.712  2.00000
    58   -10.712  2.00000
    59    -9.787  2.00000
    60    -9.787  2.00000
    61    -9.787  2.00000
    62    -9.787  2.00000
    63    -9.714  2.00000
    64    -9.714  2.00000
    65    -9.714  2.00000
    66    -9.714  2.00000
    67    -9.600  2.00000
    68    -9.600  2.00000
    69    -9.600  2.00000
    70    -9.600  2.00000
    71    -9.443  2.00000
    72    -9.443  2.00000
    73    -9.443  2.00000
    74    -9.443  2.00000
    75    -9.246  2.00000
    76    -9.246  2.00000
    77    -9.246  2.00000
    78    -9.246  2.00000
    79    -9.007  2.00000
    80    -9.007  2.00000
    81    -9.007  2.00000
    82    -9.007  2.00000
    83    -8.727  2.00000
    84    -8.727  2.00000
    85    -8.727  2.00000
    86    -8.727  2.00000
    87    -8.404  2.00000
    88    -8.404  2.00000
    89    -8.404  2.00000
    90    -8.404  2.00000
    91    -8.038  2.00000
    92    -8.038  2.00000
    93    -8.038  2.00000
    94    -8.038  2.00000
    95    -7.631  2.00000
    96    -7.631  2.00000
    97    -7.631  2.00000
    98    -7.631  2.00000
    99    -7.183  2.00000
   100    -7.183  2.00000
   101    -7.183  2.00000
   102    -7.183  2.00000
   103    -6.705  2.00000
   104    -6.705  2.00000
   105    -6.705  2.00000
   106    -6.705  2.00000
   107    -6.218  2.00000
   108    -6.218  2.00000
   109    -6.218  2.00000
   110    -6.218  2.00000
   111    -5.791  2.00000
   112    -5.791  2.00000
   113    -5.791  2.00000
   114    -5.791  2.00000
   115    -3.787  0.00000
   116    -3.787  0.00000
   117    -3.787  0.00000
   118    -3.787  0.00000
   119    -3.214  0.00000
   120    -3.214  0.00000
   121    -3.214  0.00000
   122    -3.214  0.00000
   123    -2.497  0.00000
   124    -2.497  0.00000
   125    -2.497  0.00000
   126    -2.497  0.00000
   127    -1.698  0.00000
   128    -1.698  0.00000
   129    -1.698  0.00000
   130    -1.698  0.00000
   131    -0.846  0.00000
   132    -0.846  0.00000
   133    -0.846  0.00000
   134    -0.846  0.00000
   135    -0.454  0.00000
   136    -0.454  0.00000
   137    -0.454  0.00000
   138    -0.454  0.00000
   139    -0.454  0.00000
   140    -0.454  0.00000
   141    -0.454  0.00000
   142    -0.454  0.00000
   143    -0.454  0.00000
   144    -0.454  0.00000
   145    -0.454  0.00000
   146    -0.454  0.00000
   147     0.038  0.00000
   148     0.038  0.00000
   149     0.038  0.00000
   150     0.038  0.00000
   151     0.935  0.00000
   152     0.935  0.00000
   153     0.935  0.00000
   154     0.935  0.00000
   155     1.822  0.00000
   156     1.822  0.00000
   157     1.822  0.00000
   158     1.822  0.00000
   159     2.674  0.00000
   160     2.674  0.00000
   161     2.674  0.00000
   162     2.674  0.00000
   163     3.462  0.00000
   164     3.462  0.00000
   165     3.463  0.00000
   166     3.463  0.00000
   167     4.158  0.00000
   168     4.158  0.00000
   169     4.159  0.00000
   170     4.159  0.00000
   171     4.733  0.00000
   172     4.734  0.00000
   173     4.734  0.00000
   174     4.734  0.00000
   175     5.161  0.00000
   176     5.162  0.00000
   177     5.162  0.00000
   178     5.163  0.00000
   179     5.420  0.00000
   180     5.420  0.00000
   181     5.422  0.00000
   182     5.422  0.00000
   183     9.430  0.00000
   184     9.430  0.00000
   185     9.431  0.00000
   186     9.431  0.00000
   187    10.911  0.00000
   188    10.911  0.00000
   189    11.350  0.00000
   190    11.350  0.00000
   191    12.054  0.00000
   192    12.054  0.00000
   193    12.971  0.00000
   194    12.972  0.00000
   195    14.071  0.00000
   196    14.072  0.00000
   197    15.326  0.00000
   198    15.327  0.00000
   199    16.712  0.00000
   200    16.713  0.00000
   201    18.199  0.00000
   202    18.201  0.00000
   203    19.754  0.00000
   204    19.755  0.00000
   205    21.330  0.00000
   206    21.331  0.00000
   207    22.867  0.00000
   208    22.868  0.00000
   209    24.273  0.00000
   210    24.274  0.00000
   211    25.412  0.00000
   212    25.414  0.00000
   213    42.700  0.00000
   214    42.701  0.00000
   215    44.108  0.00000
   216    44.109  0.00000
   217    45.886  0.00000
   218    45.887  0.00000
   219    47.910  0.00000
   220    47.911  0.00000
   221    50.098  0.00000
   222    50.099  0.00000
   223    52.383  0.00000
   224    52.385  0.00000
   225    54.702  0.00000
   226    54.704  0.00000
   227    56.989  0.00000
   228    56.991  0.00000
   229    59.170  0.00000
   230    59.172  0.00000
   231    61.171  0.00000
   232    61.173  0.00000
   233    62.915  0.00000
   234    62.917  0.00000
   235    64.324  0.00000
   236    64.326  0.00000
   237    65.323  0.00000
   238    65.325  0.00000
   239    65.786  0.00000
   240    65.788  0.00000

