 Fermi distribution function

Geometry optimization step: 597


********************************************************************************
 iSCC Total electronic   Diff electronic      SCC error    
    4   -0.99898371E+02    0.14210855E-13    0.37382208E-07
********************************************************************************

Coordinates of moved atoms (au):
    1      0.00069753     16.52827882     -0.00000010
    2      2.30434144     16.41340466     -0.00000018
    3      4.90403423     16.28734393     -0.00000024
    4      7.23450134     16.17816766     -0.00000024
    5      9.81263089     16.06442329     -0.00000022
    6     12.15368973     15.96718400     -0.00000015
    7     14.72431534     15.87017425     -0.00000009
    8     17.07035325     15.78959263     -0.00000001
    9     19.63797059     15.71310991      0.00000005
   10     21.98669964     15.65270948      0.00000009
   11     24.55311176     15.59981510      0.00000010
   12     26.90333331     15.56239788      0.00000009
   13     29.46930947     15.53532772      0.00000006
   14     31.82021195     15.52259141      0.00000002
   15     34.38608380     15.52251296     -0.00000002
   16     36.73698637     15.53506447     -0.00000006
   17     39.30296124     15.56202824     -0.00000009
   18     41.65318158     15.59939777     -0.00000010
   19     44.21958947     15.65229578     -0.00000008
   20     46.56831454     15.71277244     -0.00000005
   21     49.13592333     15.78938916      0.00000001
   22     51.48195256     15.87016536      0.00000009
   23     54.05256690     15.96736903      0.00000015
   24     56.39361566     16.06481896      0.00000023
   25     58.97174055     16.17862880      0.00000024
   26     61.30220605     16.28782662      0.00000024
   27     63.90190415     16.41376602      0.00000018
   28     66.20555631     16.52847574      0.00000009
   29      0.00069353      0.10065192      0.00000000
   30      2.30436578      0.21470962     -0.00000001
   31      4.90407724      0.33991224     -0.00000002
   32      7.23456658      0.44835429     -0.00000004
   33      9.81270353      0.56140821     -0.00000006
   34     12.15377029      0.65817265     -0.00000007
   35     14.72438932      0.75472906     -0.00000009
   36     17.07042478      0.83501597     -0.00000011
   37     19.63802859      0.91115556     -0.00000012
   38     21.98675285      0.97124027     -0.00000012
   39     24.55314688      1.02382699     -0.00000011
   40     26.90336090      1.06098281     -0.00000008
   41     29.46931712      1.08783351     -0.00000006
   42     31.82020984      1.10040151     -0.00000001
   43     34.38606144      1.10040454      0.00000002
   44     36.73695346      1.08783811      0.00000005
   45     39.30290927      1.06101285      0.00000008
   46     41.65312317      1.02390133      0.00000011
   47     44.21951777      0.97136322      0.00000012
   48     46.56824409      0.91133389      0.00000012
   49     49.13584921      0.83523107      0.00000011
   50     51.48188649      0.75496795      0.00000009
   51     54.05250605      0.65841176      0.00000007
   52     56.39357216      0.56162688      0.00000005
   53     58.97170774      0.44853420      0.00000004
   54     61.30219407      0.34003510      0.00000001
   55     63.90190250      0.21478225      0.00000001
   56     66.20557230      0.10067489     -0.00000000
   57     -2.00894677     16.62958870      0.00000000
   58     68.21521144     16.62958870      0.00000000
   59     68.21521144     -0.00000000      0.00000000
   60     -2.00894677      0.00000000      0.00000000

 Total charge:    -0.00000000

 Atomic gross charges (e)
 Atom           Charge
    1      -0.23869013
    2       0.05718481
    3      -0.00275651
    4      -0.00045349
    5       0.00043326
    6      -0.00168543
    7       0.00038633
    8      -0.00150195
    9       0.00015752
   10      -0.00118631
   11      -0.00008509
   12      -0.00088083
   13      -0.00033528
   14      -0.00059837
   15      -0.00059846
   16      -0.00033512
   17      -0.00088089
   18      -0.00008488
   19      -0.00118633
   20       0.00015764
   21      -0.00150190
   22       0.00038640
   23      -0.00168534
   24       0.00043319
   25      -0.00045350
   26      -0.00275654
   27       0.05718479
   28      -0.23869012
   29      -0.23869020
   30       0.05718522
   31      -0.00275628
   32      -0.00045325
   33       0.00043318
   34      -0.00168534
   35       0.00038638
   36      -0.00150190
   37       0.00015755
   38      -0.00118618
   39      -0.00008497
   40      -0.00088090
   41      -0.00033519
   42      -0.00059850
   43      -0.00059843
   44      -0.00033519
   45      -0.00088081
   46      -0.00008497
   47      -0.00118615
   48       0.00015746
   49      -0.00150185
   50       0.00038627
   51      -0.00168524
   52       0.00043309
   53      -0.00045321
   54      -0.00275632
   55       0.05718525
   56      -0.23869034
   57       0.19001126
   58       0.19001127
   59       0.19001040
   60       0.19001041


 Atomic net (on-site) populations and hybridisation ratios
 Atom       Population         Hybrid.
    1       3.07622476      0.23094381
    2       2.68705890      0.32823527
    3       2.78618852      0.30345287
    4       2.76402003      0.30899499
    5       2.77644862      0.30588784
    6       2.77137168      0.30715708
    7       2.77484815      0.30628796
    8       2.77348921      0.30662770
    9       2.77445492      0.30638627
   10       2.77422451      0.30644387
   11       2.77438974      0.30640257
   12       2.77445586      0.30638604
   13       2.77443041      0.30639240
   14       2.77447984      0.30638004
   15       2.77447973      0.30638007
   16       2.77442934      0.30639266
   17       2.77445487      0.30638628
   18       2.77438789      0.30640303
   19       2.77422303      0.30644424
   20       2.77445315      0.30638671
   21       2.77348750      0.30662812
   22       2.77484663      0.30628834
   23       2.77137020      0.30715745
   24       2.77644798      0.30588801
   25       2.76401940      0.30899515
   26       2.78618829      0.30345293
   27       2.68705880      0.32823530
   28       3.07622495      0.23094376
   29       3.07621561      0.23094610
   30       2.68704885      0.32823779
   31       2.78617987      0.30345503
   32       2.76401055      0.30899736
   33       2.77644009      0.30588998
   34       2.77136245      0.30715939
   35       2.77483893      0.30629027
   36       2.77347985      0.30663004
   37       2.77444563      0.30638859
   38       2.77421477      0.30644631
   39       2.77438045      0.30640489
   40       2.77444733      0.30638817
   41       2.77442190      0.30639453
   42       2.77447216      0.30638196
   43       2.77447184      0.30638204
   44       2.77442150      0.30639462
   45       2.77444684      0.30638829
   46       2.77438004      0.30640499
   47       2.77421488      0.30644628
   48       2.77444597      0.30638851
   49       2.77348016      0.30662996
   50       2.77483955      0.30629011
   51       2.77136250      0.30715938
   52       2.77644035      0.30588991
   53       2.76401049      0.30899738
   54       2.78617961      0.30345510
   55       2.68704869      0.32823783
   56       3.07621579      0.23094605
   57       0.44587423      0.55412577
   58       0.44587433      0.55412567
   59       0.44587070      0.55412930
   60       0.44587070      0.55412930

Nr. of electrons (up):    228.00000000
Atom populations (up)
 Atom       Population
    1       4.23869013
    2       3.94281519
    3       4.00275651
    4       4.00045349
    5       3.99956674
    6       4.00168543
    7       3.99961367
    8       4.00150195
    9       3.99984248
   10       4.00118631
   11       4.00008509
   12       4.00088083
   13       4.00033528
   14       4.00059837
   15       4.00059846
   16       4.00033512
   17       4.00088089
   18       4.00008488
   19       4.00118633
   20       3.99984236
   21       4.00150190
   22       3.99961360
   23       4.00168534
   24       3.99956681
   25       4.00045350
   26       4.00275654
   27       3.94281521
   28       4.23869012
   29       4.23869020
   30       3.94281478
   31       4.00275628
   32       4.00045325
   33       3.99956682
   34       4.00168534
   35       3.99961362
   36       4.00150190
   37       3.99984245
   38       4.00118618
   39       4.00008497
   40       4.00088090
   41       4.00033519
   42       4.00059850
   43       4.00059843
   44       4.00033519
   45       4.00088081
   46       4.00008497
   47       4.00118615
   48       3.99984254
   49       4.00150185
   50       3.99961373
   51       4.00168524
   52       3.99956691
   53       4.00045321
   54       4.00275632
   55       3.94281475
   56       4.23869034
   57       0.80998874
   58       0.80998873
   59       0.80998960
   60       0.80998959

l-shell populations (up)
 Atom Sh.   l       Population
    1   1   0       1.27500434
    1   2   1       2.96368579
    2   1   0       1.15687278
    2   2   1       2.78594241
    3   1   0       1.16640812
    3   2   1       2.83634839
    4   1   0       1.16049067
    4   2   1       2.83996282
    5   1   0       1.16189368
    5   2   1       2.83767307
    6   1   0       1.16037394
    6   2   1       2.84131149
    7   1   0       1.16120114
    7   2   1       2.83841252
    8   1   0       1.16054269
    8   2   1       2.84095926
    9   1   0       1.16097587
    9   2   1       2.83886661
   10   1   0       1.16064302
   10   2   1       2.84054329
   11   1   0       1.16086679
   11   2   1       2.83921830
   12   1   0       1.16070481
   12   2   1       2.84017601
   13   1   0       1.16080096
   13   2   1       2.83953432
   14   1   0       1.16075205
   14   2   1       2.83984632
   15   1   0       1.16075193
   15   2   1       2.83984653
   16   1   0       1.16080059
   16   2   1       2.83953453
   17   1   0       1.16070430
   17   2   1       2.84017659
   18   1   0       1.16086607
   18   2   1       2.83921881
   19   1   0       1.16064231
   19   2   1       2.84054402
   20   1   0       1.16097512
   20   2   1       2.83886724
   21   1   0       1.16054194
   21   2   1       2.84095996
   22   1   0       1.16120045
   22   2   1       2.83841315
   23   1   0       1.16037333
   23   2   1       2.84131201
   24   1   0       1.16189332
   24   2   1       2.83767349
   25   1   0       1.16049040
   25   2   1       2.83996310
   26   1   0       1.16640799
   26   2   1       2.83634855
   27   1   0       1.15687272
   27   2   1       2.78594249
   28   1   0       1.27500442
   28   2   1       2.96368570
   29   1   0       1.27499950
   29   2   1       2.96369070
   30   1   0       1.15686861
   30   2   1       2.78594617
   31   1   0       1.16640397
   31   2   1       2.83635232
   32   1   0       1.16048660
   32   2   1       2.83996664
   33   1   0       1.16188964
   33   2   1       2.83767718
   34   1   0       1.16036983
   34   2   1       2.84131551
   35   1   0       1.16119691
   35   2   1       2.83841671
   36   1   0       1.16053848
   36   2   1       2.84096343
   37   1   0       1.16097161
   37   2   1       2.83887085
   38   1   0       1.16063865
   38   2   1       2.84054753
   39   1   0       1.16086258
   39   2   1       2.83922239
   40   1   0       1.16070086
   40   2   1       2.84018004
   41   1   0       1.16079713
   41   2   1       2.83953806
   42   1   0       1.16074844
   42   2   1       2.83985006
   43   1   0       1.16074835
   43   2   1       2.83985008
   44   1   0       1.16079696
   44   2   1       2.83953823
   45   1   0       1.16070068
   45   2   1       2.84018014
   46   1   0       1.16086242
   46   2   1       2.83922255
   47   1   0       1.16063869
   47   2   1       2.84054746
   48   1   0       1.16097171
   48   2   1       2.83887082
   49   1   0       1.16053863
   49   2   1       2.84096321
   50   1   0       1.16119710
   50   2   1       2.83841663
   51   1   0       1.16036991
   51   2   1       2.84131533
   52   1   0       1.16188970
   52   2   1       2.83767722
   53   1   0       1.16048660
   53   2   1       2.83996660
   54   1   0       1.16640384
   54   2   1       2.83635248
   55   1   0       1.15686855
   55   2   1       2.78594620
   56   1   0       1.27499951
   56   2   1       2.96369084
   57   1   0       0.80998874
   57   2   1       0.00000000
   58   1   0       0.80998873
   58   2   1       0.00000000
   59   1   0       0.80998960
   59   2   1       0.00000000
   60   1   0       0.80998959
   60   2   1       0.00000000

Orbital populations (up)
 Atom Sh.   l   m       Population  Label
    1   1   0   0       1.27500434  s
    1   2   1  -1       1.02481765  p_y
    1   2   1   0       1.02510879  p_z
    1   2   1   1       0.91375935  p_x
    2   1   0   0       1.15687278  s
    2   2   1  -1       0.97496931  p_y
    2   2   1   0       0.97530468  p_z
    2   2   1   1       0.83566842  p_x
    3   1   0   0       1.16640812  s
    3   2   1  -1       0.99701016  p_y
    3   2   1   0       0.99737938  p_z
    3   2   1   1       0.84195885  p_x
    4   1   0   0       1.16049067  s
    4   2   1  -1       0.99983271  p_y
    4   2   1   0       1.00015688  p_z
    4   2   1   1       0.83997323  p_x
    5   1   0   0       1.16189368  s
    5   2   1  -1       0.99889102  p_y
    5   2   1   0       0.99920095  p_z
    5   2   1   1       0.83958109  p_x
    6   1   0   0       1.16037394  s
    6   2   1  -1       1.00077666  p_y
    6   2   1   0       1.00102094  p_z
    6   2   1   1       0.83951389  p_x
    7   1   0   0       1.16120114  s
    7   2   1  -1       0.99938129  p_y
    7   2   1   0       0.99960546  p_z
    7   2   1   1       0.83942578  p_x
    8   1   0   0       1.16054269  s
    8   2   1  -1       1.00070439  p_y
    8   2   1   0       1.00086048  p_z
    8   2   1   1       0.83939439  p_x
    9   1   0   0       1.16097587  s
    9   2   1  -1       0.99968085  p_y
    9   2   1   0       0.99981782  p_z
    9   2   1   1       0.83936794  p_x
   10   1   0   0       1.16064302  s
   10   2   1  -1       1.00057435  p_y
   10   2   1   0       1.00065227  p_z
   10   2   1   1       0.83931668  p_x
   11   1   0   0       1.16086679  s
   11   2   1  -1       0.99992341  p_y
   11   2   1   0       0.99998599  p_z
   11   2   1   1       0.83930890  p_x
   12   1   0   0       1.16070481  s
   12   2   1  -1       1.00044361  p_y
   12   2   1   0       1.00046601  p_z
   12   2   1   1       0.83926640  p_x
   13   1   0   0       1.16080096  s
   13   2   1  -1       1.00012781  p_y
   13   2   1   0       1.00014182  p_z
   13   2   1   1       0.83926470  p_x
   14   1   0   0       1.16075205  s
   14   2   1  -1       1.00029897  p_y
   14   2   1   0       1.00029863  p_z
   14   2   1   1       0.83924872  p_x
   15   1   0   0       1.16075193  s
   15   2   1  -1       1.00029903  p_y
   15   2   1   0       1.00029871  p_z
   15   2   1   1       0.83924879  p_x
   16   1   0   0       1.16080059  s
   16   2   1  -1       1.00012797  p_y
   16   2   1   0       1.00014171  p_z
   16   2   1   1       0.83926485  p_x
   17   1   0   0       1.16070430  s
   17   2   1  -1       1.00044375  p_y
   17   2   1   0       1.00046604  p_z
   17   2   1   1       0.83926680  p_x
   18   1   0   0       1.16086607  s
   18   2   1  -1       0.99992337  p_y
   18   2   1   0       0.99998590  p_z
   18   2   1   1       0.83930954  p_x
   19   1   0   0       1.16064231  s
   19   2   1  -1       1.00057428  p_y
   19   2   1   0       1.00065227  p_z
   19   2   1   1       0.83931747  p_x
   20   1   0   0       1.16097512  s
   20   2   1  -1       0.99968032  p_y
   20   2   1   0       0.99981777  p_z
   20   2   1   1       0.83936915  p_x
   21   1   0   0       1.16054194  s
   21   2   1  -1       1.00070366  p_y
   21   2   1   0       1.00086044  p_z
   21   2   1   1       0.83939586  p_x
   22   1   0   0       1.16120045  s
   22   2   1  -1       0.99938021  p_y
   22   2   1   0       0.99960544  p_z
   22   2   1   1       0.83942749  p_x
   23   1   0   0       1.16037333  s
   23   2   1  -1       1.00077526  p_y
   23   2   1   0       1.00102089  p_z
   23   2   1   1       0.83951586  p_x
   24   1   0   0       1.16189332  s
   24   2   1  -1       0.99889015  p_y
   24   2   1   0       0.99920099  p_z
   24   2   1   1       0.83958235  p_x
   25   1   0   0       1.16049040  s
   25   2   1  -1       0.99983229  p_y
   25   2   1   0       1.00015687  p_z
   25   2   1   1       0.83997394  p_x
   26   1   0   0       1.16640799  s
   26   2   1  -1       0.99701049  p_y
   26   2   1   0       0.99737940  p_z
   26   2   1   1       0.84195866  p_x
   27   1   0   0       1.15687272  s
   27   2   1  -1       0.97497005  p_y
   27   2   1   0       0.97530469  p_z
   27   2   1   1       0.83566774  p_x
   28   1   0   0       1.27500442  s
   28   2   1  -1       1.02481881  p_y
   28   2   1   0       1.02510878  p_z
   28   2   1   1       0.91375811  p_x
   29   1   0   0       1.27499950  s
   29   2   1  -1       1.02482201  p_y
   29   2   1   0       1.02510919  p_z
   29   2   1   1       0.91375950  p_x
   30   1   0   0       1.15686861  s
   30   2   1  -1       0.97497395  p_y
   30   2   1   0       0.97530445  p_z
   30   2   1   1       0.83566777  p_x
   31   1   0   0       1.16640397  s
   31   2   1  -1       0.99701526  p_y
   31   2   1   0       0.99737937  p_z
   31   2   1   1       0.84195768  p_x
   32   1   0   0       1.16048660  s
   32   2   1  -1       0.99983681  p_y
   32   2   1   0       1.00015674  p_z
   32   2   1   1       0.83997308  p_x
   33   1   0   0       1.16188964  s
   33   2   1  -1       0.99889442  p_y
   33   2   1   0       0.99920100  p_z
   33   2   1   1       0.83958177  p_x
   34   1   0   0       1.16036983  s
   34   2   1  -1       1.00077875  p_y
   34   2   1   0       1.00102087  p_z
   34   2   1   1       0.83951588  p_x
   35   1   0   0       1.16119691  s
   35   2   1  -1       0.99938302  p_y
   35   2   1   0       0.99960546  p_z
   35   2   1   1       0.83942822  p_x
   36   1   0   0       1.16053848  s
   36   2   1  -1       1.00070544  p_y
   36   2   1   0       1.00086043  p_z
   36   2   1   1       0.83939755  p_x
   37   1   0   0       1.16097161  s
   37   2   1  -1       0.99968217  p_y
   37   2   1   0       0.99981780  p_z
   37   2   1   1       0.83937088  p_x
   38   1   0   0       1.16063865  s
   38   2   1  -1       1.00057522  p_y
   38   2   1   0       1.00065223  p_z
   38   2   1   1       0.83932008  p_x
   39   1   0   0       1.16086258  s
   39   2   1  -1       0.99992415  p_y
   39   2   1   0       0.99998593  p_z
   39   2   1   1       0.83931231  p_x
   40   1   0   0       1.16070086  s
   40   2   1  -1       1.00044399  p_y
   40   2   1   0       1.00046604  p_z
   40   2   1   1       0.83927001  p_x
   41   1   0   0       1.16079713  s
   41   2   1  -1       1.00012805  p_y
   41   2   1   0       1.00014176  p_z
   41   2   1   1       0.83926825  p_x
   42   1   0   0       1.16074844  s
   42   2   1  -1       1.00029902  p_y
   42   2   1   0       1.00029870  p_z
   42   2   1   1       0.83925234  p_x
   43   1   0   0       1.16074835  s
   43   2   1  -1       1.00029900  p_y
   43   2   1   0       1.00029867  p_z
   43   2   1   1       0.83925242  p_x
   44   1   0   0       1.16079696  s
   44   2   1  -1       1.00012807  p_y
   44   2   1   0       1.00014177  p_z
   44   2   1   1       0.83926839  p_x
   45   1   0   0       1.16070068  s
   45   2   1  -1       1.00044401  p_y
   45   2   1   0       1.00046601  p_z
   45   2   1   1       0.83927012  p_x
   46   1   0   0       1.16086242  s
   46   2   1  -1       0.99992431  p_y
   46   2   1   0       0.99998594  p_z
   46   2   1   1       0.83931230  p_x
   47   1   0   0       1.16063869  s
   47   2   1  -1       1.00057536  p_y
   47   2   1   0       1.00065221  p_z
   47   2   1   1       0.83931988  p_x
   48   1   0   0       1.16097171  s
   48   2   1  -1       0.99968241  p_y
   48   2   1   0       0.99981783  p_z
   48   2   1   1       0.83937058  p_x
   49   1   0   0       1.16053863  s
   49   2   1  -1       1.00070556  p_y
   49   2   1   0       1.00086040  p_z
   49   2   1   1       0.83939726  p_x
   50   1   0   0       1.16119710  s
   50   2   1  -1       0.99938313  p_y
   50   2   1   0       0.99960551  p_z
   50   2   1   1       0.83942800  p_x
   51   1   0   0       1.16036991  s
   51   2   1  -1       1.00077867  p_y
   51   2   1   0       1.00102083  p_z
   51   2   1   1       0.83951583  p_x
   52   1   0   0       1.16188970  s
   52   2   1  -1       0.99889427  p_y
   52   2   1   0       0.99920104  p_z
   52   2   1   1       0.83958190  p_x
   53   1   0   0       1.16048660  s
   53   2   1  -1       0.99983646  p_y
   53   2   1   0       1.00015671  p_z
   53   2   1   1       0.83997343  p_x
   54   1   0   0       1.16640384  s
   54   2   1  -1       0.99701492  p_y
   54   2   1   0       0.99737941  p_z
   54   2   1   1       0.84195814  p_x
   55   1   0   0       1.15686855  s
   55   2   1  -1       0.97497360  p_y
   55   2   1   0       0.97530443  p_z
   55   2   1   1       0.83566817  p_x
   56   1   0   0       1.27499951  s
   56   2   1  -1       1.02482189  p_y
   56   2   1   0       1.02510925  p_z
   56   2   1   1       0.91375969  p_x
   57   1   0   0       0.80998874  s
   57   2   1  -1       0.00000000  p_y
   57   2   1   0       0.00000000  p_z
   57   2   1   1       0.00000000  p_x
   58   1   0   0       0.80998873  s
   58   2   1  -1       0.00000000  p_y
   58   2   1   0       0.00000000  p_z
   58   2   1   1       0.00000000  p_x
   59   1   0   0       0.80998960  s
   59   2   1  -1       0.00000000  p_y
   59   2   1   0       0.00000000  p_z
   59   2   1   1       0.00000000  p_x
   60   1   0   0       0.80998959  s
   60   2   1  -1       0.00000000  p_y
   60   2   1   0       0.00000000  p_z
   60   2   1   1       0.00000000  p_x

Fermi level:                        -0.1759912594 H           -4.7890 eV
Band energy:                       -99.2225521139 H        -2699.9830 eV
TS:                                  0.0000000000 H            0.0000 eV
Band free energy (E-TS):           -99.2225521139 H        -2699.9830 eV
Extrapolated E(0K):                -99.2225521139 H        -2699.9830 eV
Input / Output electrons (q):    228.0000000000    228.0000000000

Energy H0:                         -99.9068222466 H        -2718.6030 eV
Energy SCC:                          0.0084109220 H            0.2289 eV
Energy 3rd:                          0.0000400273 H            0.0011 eV
Total Electronic energy:           -99.8983712973 H        -2718.3730 eV
Repulsive energy:                    4.2637259461 H          116.0219 eV
Dispersion energy:                  -0.0135308176 H           -0.3682 eV
Total energy:                      -95.6481761688 H        -2602.7193 eV
Extrapolated to 0:                 -95.6481761688 H        -2602.7193 eV
Total Mermin free energy:          -95.6481761688 H        -2602.7193 eV
Force related energy:              -95.6481761688 H        -2602.7193 eV

SCC converged

Full geometry written in geo_end.{xyz|gen}

Total Forces
    1      0.000000652220     -0.000000455016      0.000000000110
    2      0.000000217806     -0.000000115777      0.000000000113
    3      0.000000037990      0.000000002943      0.000000000134
    4     -0.000000009260      0.000000214066      0.000000000251
    5     -0.000000091686      0.000000679073     -0.000000000071
    6      0.000000386090      0.000000199238     -0.000000000013
    7     -0.000000002113      0.000000010214      0.000000000114
    8      0.000000311981     -0.000000452455     -0.000000000148
    9      0.000000107505     -0.000000684837     -0.000000000078
   10      0.000000321210      0.000000022036     -0.000000000087
   11      0.000000024508      0.000000152417      0.000000000010
   12     -0.000000846323     -0.000000064473     -0.000000000158
   13     -0.000000175387      0.000000015490      0.000000000140
   14     -0.000000985843      0.000000013221     -0.000000000083
   15      0.000000000397     -0.000000165791     -0.000000000017
   16     -0.000000350054      0.000000320184      0.000000000018
   17      0.000000104034      0.000000213620      0.000000000084
   18     -0.000000311860     -0.000000080489      0.000000000087
   19     -0.000000214402      0.000000235877     -0.000000000055
   20     -0.000000420342     -0.000000459215      0.000000000156
   21      0.000000008157     -0.000000392072      0.000000000118
   22      0.000000046843      0.000000552341     -0.000000000158
   23      0.000000337443      0.000000073198      0.000000000201
   24      0.000000729954     -0.000000003318     -0.000000000142
   25      0.000000290003      0.000000201240     -0.000000000175
   26      0.000000419241     -0.000000285427     -0.000000000136
   27      0.000000106149     -0.000000448401     -0.000000000115
   28     -0.000000343691     -0.000000599629     -0.000000000073
   29     -0.000000285412     -0.000000170146     -0.000000000101
   30      0.000000073302      0.000000008647      0.000000000040
   31     -0.000000239015      0.000000033250      0.000000000011
   32     -0.000000095525      0.000000048267     -0.000000000093
   33     -0.000000054793      0.000000063204      0.000000000055
   34     -0.000000139118      0.000000142684      0.000000000007
   35     -0.000000442472      0.000000169926     -0.000000000027
   36      0.000000663043      0.000000206541     -0.000000000024
   37     -0.000000655240      0.000000129116      0.000000000021
   38      0.000000728094      0.000000106112      0.000000000057
   39      0.000000781882      0.000000078837      0.000000000039
   40     -0.000000214745      0.000000079284     -0.000000000022
   41      0.000000351761      0.000000076446      0.000000000125
   42     -0.000000291794      0.000000045825     -0.000000000126
   43     -0.000000411418      0.000000090716     -0.000000000084
   44     -0.000000108783      0.000000203731      0.000000000223
   45     -0.000000158962      0.000000213801     -0.000000000115
   46     -0.000000181541      0.000000118452     -0.000000000071
   47      0.000000072178      0.000000075930     -0.000000000009
   48      0.000000337532      0.000000086330     -0.000000000002
   49      0.000000039928      0.000000124337     -0.000000000030
   50     -0.000000132206      0.000000156072      0.000000000015
   51     -0.000000043808      0.000000099848      0.000000000012
   52      0.000000042155     -0.000000021454      0.000000000043
   53     -0.000000463232      0.000000018436     -0.000000000133
   54      0.000000253776      0.000000092484      0.000000000247
   55      0.000000270092      0.000000064838     -0.000000000164
   56      0.000000305895     -0.000000016518      0.000000000062
   57      0.001099922479     -0.000076634452     -0.000000000362
   58     -0.001100272984     -0.000075881385      0.000000000331
   59     -0.001087612614      0.000075689885     -0.000000000020
   60      0.001087610972      0.000075802696      0.000000000068

Maximal derivative component:        0.110027E-02 au
Max force for moved atoms::          0.110027E-02 au

Dipole moment:   -0.00000002    0.00019081    0.00000000 au
Dipole moment:   -0.00000005    0.00048499    0.00000000 Debye

Geometry converged

