 Fermi distribution function

Calculation with static geometry


********************************************************************************
 iSCC Total electronic   Diff electronic      SCC error    
   15   -0.99918234E+02   -0.21316282E-12    0.54673851E-07
********************************************************************************

 Total charge:    -0.00000000

 Atomic gross charges (e)
 Atom           Charge
    1       0.18923684
    2      -0.23863633
    3       0.05811662
    4      -0.00242807
    5      -0.00060225
    6       0.00066863
    7      -0.00195270
    8       0.00049218
    9      -0.00167128
   10       0.00019893
   11      -0.00134242
   12      -0.00006552
   13      -0.00097043
   14      -0.00035983
   15      -0.00068622
   16      -0.00068931
   17      -0.00034833
   18      -0.00096983
   19      -0.00007484
   20      -0.00133423
   21       0.00019999
   22      -0.00168576
   23       0.00050445
   24      -0.00195099
   25       0.00065905
   26      -0.00060865
   27      -0.00241489
   28       0.05812565
   29      -0.23864872
   30       0.18923824
   31       0.18923684
   32      -0.23863633
   33       0.05811662
   34      -0.00242807
   35      -0.00060225
   36       0.00066863
   37      -0.00195270
   38       0.00049218
   39      -0.00167128
   40       0.00019893
   41      -0.00134242
   42      -0.00006552
   43      -0.00097043
   44      -0.00035983
   45      -0.00068622
   46      -0.00068931
   47      -0.00034833
   48      -0.00096983
   49      -0.00007484
   50      -0.00133423
   51       0.00019999
   52      -0.00168576
   53       0.00050445
   54      -0.00195099
   55       0.00065905
   56      -0.00060865
   57      -0.00241489
   58       0.05812565
   59      -0.23864872
   60       0.18923824


 Atomic net (on-site) populations and hybridisation ratios
 Atom       Population         Hybrid.
    1       0.44859085      0.55140915
    2       3.07381073      0.23154732
    3       2.68624668      0.32843833
    4       2.78584423      0.30353894
    5       2.76409937      0.30897516
    6       2.77577913      0.30605522
    7       2.77120294      0.30719926
    8       2.77432487      0.30641878
    9       2.77317532      0.30670617
   10       2.77417678      0.30645581
   11       2.77420059      0.30644985
   12       2.77418519      0.30645370
   13       2.77438242      0.30640440
   14       2.77443319      0.30639170
   15       2.77467543      0.30633114
   16       2.77467473      0.30633132
   17       2.77436275      0.30640931
   18       2.77436908      0.30640773
   19       2.77420973      0.30644757
   20       2.77416268      0.30645933
   21       2.77416931      0.30645767
   22       2.77323354      0.30669162
   23       2.77428507      0.30642873
   24       2.77121096      0.30719726
   25       2.77583790      0.30604052
   26       2.76412416      0.30896896
   27       2.78578173      0.30355457
   28       2.68618183      0.32845454
   29       3.07386185      0.23153454
   30       0.44858242      0.55141758
   31       0.44859085      0.55140915
   32       3.07381073      0.23154732
   33       2.68624668      0.32843833
   34       2.78584423      0.30353894
   35       2.76409937      0.30897516
   36       2.77577913      0.30605522
   37       2.77120294      0.30719926
   38       2.77432487      0.30641878
   39       2.77317532      0.30670617
   40       2.77417678      0.30645581
   41       2.77420059      0.30644985
   42       2.77418519      0.30645370
   43       2.77438242      0.30640440
   44       2.77443319      0.30639170
   45       2.77467543      0.30633114
   46       2.77467473      0.30633132
   47       2.77436275      0.30640931
   48       2.77436908      0.30640773
   49       2.77420973      0.30644757
   50       2.77416268      0.30645933
   51       2.77416931      0.30645767
   52       2.77323354      0.30669162
   53       2.77428507      0.30642873
   54       2.77121096      0.30719726
   55       2.77583790      0.30604052
   56       2.76412416      0.30896896
   57       2.78578173      0.30355457
   58       2.68618183      0.32845454
   59       3.07386185      0.23153454
   60       0.44858242      0.55141758

Nr. of electrons (up):    228.00000000
Atom populations (up)
 Atom       Population
    1       0.81076316
    2       4.23863633
    3       3.94188338
    4       4.00242807
    5       4.00060225
    6       3.99933137
    7       4.00195270
    8       3.99950782
    9       4.00167128
   10       3.99980107
   11       4.00134242
   12       4.00006552
   13       4.00097043
   14       4.00035983
   15       4.00068622
   16       4.00068931
   17       4.00034833
   18       4.00096983
   19       4.00007484
   20       4.00133423
   21       3.99980001
   22       4.00168576
   23       3.99949555
   24       4.00195099
   25       3.99934095
   26       4.00060865
   27       4.00241489
   28       3.94187435
   29       4.23864872
   30       0.81076176
   31       0.81076316
   32       4.23863633
   33       3.94188338
   34       4.00242807
   35       4.00060225
   36       3.99933137
   37       4.00195270
   38       3.99950782
   39       4.00167128
   40       3.99980107
   41       4.00134242
   42       4.00006552
   43       4.00097043
   44       4.00035983
   45       4.00068622
   46       4.00068931
   47       4.00034833
   48       4.00096983
   49       4.00007484
   50       4.00133423
   51       3.99980001
   52       4.00168576
   53       3.99949555
   54       4.00195099
   55       3.99934095
   56       4.00060865
   57       4.00241489
   58       3.94187435
   59       4.23864872
   60       0.81076176

l-shell populations (up)
 Atom Sh.   l       Population
    1   1   0       0.81076316
    1   2   1       0.00000000
    2   1   0       1.27481215
    2   2   1       2.96382418
    3   1   0       1.15690055
    3   2   1       2.78498283
    4   1   0       1.16695948
    4   2   1       2.83546859
    5   1   0       1.16072931
    5   2   1       2.83987294
    6   1   0       1.16215672
    6   2   1       2.83717465
    7   1   0       1.16049661
    7   2   1       2.84145609
    8   1   0       1.16138910
    8   2   1       2.83811872
    9   1   0       1.16065278
    9   2   1       2.84101849
   10   1   0       1.16120281
   10   2   1       2.83859825
   11   1   0       1.16087243
   11   2   1       2.84046999
   12   1   0       1.16110600
   12   2   1       2.83895952
   13   1   0       1.16094265
   13   2   1       2.84002778
   14   1   0       1.16110069
   14   2   1       2.83925914
   15   1   0       1.16110468
   15   2   1       2.83958154
   16   1   0       1.16110005
   16   2   1       2.83958925
   17   1   0       1.16107666
   17   2   1       2.83927167
   18   1   0       1.16093408
   18   2   1       2.84003575
   19   1   0       1.16110916
   19   2   1       2.83896569
   20   1   0       1.16085984
   20   2   1       2.84047440
   21   1   0       1.16120044
   21   2   1       2.83859956
   22   1   0       1.16066626
   22   2   1       2.84101950
   23   1   0       1.16137690
   23   2   1       2.83811865
   24   1   0       1.16049602
   24   2   1       2.84145497
   25   1   0       1.16217245
   25   2   1       2.83716850
   26   1   0       1.16073389
   26   2   1       2.83987476
   27   1   0       1.16693038
   27   2   1       2.83548450
   28   1   0       1.15687215
   28   2   1       2.78500219
   29   1   0       1.27481737
   29   2   1       2.96383134
   30   1   0       0.81076176
   30   2   1       0.00000000
   31   1   0       0.81076316
   31   2   1       0.00000000
   32   1   0       1.27481215
   32   2   1       2.96382418
   33   1   0       1.15690055
   33   2   1       2.78498283
   34   1   0       1.16695948
   34   2   1       2.83546859
   35   1   0       1.16072931
   35   2   1       2.83987294
   36   1   0       1.16215672
   36   2   1       2.83717465
   37   1   0       1.16049661
   37   2   1       2.84145609
   38   1   0       1.16138910
   38   2   1       2.83811872
   39   1   0       1.16065278
   39   2   1       2.84101849
   40   1   0       1.16120281
   40   2   1       2.83859825
   41   1   0       1.16087243
   41   2   1       2.84046999
   42   1   0       1.16110600
   42   2   1       2.83895952
   43   1   0       1.16094265
   43   2   1       2.84002778
   44   1   0       1.16110069
   44   2   1       2.83925914
   45   1   0       1.16110468
   45   2   1       2.83958154
   46   1   0       1.16110005
   46   2   1       2.83958925
   47   1   0       1.16107666
   47   2   1       2.83927167
   48   1   0       1.16093408
   48   2   1       2.84003575
   49   1   0       1.16110916
   49   2   1       2.83896569
   50   1   0       1.16085984
   50   2   1       2.84047440
   51   1   0       1.16120044
   51   2   1       2.83859956
   52   1   0       1.16066626
   52   2   1       2.84101950
   53   1   0       1.16137690
   53   2   1       2.83811865
   54   1   0       1.16049602
   54   2   1       2.84145497
   55   1   0       1.16217245
   55   2   1       2.83716850
   56   1   0       1.16073389
   56   2   1       2.83987476
   57   1   0       1.16693038
   57   2   1       2.83548450
   58   1   0       1.15687215
   58   2   1       2.78500219
   59   1   0       1.27481737
   59   2   1       2.96383134
   60   1   0       0.81076176
   60   2   1       0.00000000

Orbital populations (up)
 Atom Sh.   l   m       Population  Label
    1   1   0   0       0.81076316  s
    1   2   1  -1       0.00000000  p_y
    1   2   1   0       0.00000000  p_z
    1   2   1   1       0.00000000  p_x
    2   1   0   0       1.27481215  s
    2   2   1  -1       1.02525103  p_y
    2   2   1   0       1.02379694  p_z
    2   2   1   1       0.91477621  p_x
    3   1   0   0       1.15690055  s
    3   2   1  -1       0.97511093  p_y
    3   2   1   0       0.97366226  p_z
    3   2   1   1       0.83620964  p_x
    4   1   0   0       1.16695948  s
    4   2   1  -1       0.99714132  p_y
    4   2   1   0       0.99563056  p_z
    4   2   1   1       0.84269671  p_x
    5   1   0   0       1.16072931  s
    5   2   1  -1       1.00029379  p_y
    5   2   1   0       0.99929574  p_z
    5   2   1   1       0.84028341  p_x
    6   1   0   0       1.16215672  s
    6   2   1  -1       0.99902869  p_y
    6   2   1   0       0.99821143  p_z
    6   2   1   1       0.83993453  p_x
    7   1   0   0       1.16049661  s
    7   2   1  -1       1.00118574  p_y
    7   2   1   0       1.00074908  p_z
    7   2   1   1       0.83952128  p_x
    8   1   0   0       1.16138910  s
    8   2   1  -1       0.99949906  p_y
    8   2   1   0       0.99923159  p_z
    8   2   1   1       0.83938807  p_x
    9   1   0   0       1.16065278  s
    9   2   1  -1       1.00098881  p_y
    9   2   1   0       1.00082163  p_z
    9   2   1   1       0.83920805  p_x
   10   1   0   0       1.16120281  s
   10   2   1  -1       0.99975158  p_y
   10   2   1   0       0.99971811  p_z
   10   2   1   1       0.83912856  p_x
   11   1   0   0       1.16087243  s
   11   2   1  -1       1.00076221  p_y
   11   2   1   0       1.00068228  p_z
   11   2   1   1       0.83902551  p_x
   12   1   0   0       1.16110600  s
   12   2   1  -1       0.99995348  p_y
   12   2   1   0       0.99997304  p_z
   12   2   1   1       0.83903299  p_x
   13   1   0   0       1.16094265  s
   13   2   1  -1       1.00053965  p_y
   13   2   1   0       1.00049794  p_z
   13   2   1   1       0.83899019  p_x
   14   1   0   0       1.16110069  s
   14   2   1  -1       1.00014805  p_y
   14   2   1   0       1.00015803  p_z
   14   2   1   1       0.83895306  p_x
   15   1   0   0       1.16110468  s
   15   2   1  -1       1.00034622  p_y
   15   2   1   0       1.00033310  p_z
   15   2   1   1       0.83890222  p_x
   16   1   0   0       1.16110005  s
   16   2   1  -1       1.00034746  p_y
   16   2   1   0       1.00033312  p_z
   16   2   1   1       0.83890868  p_x
   17   1   0   0       1.16107666  s
   17   2   1  -1       1.00014491  p_y
   17   2   1   0       1.00015567  p_z
   17   2   1   1       0.83897109  p_x
   18   1   0   0       1.16093408  s
   18   2   1  -1       1.00053954  p_y
   18   2   1   0       1.00049600  p_z
   18   2   1   1       0.83900021  p_x
   19   1   0   0       1.16110916  s
   19   2   1  -1       0.99995509  p_y
   19   2   1   0       0.99997391  p_z
   19   2   1   1       0.83903669  p_x
   20   1   0   0       1.16085984  s
   20   2   1  -1       1.00075969  p_y
   20   2   1   0       1.00067973  p_z
   20   2   1   1       0.83903497  p_x
   21   1   0   0       1.16120044  s
   21   2   1  -1       0.99975159  p_y
   21   2   1   0       0.99971698  p_z
   21   2   1   1       0.83913099  p_x
   22   1   0   0       1.16066626  s
   22   2   1  -1       1.00099096  p_y
   22   2   1   0       1.00082223  p_z
   22   2   1   1       0.83920631  p_x
   23   1   0   0       1.16137690  s
   23   2   1  -1       0.99949774  p_y
   23   2   1   0       0.99922355  p_z
   23   2   1   1       0.83939735  p_x
   24   1   0   0       1.16049602  s
   24   2   1  -1       1.00118487  p_y
   24   2   1   0       1.00075133  p_z
   24   2   1   1       0.83951878  p_x
   25   1   0   0       1.16217245  s
   25   2   1  -1       0.99903154  p_y
   25   2   1   0       0.99821954  p_z
   25   2   1   1       0.83991742  p_x
   26   1   0   0       1.16073389  s
   26   2   1  -1       1.00029460  p_y
   26   2   1   0       0.99930671  p_z
   26   2   1   1       0.84027345  p_x
   27   1   0   0       1.16693038  s
   27   2   1  -1       0.99713941  p_y
   27   2   1   0       0.99564262  p_z
   27   2   1   1       0.84270246  p_x
   28   1   0   0       1.15687215  s
   28   2   1  -1       0.97510879  p_y
   28   2   1   0       0.97368112  p_z
   28   2   1   1       0.83621228  p_x
   29   1   0   0       1.27481737  s
   29   2   1  -1       1.02525314  p_y
   29   2   1   0       1.02381208  p_z
   29   2   1   1       0.91476613  p_x
   30   1   0   0       0.81076176  s
   30   2   1  -1       0.00000000  p_y
   30   2   1   0       0.00000000  p_z
   30   2   1   1       0.00000000  p_x
   31   1   0   0       0.81076316  s
   31   2   1  -1       0.00000000  p_y
   31   2   1   0       0.00000000  p_z
   31   2   1   1       0.00000000  p_x
   32   1   0   0       1.27481215  s
   32   2   1  -1       1.02525103  p_y
   32   2   1   0       1.02379694  p_z
   32   2   1   1       0.91477621  p_x
   33   1   0   0       1.15690055  s
   33   2   1  -1       0.97511093  p_y
   33   2   1   0       0.97366226  p_z
   33   2   1   1       0.83620964  p_x
   34   1   0   0       1.16695948  s
   34   2   1  -1       0.99714132  p_y
   34   2   1   0       0.99563056  p_z
   34   2   1   1       0.84269671  p_x
   35   1   0   0       1.16072931  s
   35   2   1  -1       1.00029379  p_y
   35   2   1   0       0.99929574  p_z
   35   2   1   1       0.84028341  p_x
   36   1   0   0       1.16215672  s
   36   2   1  -1       0.99902869  p_y
   36   2   1   0       0.99821143  p_z
   36   2   1   1       0.83993453  p_x
   37   1   0   0       1.16049661  s
   37   2   1  -1       1.00118574  p_y
   37   2   1   0       1.00074908  p_z
   37   2   1   1       0.83952128  p_x
   38   1   0   0       1.16138910  s
   38   2   1  -1       0.99949906  p_y
   38   2   1   0       0.99923159  p_z
   38   2   1   1       0.83938807  p_x
   39   1   0   0       1.16065278  s
   39   2   1  -1       1.00098881  p_y
   39   2   1   0       1.00082163  p_z
   39   2   1   1       0.83920805  p_x
   40   1   0   0       1.16120281  s
   40   2   1  -1       0.99975158  p_y
   40   2   1   0       0.99971811  p_z
   40   2   1   1       0.83912856  p_x
   41   1   0   0       1.16087243  s
   41   2   1  -1       1.00076221  p_y
   41   2   1   0       1.00068228  p_z
   41   2   1   1       0.83902551  p_x
   42   1   0   0       1.16110600  s
   42   2   1  -1       0.99995348  p_y
   42   2   1   0       0.99997304  p_z
   42   2   1   1       0.83903299  p_x
   43   1   0   0       1.16094265  s
   43   2   1  -1       1.00053965  p_y
   43   2   1   0       1.00049794  p_z
   43   2   1   1       0.83899019  p_x
   44   1   0   0       1.16110069  s
   44   2   1  -1       1.00014805  p_y
   44   2   1   0       1.00015803  p_z
   44   2   1   1       0.83895306  p_x
   45   1   0   0       1.16110468  s
   45   2   1  -1       1.00034622  p_y
   45   2   1   0       1.00033310  p_z
   45   2   1   1       0.83890222  p_x
   46   1   0   0       1.16110005  s
   46   2   1  -1       1.00034746  p_y
   46   2   1   0       1.00033312  p_z
   46   2   1   1       0.83890868  p_x
   47   1   0   0       1.16107666  s
   47   2   1  -1       1.00014491  p_y
   47   2   1   0       1.00015567  p_z
   47   2   1   1       0.83897109  p_x
   48   1   0   0       1.16093408  s
   48   2   1  -1       1.00053954  p_y
   48   2   1   0       1.00049600  p_z
   48   2   1   1       0.83900021  p_x
   49   1   0   0       1.16110916  s
   49   2   1  -1       0.99995509  p_y
   49   2   1   0       0.99997391  p_z
   49   2   1   1       0.83903669  p_x
   50   1   0   0       1.16085984  s
   50   2   1  -1       1.00075969  p_y
   50   2   1   0       1.00067973  p_z
   50   2   1   1       0.83903497  p_x
   51   1   0   0       1.16120044  s
   51   2   1  -1       0.99975159  p_y
   51   2   1   0       0.99971698  p_z
   51   2   1   1       0.83913099  p_x
   52   1   0   0       1.16066626  s
   52   2   1  -1       1.00099096  p_y
   52   2   1   0       1.00082223  p_z
   52   2   1   1       0.83920631  p_x
   53   1   0   0       1.16137690  s
   53   2   1  -1       0.99949774  p_y
   53   2   1   0       0.99922355  p_z
   53   2   1   1       0.83939735  p_x
   54   1   0   0       1.16049602  s
   54   2   1  -1       1.00118487  p_y
   54   2   1   0       1.00075133  p_z
   54   2   1   1       0.83951878  p_x
   55   1   0   0       1.16217245  s
   55   2   1  -1       0.99903154  p_y
   55   2   1   0       0.99821954  p_z
   55   2   1   1       0.83991742  p_x
   56   1   0   0       1.16073389  s
   56   2   1  -1       1.00029460  p_y
   56   2   1   0       0.99930671  p_z
   56   2   1   1       0.84027345  p_x
   57   1   0   0       1.16693038  s
   57   2   1  -1       0.99713941  p_y
   57   2   1   0       0.99564262  p_z
   57   2   1   1       0.84270246  p_x
   58   1   0   0       1.15687215  s
   58   2   1  -1       0.97510879  p_y
   58   2   1   0       0.97368112  p_z
   58   2   1   1       0.83621228  p_x
   59   1   0   0       1.27481737  s
   59   2   1  -1       1.02525314  p_y
   59   2   1   0       1.02381208  p_z
   59   2   1   1       0.91476613  p_x
   60   1   0   0       0.81076176  s
   60   2   1  -1       0.00000000  p_y
   60   2   1   0       0.00000000  p_z
   60   2   1   1       0.00000000  p_x

Fermi level:                        -0.1752405769 H           -4.7685 eV
Band energy:                       -99.1103334667 H        -2696.9294 eV
TS:                                  0.0000000000 H            0.0000 eV
Band free energy (E-TS):           -99.1103334667 H        -2696.9294 eV
Extrapolated E(0K):                -99.1103334667 H        -2696.9294 eV
Input / Output electrons (q):    228.0000000000    228.0000000000

Energy H0:                         -99.9268560521 H        -2719.1481 eV
Energy SCC:                          0.0085909604 H            0.2338 eV
Energy 3rd:                          0.0000315520 H            0.0009 eV
Total Electronic energy:           -99.9182335397 H        -2718.9135 eV
Repulsive energy:                    4.2860459148 H          116.6292 eV
Dispersion energy:                  -0.0680509886 H           -1.8518 eV
Total energy:                      -95.7002386134 H        -2604.1360 eV
Extrapolated to 0:                 -95.7002386134 H        -2604.1360 eV
Total Mermin free energy:          -95.7002386134 H        -2604.1360 eV
Force related energy:              -95.7002386134 H        -2604.1360 eV

SCC converged

Total Forces
    1      0.007380119700     -0.000007000760      0.000969359077
    2     -0.013278606146      0.000007104618     -0.001396444391
    3      0.012844578407      0.000001998904      0.001451126723
    4     -0.009080653419     -0.000000846903     -0.000689283640
    5      0.007749575815      0.000001639430      0.000847189085
    6     -0.007733131962     -0.000003162717     -0.000263262557
    7      0.007284536186      0.000001472214      0.000664535181
    8     -0.006785378598     -0.000003210415     -0.000006118798
    9      0.006633035667      0.000000974539      0.000465153273
   10     -0.005780681581      0.000001519506      0.000075656900
   11      0.005926779851      0.000000105749      0.000269921451
   12     -0.005834239035      0.000000471408      0.000065881175
   13      0.005887653593     -0.000002055526      0.000154275126
   14     -0.005400083905     -0.000000634447      0.000061431818
   15      0.005700932111     -0.000000691704      0.000080473937
   16     -0.005755097937      0.000004935190      0.000081366721
   17      0.005370287930     -0.000001424205      0.000056089666
   18     -0.005758847583     -0.000001756747      0.000155579679
   19      0.005764768444      0.000000281512      0.000070688336
   20     -0.005956832163     -0.000000194574      0.000282474371
   21      0.005862381616     -0.000000584753      0.000076380613
   22     -0.006620272549     -0.000000517088      0.000459293689
   23      0.006669484435      0.000001900929      0.000007072039
   24     -0.007099406367      0.000001582726      0.000655562814
   25      0.007629842674     -0.000002456707     -0.000254051630
   26     -0.007734782741      0.000000932537      0.000840419271
   27      0.008906405843      0.000002634920     -0.000667939832
   28     -0.012661465734     -0.000003617777      0.001427484110
   29      0.013227286085     -0.000003831999     -0.001392057716
   30     -0.007358188636      0.000004432142      0.000968299497
   31      0.007380119700     -0.000007000760     -0.000969359077
   32     -0.013278606146      0.000007104618      0.001396444391
   33      0.012844578408      0.000001998905     -0.001451126723
   34     -0.009080653420     -0.000000846903      0.000689283639
   35      0.007749575815      0.000001639429     -0.000847189085
   36     -0.007733131962     -0.000003162717      0.000263262557
   37      0.007284536186      0.000001472214     -0.000664535181
   38     -0.006785378598     -0.000003210415      0.000006118798
   39      0.006633035667      0.000000974539     -0.000465153273
   40     -0.005780681581      0.000001519506     -0.000075656900
   41      0.005926779851      0.000000105749     -0.000269921451
   42     -0.005834239035      0.000000471408     -0.000065881175
   43      0.005887653592     -0.000002055526     -0.000154275126
   44     -0.005400083905     -0.000000634447     -0.000061431818
   45      0.005700932111     -0.000000691704     -0.000080473937
   46     -0.005755097937      0.000004935190     -0.000081366721
   47      0.005370287930     -0.000001424205     -0.000056089666
   48     -0.005758847583     -0.000001756747     -0.000155579679
   49      0.005764768444      0.000000281512     -0.000070688336
   50     -0.005956832163     -0.000000194574     -0.000282474371
   51      0.005862381615     -0.000000584753     -0.000076380613
   52     -0.006620272548     -0.000000517089     -0.000459293686
   53      0.006669484435      0.000001900929     -0.000007072042
   54     -0.007099406367      0.000001582726     -0.000655562814
   55      0.007629842674     -0.000002456707      0.000254051630
   56     -0.007734782740      0.000000932537     -0.000840419271
   57      0.008906405842      0.000002634919      0.000667939833
   58     -0.012661465734     -0.000003617779     -0.001427484111
   59      0.013227286085     -0.000003831997      0.001392057716
   60     -0.007358188636      0.000004432142     -0.000968299497

Maximal derivative component:        0.132786E-01 au

Dipole moment:   -0.00002953    0.00006141    0.00000000 au
Dipole moment:   -0.00007507    0.00015608    0.00000000 Debye


